[2.052s] Invoking command in '/home/hanimn/intro_robo_ws/src/Final/build/my_classifier': PYTHONPATH=/home/hanimn/intro_robo_ws/src/Final/build/my_classifier/prefix_override:/usr/lib/python3/dist-packages/colcon_core/task/python/colcon_distutils_commands:/home/hanimn/intro_robo_ws/src/Final/install/my_classifier/lib/python3.10/site-packages:${PYTHONPATH} /usr/bin/python3 -W ignore:setup.py install is deprecated -W ignore:easy_install command is deprecated setup.py develop --editable --build-directory /home/hanimn/intro_robo_ws/src/Final/build/my_classifier/build --no-deps symlink_data --force
[2.567s] running develop
[3.115s] running egg_info
[3.116s] writing my_classifier.egg-info/PKG-INFO
[3.125s] writing dependency_links to my_classifier.egg-info/dependency_links.txt
[3.130s] writing entry points to my_classifier.egg-info/entry_points.txt
[3.135s] writing requirements to my_classifier.egg-info/requires.txt
[3.143s] writing top-level names to my_classifier.egg-info/top_level.txt
[3.158s] reading manifest file 'my_classifier.egg-info/SOURCES.txt'
[3.166s] writing manifest file 'my_classifier.egg-info/SOURCES.txt'
[3.174s] running build_ext
[3.175s] Creating /home/hanimn/intro_robo_ws/src/Final/install/my_classifier/lib/python3.10/site-packages/my-classifier.egg-link (link to .)
[3.188s] Installing live_demo script to /home/hanimn/intro_robo_ws/src/Final/install/my_classifier/lib/my_classifier
[3.194s] Installing record_images script to /home/hanimn/intro_robo_ws/src/Final/install/my_classifier/lib/my_classifier
[3.200s] 
[3.200s] Installed /home/hanimn/intro_robo_ws/src/Final/build/my_classifier
[3.202s] running symlink_data
[3.205s] symbolically linking /home/hanimn/intro_robo_ws/src/Final/build/my_classifier/resource/my_classifier -> /home/hanimn/intro_robo_ws/src/Final/install/my_classifier/share/ament_index/resource_index/packages
[3.209s] symbolically linking /home/hanimn/intro_robo_ws/src/Final/build/my_classifier/package.xml -> /home/hanimn/intro_robo_ws/src/Final/install/my_classifier/share/my_classifier
[3.233s] Invoked command in '/home/hanimn/intro_robo_ws/src/Final/build/my_classifier' returned '0': PYTHONPATH=/home/hanimn/intro_robo_ws/src/Final/build/my_classifier/prefix_override:/usr/lib/python3/dist-packages/colcon_core/task/python/colcon_distutils_commands:/home/hanimn/intro_robo_ws/src/Final/install/my_classifier/lib/python3.10/site-packages:${PYTHONPATH} /usr/bin/python3 -W ignore:setup.py install is deprecated -W ignore:easy_install command is deprecated setup.py develop --editable --build-directory /home/hanimn/intro_robo_ws/src/Final/build/my_classifier/build --no-deps symlink_data --force
