[0.174s] Invoking command in '/home/hanimn/intro_robo_ws/src/Final/build/attackdefend_interfaces': CMAKE_PREFIX_PATH=${CMAKE_PREFIX_PATH}:/home/hanimn/intro_robo_ws/src/Final/install/defendagentattack:/home/hanimn/intro_robo_ws/src/Final/src_defend_agent_attack/install/defendagentattack:/home/hanimn/intro_robo_ws/install/warmup_project:/home/hanimn/intro_robo_ws/install/q_learning_project:/home/hanimn/intro_robo_ws/install/particle_filter_project:/home/hanimn/intro_robo_ws/install/my_classifier:/home/hanimn/intro_robo_ws/install/lab_f_image_classifier:/home/hanimn/intro_robo_ws/install/lab_e_traffic_bot:/home/hanimn/intro_robo_ws/install/lab_b_line_follower:/home/hanimn/intro_robo_ws/install/lab_a_stop_at_wall:/home/hanimn/intro_robo_ws/install/lab_a_spin_circles:/home/hanimn/intro_robo_ws/install/first_ros2_nodes:/home/hanimn/intro_robo_ws/install/defendagentattack:/home/hanimn/intro_robo_ws/src/Final/install/my_classifier:/opt/ros/humble /usr/bin/cmake /home/hanimn/intro_robo_ws/src/Final/src_defend_agent_attack/attackdefend_interfaces -DAMENT_CMAKE_SYMLINK_INSTALL=1 -DCMAKE_INSTALL_PREFIX=/home/hanimn/intro_robo_ws/src/Final/install/attackdefend_interfaces
[0.667s] -- The C compiler identification is GNU 11.4.0
[0.668s] -- The CXX compiler identification is GNU 11.4.0
[0.668s] -- Detecting C compiler ABI info
[0.720s] -- Detecting C compiler ABI info - done
[0.738s] -- Check for working C compiler: /usr/bin/cc - skipped
[0.738s] -- Detecting C compile features
[0.738s] -- Detecting C compile features - done
[0.763s] -- Detecting CXX compiler ABI info
[1.049s] -- Detecting CXX compiler ABI info - done
[1.065s] -- Check for working CXX compiler: /usr/bin/c++ - skipped
[1.065s] -- Detecting CXX compile features
[1.066s] -- Detecting CXX compile features - done
[1.175s] -- Found ament_cmake: 1.3.12 (/opt/ros/humble/share/ament_cmake/cmake)
[1.654s] -- Found Python3: /usr/bin/python3 (found version "3.10.12") found components: Interpreter 
[1.810s] -- Override CMake install command with custom implementation using symlinks instead of copying resources
[3.208s] -- Found ament_lint_auto: 0.12.14 (/opt/ros/humble/share/ament_lint_auto/cmake)
[4.063s] -- Added test 'lint_cmake' to check CMake code style
[4.077s] -- Added test 'xmllint' to check XML markup files
[4.145s] -- Configuring done
[4.290s] -- Generating done
[4.368s] -- Build files have been written to: /home/hanimn/intro_robo_ws/src/Final/build/attackdefend_interfaces
[4.373s] Invoked command in '/home/hanimn/intro_robo_ws/src/Final/build/attackdefend_interfaces' returned '0': CMAKE_PREFIX_PATH=${CMAKE_PREFIX_PATH}:/home/hanimn/intro_robo_ws/src/Final/install/defendagentattack:/home/hanimn/intro_robo_ws/src/Final/src_defend_agent_attack/install/defendagentattack:/home/hanimn/intro_robo_ws/install/warmup_project:/home/hanimn/intro_robo_ws/install/q_learning_project:/home/hanimn/intro_robo_ws/install/particle_filter_project:/home/hanimn/intro_robo_ws/install/my_classifier:/home/hanimn/intro_robo_ws/install/lab_f_image_classifier:/home/hanimn/intro_robo_ws/install/lab_e_traffic_bot:/home/hanimn/intro_robo_ws/install/lab_b_line_follower:/home/hanimn/intro_robo_ws/install/lab_a_stop_at_wall:/home/hanimn/intro_robo_ws/install/lab_a_spin_circles:/home/hanimn/intro_robo_ws/install/first_ros2_nodes:/home/hanimn/intro_robo_ws/install/defendagentattack:/home/hanimn/intro_robo_ws/src/Final/install/my_classifier:/opt/ros/humble /usr/bin/cmake /home/hanimn/intro_robo_ws/src/Final/src_defend_agent_attack/attackdefend_interfaces -DAMENT_CMAKE_SYMLINK_INSTALL=1 -DCMAKE_INSTALL_PREFIX=/home/hanimn/intro_robo_ws/src/Final/install/attackdefend_interfaces
[4.382s] Invoking command in '/home/hanimn/intro_robo_ws/src/Final/build/attackdefend_interfaces': CMAKE_PREFIX_PATH=${CMAKE_PREFIX_PATH}:/home/hanimn/intro_robo_ws/src/Final/install/defendagentattack:/home/hanimn/intro_robo_ws/src/Final/src_defend_agent_attack/install/defendagentattack:/home/hanimn/intro_robo_ws/install/warmup_project:/home/hanimn/intro_robo_ws/install/q_learning_project:/home/hanimn/intro_robo_ws/install/particle_filter_project:/home/hanimn/intro_robo_ws/install/my_classifier:/home/hanimn/intro_robo_ws/install/lab_f_image_classifier:/home/hanimn/intro_robo_ws/install/lab_e_traffic_bot:/home/hanimn/intro_robo_ws/install/lab_b_line_follower:/home/hanimn/intro_robo_ws/install/lab_a_stop_at_wall:/home/hanimn/intro_robo_ws/install/lab_a_spin_circles:/home/hanimn/intro_robo_ws/install/first_ros2_nodes:/home/hanimn/intro_robo_ws/install/defendagentattack:/home/hanimn/intro_robo_ws/src/Final/install/my_classifier:/opt/ros/humble /usr/bin/cmake --build /home/hanimn/intro_robo_ws/src/Final/build/attackdefend_interfaces -- -j4 -l4
[4.438s] Invoked command in '/home/hanimn/intro_robo_ws/src/Final/build/attackdefend_interfaces' returned '0': CMAKE_PREFIX_PATH=${CMAKE_PREFIX_PATH}:/home/hanimn/intro_robo_ws/src/Final/install/defendagentattack:/home/hanimn/intro_robo_ws/src/Final/src_defend_agent_attack/install/defendagentattack:/home/hanimn/intro_robo_ws/install/warmup_project:/home/hanimn/intro_robo_ws/install/q_learning_project:/home/hanimn/intro_robo_ws/install/particle_filter_project:/home/hanimn/intro_robo_ws/install/my_classifier:/home/hanimn/intro_robo_ws/install/lab_f_image_classifier:/home/hanimn/intro_robo_ws/install/lab_e_traffic_bot:/home/hanimn/intro_robo_ws/install/lab_b_line_follower:/home/hanimn/intro_robo_ws/install/lab_a_stop_at_wall:/home/hanimn/intro_robo_ws/install/lab_a_spin_circles:/home/hanimn/intro_robo_ws/install/first_ros2_nodes:/home/hanimn/intro_robo_ws/install/defendagentattack:/home/hanimn/intro_robo_ws/src/Final/install/my_classifier:/opt/ros/humble /usr/bin/cmake --build /home/hanimn/intro_robo_ws/src/Final/build/attackdefend_interfaces -- -j4 -l4
[4.459s] Invoking command in '/home/hanimn/intro_robo_ws/src/Final/build/attackdefend_interfaces': CMAKE_PREFIX_PATH=${CMAKE_PREFIX_PATH}:/home/hanimn/intro_robo_ws/src/Final/install/defendagentattack:/home/hanimn/intro_robo_ws/src/Final/src_defend_agent_attack/install/defendagentattack:/home/hanimn/intro_robo_ws/install/warmup_project:/home/hanimn/intro_robo_ws/install/q_learning_project:/home/hanimn/intro_robo_ws/install/particle_filter_project:/home/hanimn/intro_robo_ws/install/my_classifier:/home/hanimn/intro_robo_ws/install/lab_f_image_classifier:/home/hanimn/intro_robo_ws/install/lab_e_traffic_bot:/home/hanimn/intro_robo_ws/install/lab_b_line_follower:/home/hanimn/intro_robo_ws/install/lab_a_stop_at_wall:/home/hanimn/intro_robo_ws/install/lab_a_spin_circles:/home/hanimn/intro_robo_ws/install/first_ros2_nodes:/home/hanimn/intro_robo_ws/install/defendagentattack:/home/hanimn/intro_robo_ws/src/Final/install/my_classifier:/opt/ros/humble /usr/bin/cmake --install /home/hanimn/intro_robo_ws/src/Final/build/attackdefend_interfaces
[4.467s] -- Install configuration: ""
[4.472s] -- Execute custom install script
[4.485s] -- Symlinking: /home/hanimn/intro_robo_ws/src/Final/install/attackdefend_interfaces/share/ament_index/resource_index/package_run_dependencies/attackdefend_interfaces
[4.503s] -- Symlinking: /home/hanimn/intro_robo_ws/src/Final/install/attackdefend_interfaces/share/ament_index/resource_index/parent_prefix_path/attackdefend_interfaces
[4.527s] -- Symlinking: /home/hanimn/intro_robo_ws/src/Final/install/attackdefend_interfaces/share/attackdefend_interfaces/environment/ament_prefix_path.sh
[4.542s] -- Symlinking: /home/hanimn/intro_robo_ws/src/Final/install/attackdefend_interfaces/share/attackdefend_interfaces/environment/ament_prefix_path.dsv
[4.555s] -- Symlinking: /home/hanimn/intro_robo_ws/src/Final/install/attackdefend_interfaces/share/attackdefend_interfaces/environment/path.sh
[4.569s] -- Symlinking: /home/hanimn/intro_robo_ws/src/Final/install/attackdefend_interfaces/share/attackdefend_interfaces/environment/path.dsv
[4.583s] -- Symlinking: /home/hanimn/intro_robo_ws/src/Final/install/attackdefend_interfaces/share/attackdefend_interfaces/local_setup.bash
[4.596s] -- Symlinking: /home/hanimn/intro_robo_ws/src/Final/install/attackdefend_interfaces/share/attackdefend_interfaces/local_setup.sh
[4.611s] -- Symlinking: /home/hanimn/intro_robo_ws/src/Final/install/attackdefend_interfaces/share/attackdefend_interfaces/local_setup.zsh
[4.625s] -- Symlinking: /home/hanimn/intro_robo_ws/src/Final/install/attackdefend_interfaces/share/attackdefend_interfaces/local_setup.dsv
[4.640s] -- Symlinking: /home/hanimn/intro_robo_ws/src/Final/install/attackdefend_interfaces/share/attackdefend_interfaces/package.dsv
[4.662s] -- Symlinking: /home/hanimn/intro_robo_ws/src/Final/install/attackdefend_interfaces/share/ament_index/resource_index/packages/attackdefend_interfaces
[4.679s] -- Symlinking: /home/hanimn/intro_robo_ws/src/Final/install/attackdefend_interfaces/share/attackdefend_interfaces/cmake/attackdefend_interfacesConfig.cmake
[4.693s] -- Symlinking: /home/hanimn/intro_robo_ws/src/Final/install/attackdefend_interfaces/share/attackdefend_interfaces/cmake/attackdefend_interfacesConfig-version.cmake
[4.707s] -- Symlinking: /home/hanimn/intro_robo_ws/src/Final/install/attackdefend_interfaces/share/attackdefend_interfaces/package.xml
[4.724s] Invoked command in '/home/hanimn/intro_robo_ws/src/Final/build/attackdefend_interfaces' returned '0': CMAKE_PREFIX_PATH=${CMAKE_PREFIX_PATH}:/home/hanimn/intro_robo_ws/src/Final/install/defendagentattack:/home/hanimn/intro_robo_ws/src/Final/src_defend_agent_attack/install/defendagentattack:/home/hanimn/intro_robo_ws/install/warmup_project:/home/hanimn/intro_robo_ws/install/q_learning_project:/home/hanimn/intro_robo_ws/install/particle_filter_project:/home/hanimn/intro_robo_ws/install/my_classifier:/home/hanimn/intro_robo_ws/install/lab_f_image_classifier:/home/hanimn/intro_robo_ws/install/lab_e_traffic_bot:/home/hanimn/intro_robo_ws/install/lab_b_line_follower:/home/hanimn/intro_robo_ws/install/lab_a_stop_at_wall:/home/hanimn/intro_robo_ws/install/lab_a_spin_circles:/home/hanimn/intro_robo_ws/install/first_ros2_nodes:/home/hanimn/intro_robo_ws/install/defendagentattack:/home/hanimn/intro_robo_ws/src/Final/install/my_classifier:/opt/ros/humble /usr/bin/cmake --install /home/hanimn/intro_robo_ws/src/Final/build/attackdefend_interfaces
