[0.166s] DEBUG:colcon:Command line arguments: ['/usr/bin/colcon', 'build']
[0.166s] DEBUG:colcon:Parsed command line arguments: Namespace(log_base=None, log_level=None, verb_name='build', build_base='build', install_base='install', merge_install=False, symlink_install=False, test_result_base=None, continue_on_error=False, executor='parallel', parallel_workers=4, event_handlers=None, ignore_user_meta=False, metas=['./colcon.meta'], base_paths=['.'], packages_ignore=None, packages_ignore_regex=None, paths=None, packages_up_to=None, packages_up_to_regex=None, packages_above=None, packages_above_and_dependencies=None, packages_above_depth=None, packages_select_by_dep=None, packages_skip_by_dep=None, packages_skip_up_to=None, packages_select_build_failed=False, packages_skip_build_finished=False, packages_select_test_failures=False, packages_skip_test_passed=False, packages_select=None, packages_skip=None, packages_select_regex=None, packages_skip_regex=None, packages_start=None, packages_end=None, allow_overriding=[], cmake_args=None, cmake_target=None, cmake_target_skip_unavailable=False, cmake_clean_cache=False, cmake_clean_first=False, cmake_force_configure=False, ament_cmake_args=None, catkin_cmake_args=None, catkin_skip_building_tests=False, verb_parser=<colcon_defaults.argument_parser.defaults.DefaultArgumentsDecorator object at 0x72a4b036fb80>, verb_extension=<colcon_core.verb.build.BuildVerb object at 0x72a4b04a1690>, main=<bound method BuildVerb.main of <colcon_core.verb.build.BuildVerb object at 0x72a4b04a1690>>)
[0.518s] Level 1:colcon.colcon_core.package_discovery:discover_packages(colcon_meta) check parameters
[0.518s] Level 1:colcon.colcon_core.package_discovery:discover_packages(recursive) check parameters
[0.519s] Level 1:colcon.colcon_core.package_discovery:discover_packages(ignore) check parameters
[0.519s] Level 1:colcon.colcon_core.package_discovery:discover_packages(path) check parameters
[0.519s] Level 1:colcon.colcon_core.package_discovery:discover_packages(colcon_meta) discover
[0.519s] Level 1:colcon.colcon_core.package_discovery:discover_packages(recursive) discover
[0.519s] INFO:colcon.colcon_core.package_discovery:Crawling recursively for packages in '/home/hanimn/intro_robo_ws/src/Final'
[0.521s] Level 1:colcon.colcon_core.package_identification:_identify(.) by extensions ['ignore', 'ignore_ament_install']
[0.521s] Level 1:colcon.colcon_core.package_identification:_identify(.) by extension 'ignore'
[0.521s] Level 1:colcon.colcon_core.package_identification:_identify(.) by extension 'ignore_ament_install'
[0.521s] Level 1:colcon.colcon_core.package_identification:_identify(.) by extensions ['colcon_pkg']
[0.521s] Level 1:colcon.colcon_core.package_identification:_identify(.) by extension 'colcon_pkg'
[0.521s] Level 1:colcon.colcon_core.package_identification:_identify(.) by extensions ['colcon_meta']
[0.521s] Level 1:colcon.colcon_core.package_identification:_identify(.) by extension 'colcon_meta'
[0.521s] Level 1:colcon.colcon_core.package_identification:_identify(.) by extensions ['ros']
[0.521s] Level 1:colcon.colcon_core.package_identification:_identify(.) by extension 'ros'
[0.537s] Level 1:colcon.colcon_core.package_identification:_identify(.) by extensions ['cmake', 'python']
[0.537s] Level 1:colcon.colcon_core.package_identification:_identify(.) by extension 'cmake'
[0.537s] Level 1:colcon.colcon_core.package_identification:_identify(.) by extension 'python'
[0.537s] Level 1:colcon.colcon_core.package_identification:_identify(.) by extensions ['python_setup_py']
[0.537s] Level 1:colcon.colcon_core.package_identification:_identify(.) by extension 'python_setup_py'
[0.538s] Level 1:colcon.colcon_core.package_identification:_identify(NN) by extensions ['ignore', 'ignore_ament_install']
[0.538s] Level 1:colcon.colcon_core.package_identification:_identify(NN) by extension 'ignore'
[0.538s] Level 1:colcon.colcon_core.package_identification:_identify(NN) by extension 'ignore_ament_install'
[0.538s] Level 1:colcon.colcon_core.package_identification:_identify(NN) by extensions ['colcon_pkg']
[0.538s] Level 1:colcon.colcon_core.package_identification:_identify(NN) by extension 'colcon_pkg'
[0.538s] Level 1:colcon.colcon_core.package_identification:_identify(NN) by extensions ['colcon_meta']
[0.538s] Level 1:colcon.colcon_core.package_identification:_identify(NN) by extension 'colcon_meta'
[0.538s] Level 1:colcon.colcon_core.package_identification:_identify(NN) by extensions ['ros']
[0.538s] Level 1:colcon.colcon_core.package_identification:_identify(NN) by extension 'ros'
[0.538s] Level 1:colcon.colcon_core.package_identification:_identify(NN) by extensions ['cmake', 'python']
[0.538s] Level 1:colcon.colcon_core.package_identification:_identify(NN) by extension 'cmake'
[0.538s] Level 1:colcon.colcon_core.package_identification:_identify(NN) by extension 'python'
[0.538s] Level 1:colcon.colcon_core.package_identification:_identify(NN) by extensions ['python_setup_py']
[0.538s] Level 1:colcon.colcon_core.package_identification:_identify(NN) by extension 'python_setup_py'
[0.539s] Level 1:colcon.colcon_core.package_identification:_identify(NN/Attacker) by extensions ['ignore', 'ignore_ament_install']
[0.539s] Level 1:colcon.colcon_core.package_identification:_identify(NN/Attacker) by extension 'ignore'
[0.539s] Level 1:colcon.colcon_core.package_identification:_identify(NN/Attacker) by extension 'ignore_ament_install'
[0.539s] Level 1:colcon.colcon_core.package_identification:_identify(NN/Attacker) by extensions ['colcon_pkg']
[0.539s] Level 1:colcon.colcon_core.package_identification:_identify(NN/Attacker) by extension 'colcon_pkg'
[0.539s] Level 1:colcon.colcon_core.package_identification:_identify(NN/Attacker) by extensions ['colcon_meta']
[0.539s] Level 1:colcon.colcon_core.package_identification:_identify(NN/Attacker) by extension 'colcon_meta'
[0.539s] Level 1:colcon.colcon_core.package_identification:_identify(NN/Attacker) by extensions ['ros']
[0.539s] Level 1:colcon.colcon_core.package_identification:_identify(NN/Attacker) by extension 'ros'
[0.539s] Level 1:colcon.colcon_core.package_identification:_identify(NN/Attacker) by extensions ['cmake', 'python']
[0.539s] Level 1:colcon.colcon_core.package_identification:_identify(NN/Attacker) by extension 'cmake'
[0.539s] Level 1:colcon.colcon_core.package_identification:_identify(NN/Attacker) by extension 'python'
[0.539s] Level 1:colcon.colcon_core.package_identification:_identify(NN/Attacker) by extensions ['python_setup_py']
[0.539s] Level 1:colcon.colcon_core.package_identification:_identify(NN/Attacker) by extension 'python_setup_py'
[0.540s] Level 1:colcon.colcon_core.package_identification:_identify(NN/Attacker/data) by extensions ['ignore', 'ignore_ament_install']
[0.540s] Level 1:colcon.colcon_core.package_identification:_identify(NN/Attacker/data) by extension 'ignore'
[0.540s] Level 1:colcon.colcon_core.package_identification:_identify(NN/Attacker/data) by extension 'ignore_ament_install'
[0.540s] Level 1:colcon.colcon_core.package_identification:_identify(NN/Attacker/data) by extensions ['colcon_pkg']
[0.540s] Level 1:colcon.colcon_core.package_identification:_identify(NN/Attacker/data) by extension 'colcon_pkg'
[0.540s] Level 1:colcon.colcon_core.package_identification:_identify(NN/Attacker/data) by extensions ['colcon_meta']
[0.540s] Level 1:colcon.colcon_core.package_identification:_identify(NN/Attacker/data) by extension 'colcon_meta'
[0.540s] Level 1:colcon.colcon_core.package_identification:_identify(NN/Attacker/data) by extensions ['ros']
[0.540s] Level 1:colcon.colcon_core.package_identification:_identify(NN/Attacker/data) by extension 'ros'
[0.540s] Level 1:colcon.colcon_core.package_identification:_identify(NN/Attacker/data) by extensions ['cmake', 'python']
[0.540s] Level 1:colcon.colcon_core.package_identification:_identify(NN/Attacker/data) by extension 'cmake'
[0.541s] Level 1:colcon.colcon_core.package_identification:_identify(NN/Attacker/data) by extension 'python'
[0.541s] Level 1:colcon.colcon_core.package_identification:_identify(NN/Attacker/data) by extensions ['python_setup_py']
[0.541s] Level 1:colcon.colcon_core.package_identification:_identify(NN/Attacker/data) by extension 'python_setup_py'
[0.541s] Level 1:colcon.colcon_core.package_identification:_identify(NN/Attacker/data/left) by extensions ['ignore', 'ignore_ament_install']
[0.541s] Level 1:colcon.colcon_core.package_identification:_identify(NN/Attacker/data/left) by extension 'ignore'
[0.541s] Level 1:colcon.colcon_core.package_identification:_identify(NN/Attacker/data/left) by extension 'ignore_ament_install'
[0.541s] Level 1:colcon.colcon_core.package_identification:_identify(NN/Attacker/data/left) by extensions ['colcon_pkg']
[0.541s] Level 1:colcon.colcon_core.package_identification:_identify(NN/Attacker/data/left) by extension 'colcon_pkg'
[0.541s] Level 1:colcon.colcon_core.package_identification:_identify(NN/Attacker/data/left) by extensions ['colcon_meta']
[0.541s] Level 1:colcon.colcon_core.package_identification:_identify(NN/Attacker/data/left) by extension 'colcon_meta'
[0.541s] Level 1:colcon.colcon_core.package_identification:_identify(NN/Attacker/data/left) by extensions ['ros']
[0.541s] Level 1:colcon.colcon_core.package_identification:_identify(NN/Attacker/data/left) by extension 'ros'
[0.542s] Level 1:colcon.colcon_core.package_identification:_identify(NN/Attacker/data/left) by extensions ['cmake', 'python']
[0.542s] Level 1:colcon.colcon_core.package_identification:_identify(NN/Attacker/data/left) by extension 'cmake'
[0.542s] Level 1:colcon.colcon_core.package_identification:_identify(NN/Attacker/data/left) by extension 'python'
[0.542s] Level 1:colcon.colcon_core.package_identification:_identify(NN/Attacker/data/left) by extensions ['python_setup_py']
[0.542s] Level 1:colcon.colcon_core.package_identification:_identify(NN/Attacker/data/left) by extension 'python_setup_py'
[0.542s] Level 1:colcon.colcon_core.package_identification:_identify(NN/Attacker/data/right) by extensions ['ignore', 'ignore_ament_install']
[0.542s] Level 1:colcon.colcon_core.package_identification:_identify(NN/Attacker/data/right) by extension 'ignore'
[0.542s] Level 1:colcon.colcon_core.package_identification:_identify(NN/Attacker/data/right) by extension 'ignore_ament_install'
[0.542s] Level 1:colcon.colcon_core.package_identification:_identify(NN/Attacker/data/right) by extensions ['colcon_pkg']
[0.542s] Level 1:colcon.colcon_core.package_identification:_identify(NN/Attacker/data/right) by extension 'colcon_pkg'
[0.542s] Level 1:colcon.colcon_core.package_identification:_identify(NN/Attacker/data/right) by extensions ['colcon_meta']
[0.542s] Level 1:colcon.colcon_core.package_identification:_identify(NN/Attacker/data/right) by extension 'colcon_meta'
[0.542s] Level 1:colcon.colcon_core.package_identification:_identify(NN/Attacker/data/right) by extensions ['ros']
[0.543s] Level 1:colcon.colcon_core.package_identification:_identify(NN/Attacker/data/right) by extension 'ros'
[0.543s] Level 1:colcon.colcon_core.package_identification:_identify(NN/Attacker/data/right) by extensions ['cmake', 'python']
[0.543s] Level 1:colcon.colcon_core.package_identification:_identify(NN/Attacker/data/right) by extension 'cmake'
[0.543s] Level 1:colcon.colcon_core.package_identification:_identify(NN/Attacker/data/right) by extension 'python'
[0.543s] Level 1:colcon.colcon_core.package_identification:_identify(NN/Attacker/data/right) by extensions ['python_setup_py']
[0.543s] Level 1:colcon.colcon_core.package_identification:_identify(NN/Attacker/data/right) by extension 'python_setup_py'
[0.543s] Level 1:colcon.colcon_core.package_identification:_identify(NN/Defender) by extensions ['ignore', 'ignore_ament_install']
[0.543s] Level 1:colcon.colcon_core.package_identification:_identify(NN/Defender) by extension 'ignore'
[0.543s] Level 1:colcon.colcon_core.package_identification:_identify(NN/Defender) by extension 'ignore_ament_install'
[0.543s] Level 1:colcon.colcon_core.package_identification:_identify(NN/Defender) by extensions ['colcon_pkg']
[0.544s] Level 1:colcon.colcon_core.package_identification:_identify(NN/Defender) by extension 'colcon_pkg'
[0.544s] Level 1:colcon.colcon_core.package_identification:_identify(NN/Defender) by extensions ['colcon_meta']
[0.544s] Level 1:colcon.colcon_core.package_identification:_identify(NN/Defender) by extension 'colcon_meta'
[0.544s] Level 1:colcon.colcon_core.package_identification:_identify(NN/Defender) by extensions ['ros']
[0.544s] Level 1:colcon.colcon_core.package_identification:_identify(NN/Defender) by extension 'ros'
[0.544s] Level 1:colcon.colcon_core.package_identification:_identify(NN/Defender) by extensions ['cmake', 'python']
[0.544s] Level 1:colcon.colcon_core.package_identification:_identify(NN/Defender) by extension 'cmake'
[0.544s] Level 1:colcon.colcon_core.package_identification:_identify(NN/Defender) by extension 'python'
[0.544s] Level 1:colcon.colcon_core.package_identification:_identify(NN/Defender) by extensions ['python_setup_py']
[0.544s] Level 1:colcon.colcon_core.package_identification:_identify(NN/Defender) by extension 'python_setup_py'
[0.544s] Level 1:colcon.colcon_core.package_identification:_identify(build) by extensions ['ignore', 'ignore_ament_install']
[0.545s] Level 1:colcon.colcon_core.package_identification:_identify(build) by extension 'ignore'
[0.545s] Level 1:colcon.colcon_core.package_identification:_identify(build) ignored
[0.545s] Level 1:colcon.colcon_core.package_identification:_identify(install) by extensions ['ignore', 'ignore_ament_install']
[0.546s] Level 1:colcon.colcon_core.package_identification:_identify(install) by extension 'ignore'
[0.546s] Level 1:colcon.colcon_core.package_identification:_identify(install) ignored
[0.546s] Level 1:colcon.colcon_core.package_identification:_identify(log) by extensions ['ignore', 'ignore_ament_install']
[0.547s] Level 1:colcon.colcon_core.package_identification:_identify(log) by extension 'ignore'
[0.547s] Level 1:colcon.colcon_core.package_identification:_identify(log) ignored
[0.547s] Level 1:colcon.colcon_core.package_identification:_identify(my_classifier) by extensions ['ignore', 'ignore_ament_install']
[0.547s] Level 1:colcon.colcon_core.package_identification:_identify(my_classifier) by extension 'ignore'
[0.547s] Level 1:colcon.colcon_core.package_identification:_identify(my_classifier) by extension 'ignore_ament_install'
[0.547s] Level 1:colcon.colcon_core.package_identification:_identify(my_classifier) by extensions ['colcon_pkg']
[0.547s] Level 1:colcon.colcon_core.package_identification:_identify(my_classifier) by extension 'colcon_pkg'
[0.547s] Level 1:colcon.colcon_core.package_identification:_identify(my_classifier) by extensions ['colcon_meta']
[0.547s] Level 1:colcon.colcon_core.package_identification:_identify(my_classifier) by extension 'colcon_meta'
[0.547s] Level 1:colcon.colcon_core.package_identification:_identify(my_classifier) by extensions ['ros']
[0.547s] Level 1:colcon.colcon_core.package_identification:_identify(my_classifier) by extension 'ros'
[0.551s] DEBUG:colcon.colcon_core.package_identification:Package 'my_classifier' with type 'ros.ament_python' and name 'my_classifier'
[0.551s] Level 1:colcon.colcon_core.package_discovery:discover_packages(recursive) using defaults
[0.551s] Level 1:colcon.colcon_core.package_discovery:discover_packages(ignore) discover
[0.552s] Level 1:colcon.colcon_core.package_discovery:discover_packages(ignore) using defaults
[0.552s] Level 1:colcon.colcon_core.package_discovery:discover_packages(path) discover
[0.552s] Level 1:colcon.colcon_core.package_discovery:discover_packages(path) using defaults
[0.575s] Level 1:colcon.colcon_core.package_discovery:discover_packages(prefix_path) check parameters
[0.575s] Level 1:colcon.colcon_core.package_discovery:discover_packages(prefix_path) discover
[0.597s] WARNING:colcon.colcon_ros.prefix_path.ament:The path '/home/hanimn/intro_robo_ws/install/DefendAgentAttack' in the environment variable AMENT_PREFIX_PATH doesn't exist
[0.605s] DEBUG:colcon.colcon_installed_package_information.package_discovery:Found 21 installed packages in /home/hanimn/intro_robo_ws/src/install
[0.607s] DEBUG:colcon.colcon_installed_package_information.package_discovery:Found 21 installed packages in /home/hanimn/intro_robo_ws/install
[0.610s] DEBUG:colcon.colcon_installed_package_information.package_discovery:Found 452 installed packages in /opt/ros/humble
[0.613s] Level 1:colcon.colcon_core.package_discovery:discover_packages(prefix_path) using defaults
[0.705s] Level 5:colcon.colcon_core.verb:set package 'my_classifier' build argument 'cmake_args' from command line to 'None'
[0.705s] Level 5:colcon.colcon_core.verb:set package 'my_classifier' build argument 'cmake_target' from command line to 'None'
[0.705s] Level 5:colcon.colcon_core.verb:set package 'my_classifier' build argument 'cmake_target_skip_unavailable' from command line to 'False'
[0.705s] Level 5:colcon.colcon_core.verb:set package 'my_classifier' build argument 'cmake_clean_cache' from command line to 'False'
[0.705s] Level 5:colcon.colcon_core.verb:set package 'my_classifier' build argument 'cmake_clean_first' from command line to 'False'
[0.705s] Level 5:colcon.colcon_core.verb:set package 'my_classifier' build argument 'cmake_force_configure' from command line to 'False'
[0.705s] Level 5:colcon.colcon_core.verb:set package 'my_classifier' build argument 'ament_cmake_args' from command line to 'None'
[0.705s] Level 5:colcon.colcon_core.verb:set package 'my_classifier' build argument 'catkin_cmake_args' from command line to 'None'
[0.705s] Level 5:colcon.colcon_core.verb:set package 'my_classifier' build argument 'catkin_skip_building_tests' from command line to 'False'
[0.705s] DEBUG:colcon.colcon_core.verb:Building package 'my_classifier' with the following arguments: {'ament_cmake_args': None, 'build_base': '/home/hanimn/intro_robo_ws/src/Final/build/my_classifier', 'catkin_cmake_args': None, 'catkin_skip_building_tests': False, 'cmake_args': None, 'cmake_clean_cache': False, 'cmake_clean_first': False, 'cmake_force_configure': False, 'cmake_target': None, 'cmake_target_skip_unavailable': False, 'install_base': '/home/hanimn/intro_robo_ws/src/Final/install/my_classifier', 'merge_install': False, 'path': '/home/hanimn/intro_robo_ws/src/Final/my_classifier', 'symlink_install': False, 'test_result_base': None}
[0.706s] INFO:colcon.colcon_core.executor:Executing jobs using 'parallel' executor
[0.707s] DEBUG:colcon.colcon_parallel_executor.executor.parallel:run_until_complete
[0.707s] INFO:colcon.colcon_ros.task.ament_python.build:Building ROS package in '/home/hanimn/intro_robo_ws/src/Final/my_classifier' with build type 'ament_python'
[0.707s] Level 1:colcon.colcon_core.shell:create_environment_hook('my_classifier', 'ament_prefix_path')
[0.711s] INFO:colcon.colcon_core.plugin_system:Skipping extension 'colcon_core.shell.bat': Not used on non-Windows systems
[0.711s] INFO:colcon.colcon_core.shell:Creating environment hook '/home/hanimn/intro_robo_ws/src/Final/install/my_classifier/share/my_classifier/hook/ament_prefix_path.ps1'
[0.724s] INFO:colcon.colcon_core.shell:Creating environment descriptor '/home/hanimn/intro_robo_ws/src/Final/install/my_classifier/share/my_classifier/hook/ament_prefix_path.dsv'
[0.729s] INFO:colcon.colcon_core.shell:Creating environment hook '/home/hanimn/intro_robo_ws/src/Final/install/my_classifier/share/my_classifier/hook/ament_prefix_path.sh'
[0.734s] INFO:colcon.colcon_core.shell:Skip shell extension 'powershell' for command environment: Not usable outside of PowerShell
[0.734s] DEBUG:colcon.colcon_core.shell:Skip shell extension 'dsv' for command environment
[1.251s] INFO:colcon.colcon_core.task.python.build:Building Python package in '/home/hanimn/intro_robo_ws/src/Final/my_classifier'
[1.251s] INFO:colcon.colcon_core.shell:Skip shell extension 'powershell' for command environment: Not usable outside of PowerShell
[1.251s] DEBUG:colcon.colcon_core.shell:Skip shell extension 'dsv' for command environment
[1.913s] DEBUG:colcon.colcon_core.event_handler.log_command:Invoking command in '/home/hanimn/intro_robo_ws/src/Final/my_classifier': PYTHONPATH=/home/hanimn/intro_robo_ws/src/Final/build/my_classifier/prefix_override:/usr/lib/python3/dist-packages/colcon_core/task/python/colcon_distutils_commands:/home/hanimn/intro_robo_ws/src/Final/install/my_classifier/lib/python3.10/site-packages:${PYTHONPATH} /usr/bin/python3 -W ignore:setup.py install is deprecated -W ignore:easy_install command is deprecated setup.py egg_info --egg-base ../build/my_classifier build --build-base /home/hanimn/intro_robo_ws/src/Final/build/my_classifier/build install --record /home/hanimn/intro_robo_ws/src/Final/build/my_classifier/install.log --single-version-externally-managed install_data
[2.609s] DEBUG:colcon.colcon_core.event_handler.log_command:Invoked command in '/home/hanimn/intro_robo_ws/src/Final/my_classifier' returned '0': PYTHONPATH=/home/hanimn/intro_robo_ws/src/Final/build/my_classifier/prefix_override:/usr/lib/python3/dist-packages/colcon_core/task/python/colcon_distutils_commands:/home/hanimn/intro_robo_ws/src/Final/install/my_classifier/lib/python3.10/site-packages:${PYTHONPATH} /usr/bin/python3 -W ignore:setup.py install is deprecated -W ignore:easy_install command is deprecated setup.py egg_info --egg-base ../build/my_classifier build --build-base /home/hanimn/intro_robo_ws/src/Final/build/my_classifier/build install --record /home/hanimn/intro_robo_ws/src/Final/build/my_classifier/install.log --single-version-externally-managed install_data
[2.617s] Level 1:colcon.colcon_core.environment:checking '/home/hanimn/intro_robo_ws/src/Final/install/my_classifier' for CMake module files
[2.623s] Level 1:colcon.colcon_core.environment:checking '/home/hanimn/intro_robo_ws/src/Final/install/my_classifier' for CMake config files
[2.635s] Level 1:colcon.colcon_core.environment:checking '/home/hanimn/intro_robo_ws/src/Final/install/my_classifier/lib'
[2.636s] Level 1:colcon.colcon_core.environment:checking '/home/hanimn/intro_robo_ws/src/Final/install/my_classifier/bin'
[2.636s] Level 1:colcon.colcon_core.environment:checking '/home/hanimn/intro_robo_ws/src/Final/install/my_classifier/lib/pkgconfig/my_classifier.pc'
[2.637s] Level 1:colcon.colcon_core.environment:checking '/home/hanimn/intro_robo_ws/src/Final/install/my_classifier/lib/python3.10/site-packages'
[2.637s] Level 1:colcon.colcon_core.shell:create_environment_hook('my_classifier', 'pythonpath')
[2.637s] INFO:colcon.colcon_core.shell:Creating environment hook '/home/hanimn/intro_robo_ws/src/Final/install/my_classifier/share/my_classifier/hook/pythonpath.ps1'
[2.642s] INFO:colcon.colcon_core.shell:Creating environment descriptor '/home/hanimn/intro_robo_ws/src/Final/install/my_classifier/share/my_classifier/hook/pythonpath.dsv'
[2.648s] INFO:colcon.colcon_core.shell:Creating environment hook '/home/hanimn/intro_robo_ws/src/Final/install/my_classifier/share/my_classifier/hook/pythonpath.sh'
[2.654s] Level 1:colcon.colcon_core.environment:checking '/home/hanimn/intro_robo_ws/src/Final/install/my_classifier/bin'
[2.654s] Level 1:colcon.colcon_core.environment:create_environment_scripts_only(my_classifier)
[2.654s] INFO:colcon.colcon_core.shell:Creating package script '/home/hanimn/intro_robo_ws/src/Final/install/my_classifier/share/my_classifier/package.ps1'
[2.659s] INFO:colcon.colcon_core.shell:Creating package descriptor '/home/hanimn/intro_robo_ws/src/Final/install/my_classifier/share/my_classifier/package.dsv'
[2.663s] INFO:colcon.colcon_core.shell:Creating package script '/home/hanimn/intro_robo_ws/src/Final/install/my_classifier/share/my_classifier/package.sh'
[2.668s] INFO:colcon.colcon_core.shell:Creating package script '/home/hanimn/intro_robo_ws/src/Final/install/my_classifier/share/my_classifier/package.bash'
[2.673s] INFO:colcon.colcon_core.shell:Creating package script '/home/hanimn/intro_robo_ws/src/Final/install/my_classifier/share/my_classifier/package.zsh'
[2.677s] Level 1:colcon.colcon_core.environment:create_file_with_runtime_dependencies(/home/hanimn/intro_robo_ws/src/Final/install/my_classifier/share/colcon-core/packages/my_classifier)
[2.685s] DEBUG:colcon.colcon_parallel_executor.executor.parallel:closing loop
[2.685s] DEBUG:colcon.colcon_parallel_executor.executor.parallel:loop closed
[2.685s] DEBUG:colcon.colcon_parallel_executor.executor.parallel:run_until_complete finished with '0'
[2.685s] DEBUG:colcon.colcon_core.event_reactor:joining thread
[2.717s] INFO:colcon.colcon_core.plugin_system:Skipping extension 'colcon_notification.desktop_notification.terminal_notifier': Not used on non-Darwin systems
[2.717s] INFO:colcon.colcon_core.plugin_system:Skipping extension 'colcon_notification.desktop_notification.win32': Not used on non-Windows systems
[2.717s] INFO:colcon.colcon_notification.desktop_notification:Sending desktop notification using 'notify2'
[2.726s] DEBUG:colcon.colcon_core.event_reactor:joined thread
[2.727s] INFO:colcon.colcon_core.shell:Creating prefix script '/home/hanimn/intro_robo_ws/src/Final/install/local_setup.ps1'
[2.731s] INFO:colcon.colcon_core.shell:Creating prefix util module '/home/hanimn/intro_robo_ws/src/Final/install/_local_setup_util_ps1.py'
[2.750s] INFO:colcon.colcon_core.shell:Creating prefix chain script '/home/hanimn/intro_robo_ws/src/Final/install/setup.ps1'
[2.775s] INFO:colcon.colcon_core.shell:Creating prefix script '/home/hanimn/intro_robo_ws/src/Final/install/local_setup.sh'
[2.784s] INFO:colcon.colcon_core.shell:Creating prefix util module '/home/hanimn/intro_robo_ws/src/Final/install/_local_setup_util_sh.py'
[2.797s] INFO:colcon.colcon_core.shell:Creating prefix chain script '/home/hanimn/intro_robo_ws/src/Final/install/setup.sh'
[2.826s] INFO:colcon.colcon_core.shell:Creating prefix script '/home/hanimn/intro_robo_ws/src/Final/install/local_setup.bash'
[2.831s] INFO:colcon.colcon_core.shell:Creating prefix chain script '/home/hanimn/intro_robo_ws/src/Final/install/setup.bash'
[2.854s] INFO:colcon.colcon_core.shell:Creating prefix script '/home/hanimn/intro_robo_ws/src/Final/install/local_setup.zsh'
[2.859s] INFO:colcon.colcon_core.shell:Creating prefix chain script '/home/hanimn/intro_robo_ws/src/Final/install/setup.zsh'
