[0.976s] Invoking command in '/home/clarkd26/intro_robo_ws/src/Final/my_classifier': PYTHONPATH=/home/clarkd26/intro_robo_ws/src/Final/build/my_classifier/prefix_override:/usr/lib/python3/dist-packages/colcon_core/task/python/colcon_distutils_commands:/home/clarkd26/intro_robo_ws/src/Final/install/my_classifier/lib/python3.10/site-packages:${PYTHONPATH} /usr/bin/python3 -W ignore:setup.py install is deprecated -W ignore:easy_install command is deprecated setup.py egg_info --egg-base ../build/my_classifier build --build-base /home/clarkd26/intro_robo_ws/src/Final/build/my_classifier/build install --record /home/clarkd26/intro_robo_ws/src/Final/build/my_classifier/install.log --single-version-externally-managed install_data
[1.262s] running egg_info
[1.263s] writing ../build/my_classifier/my_classifier.egg-info/PKG-INFO
[1.272s] writing dependency_links to ../build/my_classifier/my_classifier.egg-info/dependency_links.txt
[1.279s] writing entry points to ../build/my_classifier/my_classifier.egg-info/entry_points.txt
[1.286s] writing requirements to ../build/my_classifier/my_classifier.egg-info/requires.txt
[1.294s] writing top-level names to ../build/my_classifier/my_classifier.egg-info/top_level.txt
[1.305s] reading manifest file '../build/my_classifier/my_classifier.egg-info/SOURCES.txt'
[1.310s] writing manifest file '../build/my_classifier/my_classifier.egg-info/SOURCES.txt'
[1.315s] running build
[1.315s] running build_py
[1.318s] copying my_classifier/live_demo.py -> /home/clarkd26/intro_robo_ws/src/Final/build/my_classifier/build/lib/my_classifier
[1.328s] running install
[1.329s] running install_lib
[1.332s] copying /home/clarkd26/intro_robo_ws/src/Final/build/my_classifier/build/lib/my_classifier/live_demo.py -> /home/clarkd26/intro_robo_ws/src/Final/install/my_classifier/lib/python3.10/site-packages/my_classifier
[1.352s] byte-compiling /home/clarkd26/intro_robo_ws/src/Final/install/my_classifier/lib/python3.10/site-packages/my_classifier/live_demo.py to live_demo.cpython-310.pyc
[1.366s] running install_data
[1.368s] running install_egg_info
[1.369s] removing '/home/clarkd26/intro_robo_ws/src/Final/install/my_classifier/lib/python3.10/site-packages/my_classifier-0.0.0-py3.10.egg-info' (and everything under it)
[1.383s] Copying ../build/my_classifier/my_classifier.egg-info to /home/clarkd26/intro_robo_ws/src/Final/install/my_classifier/lib/python3.10/site-packages/my_classifier-0.0.0-py3.10.egg-info
[1.464s] running install_scripts
[1.483s] Installing live_demo script to /home/clarkd26/intro_robo_ws/src/Final/install/my_classifier/lib/my_classifier
[1.490s] writing list of installed files to '/home/clarkd26/intro_robo_ws/src/Final/build/my_classifier/install.log'
[1.513s] Invoked command in '/home/clarkd26/intro_robo_ws/src/Final/my_classifier' returned '0': PYTHONPATH=/home/clarkd26/intro_robo_ws/src/Final/build/my_classifier/prefix_override:/usr/lib/python3/dist-packages/colcon_core/task/python/colcon_distutils_commands:/home/clarkd26/intro_robo_ws/src/Final/install/my_classifier/lib/python3.10/site-packages:${PYTHONPATH} /usr/bin/python3 -W ignore:setup.py install is deprecated -W ignore:easy_install command is deprecated setup.py egg_info --egg-base ../build/my_classifier build --build-base /home/clarkd26/intro_robo_ws/src/Final/build/my_classifier/build install --record /home/clarkd26/intro_robo_ws/src/Final/build/my_classifier/install.log --single-version-externally-managed install_data
