[0.954s] Invoking command in '/home/clarkd26/intro_robo_ws/src/Final/my_classifier': PYTHONPATH=/home/clarkd26/intro_robo_ws/src/Final/build/my_classifier/prefix_override:/usr/lib/python3/dist-packages/colcon_core/task/python/colcon_distutils_commands:/home/clarkd26/intro_robo_ws/src/Final/install/my_classifier/lib/python3.10/site-packages:${PYTHONPATH} /usr/bin/python3 -W ignore:setup.py install is deprecated -W ignore:easy_install command is deprecated setup.py egg_info --egg-base ../build/my_classifier build --build-base /home/clarkd26/intro_robo_ws/src/Final/build/my_classifier/build install --record /home/clarkd26/intro_robo_ws/src/Final/build/my_classifier/install.log --single-version-externally-managed install_data
[1.223s] running egg_info
[1.227s] writing ../build/my_classifier/my_classifier.egg-info/PKG-INFO
[1.240s] writing dependency_links to ../build/my_classifier/my_classifier.egg-info/dependency_links.txt
[1.251s] writing entry points to ../build/my_classifier/my_classifier.egg-info/entry_points.txt
[1.260s] writing requirements to ../build/my_classifier/my_classifier.egg-info/requires.txt
[1.269s] writing top-level names to ../build/my_classifier/my_classifier.egg-info/top_level.txt
[1.284s] reading manifest file '../build/my_classifier/my_classifier.egg-info/SOURCES.txt'
[1.291s] writing manifest file '../build/my_classifier/my_classifier.egg-info/SOURCES.txt'
[1.300s] running build
[1.300s] running build_py
[1.305s] running install
[1.305s] running install_lib
[1.309s] running install_data
[1.310s] running install_egg_info
[1.312s] removing '/home/clarkd26/intro_robo_ws/src/Final/install/my_classifier/lib/python3.10/site-packages/my_classifier-0.0.0-py3.10.egg-info' (and everything under it)
[1.340s] Copying ../build/my_classifier/my_classifier.egg-info to /home/clarkd26/intro_robo_ws/src/Final/install/my_classifier/lib/python3.10/site-packages/my_classifier-0.0.0-py3.10.egg-info
[1.463s] running install_scripts
[1.487s] Installing live_demo script to /home/clarkd26/intro_robo_ws/src/Final/install/my_classifier/lib/my_classifier
[1.500s] writing list of installed files to '/home/clarkd26/intro_robo_ws/src/Final/build/my_classifier/install.log'
[1.529s] Invoked command in '/home/clarkd26/intro_robo_ws/src/Final/my_classifier' returned '0': PYTHONPATH=/home/clarkd26/intro_robo_ws/src/Final/build/my_classifier/prefix_override:/usr/lib/python3/dist-packages/colcon_core/task/python/colcon_distutils_commands:/home/clarkd26/intro_robo_ws/src/Final/install/my_classifier/lib/python3.10/site-packages:${PYTHONPATH} /usr/bin/python3 -W ignore:setup.py install is deprecated -W ignore:easy_install command is deprecated setup.py egg_info --egg-base ../build/my_classifier build --build-base /home/clarkd26/intro_robo_ws/src/Final/build/my_classifier/build install --record /home/clarkd26/intro_robo_ws/src/Final/build/my_classifier/install.log --single-version-externally-managed install_data
