[0.109s] DEBUG:colcon:Command line arguments: ['/usr/bin/colcon', 'build', '--symlink-install']
[0.109s] DEBUG:colcon:Parsed command line arguments: Namespace(log_base=None, log_level=None, verb_name='build', build_base='build', install_base='install', merge_install=False, symlink_install=True, test_result_base=None, continue_on_error=False, executor='parallel', parallel_workers=4, event_handlers=None, ignore_user_meta=False, metas=['./colcon.meta'], base_paths=['.'], packages_ignore=None, packages_ignore_regex=None, paths=None, packages_up_to=None, packages_up_to_regex=None, packages_above=None, packages_above_and_dependencies=None, packages_above_depth=None, packages_select_by_dep=None, packages_skip_by_dep=None, packages_skip_up_to=None, packages_select_build_failed=False, packages_skip_build_finished=False, packages_select_test_failures=False, packages_skip_test_passed=False, packages_select=None, packages_skip=None, packages_select_regex=None, packages_skip_regex=None, packages_start=None, packages_end=None, allow_overriding=[], cmake_args=None, cmake_target=None, cmake_target_skip_unavailable=False, cmake_clean_cache=False, cmake_clean_first=False, cmake_force_configure=False, ament_cmake_args=None, catkin_cmake_args=None, catkin_skip_building_tests=False, verb_parser=<colcon_defaults.argument_parser.defaults.DefaultArgumentsDecorator object at 0x7c63908776d0>, verb_extension=<colcon_core.verb.build.BuildVerb object at 0x7c63909b11b0>, main=<bound method BuildVerb.main of <colcon_core.verb.build.BuildVerb object at 0x7c63909b11b0>>)
[0.481s] Level 1:colcon.colcon_core.package_discovery:discover_packages(colcon_meta) check parameters
[0.481s] Level 1:colcon.colcon_core.package_discovery:discover_packages(recursive) check parameters
[0.481s] Level 1:colcon.colcon_core.package_discovery:discover_packages(ignore) check parameters
[0.481s] Level 1:colcon.colcon_core.package_discovery:discover_packages(path) check parameters
[0.481s] Level 1:colcon.colcon_core.package_discovery:discover_packages(colcon_meta) discover
[0.481s] Level 1:colcon.colcon_core.package_discovery:discover_packages(recursive) discover
[0.481s] INFO:colcon.colcon_core.package_discovery:Crawling recursively for packages in '/home/hanimn/intro_robo_ws/src/Final'
[0.482s] Level 1:colcon.colcon_core.package_identification:_identify(.) by extensions ['ignore', 'ignore_ament_install']
[0.482s] Level 1:colcon.colcon_core.package_identification:_identify(.) by extension 'ignore'
[0.482s] Level 1:colcon.colcon_core.package_identification:_identify(.) by extension 'ignore_ament_install'
[0.482s] Level 1:colcon.colcon_core.package_identification:_identify(.) by extensions ['colcon_pkg']
[0.482s] Level 1:colcon.colcon_core.package_identification:_identify(.) by extension 'colcon_pkg'
[0.482s] Level 1:colcon.colcon_core.package_identification:_identify(.) by extensions ['colcon_meta']
[0.483s] Level 1:colcon.colcon_core.package_identification:_identify(.) by extension 'colcon_meta'
[0.483s] Level 1:colcon.colcon_core.package_identification:_identify(.) by extensions ['ros']
[0.483s] Level 1:colcon.colcon_core.package_identification:_identify(.) by extension 'ros'
[0.500s] Level 1:colcon.colcon_core.package_identification:_identify(.) by extensions ['cmake', 'python']
[0.500s] Level 1:colcon.colcon_core.package_identification:_identify(.) by extension 'cmake'
[0.500s] Level 1:colcon.colcon_core.package_identification:_identify(.) by extension 'python'
[0.500s] Level 1:colcon.colcon_core.package_identification:_identify(.) by extensions ['python_setup_py']
[0.500s] Level 1:colcon.colcon_core.package_identification:_identify(.) by extension 'python_setup_py'
[0.501s] Level 1:colcon.colcon_core.package_identification:_identify(NN) by extensions ['ignore', 'ignore_ament_install']
[0.501s] Level 1:colcon.colcon_core.package_identification:_identify(NN) by extension 'ignore'
[0.501s] Level 1:colcon.colcon_core.package_identification:_identify(NN) by extension 'ignore_ament_install'
[0.501s] Level 1:colcon.colcon_core.package_identification:_identify(NN) by extensions ['colcon_pkg']
[0.501s] Level 1:colcon.colcon_core.package_identification:_identify(NN) by extension 'colcon_pkg'
[0.501s] Level 1:colcon.colcon_core.package_identification:_identify(NN) by extensions ['colcon_meta']
[0.501s] Level 1:colcon.colcon_core.package_identification:_identify(NN) by extension 'colcon_meta'
[0.501s] Level 1:colcon.colcon_core.package_identification:_identify(NN) by extensions ['ros']
[0.501s] Level 1:colcon.colcon_core.package_identification:_identify(NN) by extension 'ros'
[0.501s] Level 1:colcon.colcon_core.package_identification:_identify(NN) by extensions ['cmake', 'python']
[0.501s] Level 1:colcon.colcon_core.package_identification:_identify(NN) by extension 'cmake'
[0.501s] Level 1:colcon.colcon_core.package_identification:_identify(NN) by extension 'python'
[0.501s] Level 1:colcon.colcon_core.package_identification:_identify(NN) by extensions ['python_setup_py']
[0.501s] Level 1:colcon.colcon_core.package_identification:_identify(NN) by extension 'python_setup_py'
[0.502s] Level 1:colcon.colcon_core.package_identification:_identify(NN/Attacker) by extensions ['ignore', 'ignore_ament_install']
[0.502s] Level 1:colcon.colcon_core.package_identification:_identify(NN/Attacker) by extension 'ignore'
[0.502s] Level 1:colcon.colcon_core.package_identification:_identify(NN/Attacker) by extension 'ignore_ament_install'
[0.502s] Level 1:colcon.colcon_core.package_identification:_identify(NN/Attacker) by extensions ['colcon_pkg']
[0.502s] Level 1:colcon.colcon_core.package_identification:_identify(NN/Attacker) by extension 'colcon_pkg'
[0.502s] Level 1:colcon.colcon_core.package_identification:_identify(NN/Attacker) by extensions ['colcon_meta']
[0.502s] Level 1:colcon.colcon_core.package_identification:_identify(NN/Attacker) by extension 'colcon_meta'
[0.502s] Level 1:colcon.colcon_core.package_identification:_identify(NN/Attacker) by extensions ['ros']
[0.502s] Level 1:colcon.colcon_core.package_identification:_identify(NN/Attacker) by extension 'ros'
[0.502s] Level 1:colcon.colcon_core.package_identification:_identify(NN/Attacker) by extensions ['cmake', 'python']
[0.502s] Level 1:colcon.colcon_core.package_identification:_identify(NN/Attacker) by extension 'cmake'
[0.502s] Level 1:colcon.colcon_core.package_identification:_identify(NN/Attacker) by extension 'python'
[0.502s] Level 1:colcon.colcon_core.package_identification:_identify(NN/Attacker) by extensions ['python_setup_py']
[0.502s] Level 1:colcon.colcon_core.package_identification:_identify(NN/Attacker) by extension 'python_setup_py'
[0.502s] Level 1:colcon.colcon_core.package_identification:_identify(NN/Attacker/data) by extensions ['ignore', 'ignore_ament_install']
[0.503s] Level 1:colcon.colcon_core.package_identification:_identify(NN/Attacker/data) by extension 'ignore'
[0.503s] Level 1:colcon.colcon_core.package_identification:_identify(NN/Attacker/data) by extension 'ignore_ament_install'
[0.503s] Level 1:colcon.colcon_core.package_identification:_identify(NN/Attacker/data) by extensions ['colcon_pkg']
[0.503s] Level 1:colcon.colcon_core.package_identification:_identify(NN/Attacker/data) by extension 'colcon_pkg'
[0.503s] Level 1:colcon.colcon_core.package_identification:_identify(NN/Attacker/data) by extensions ['colcon_meta']
[0.503s] Level 1:colcon.colcon_core.package_identification:_identify(NN/Attacker/data) by extension 'colcon_meta'
[0.503s] Level 1:colcon.colcon_core.package_identification:_identify(NN/Attacker/data) by extensions ['ros']
[0.503s] Level 1:colcon.colcon_core.package_identification:_identify(NN/Attacker/data) by extension 'ros'
[0.503s] Level 1:colcon.colcon_core.package_identification:_identify(NN/Attacker/data) by extensions ['cmake', 'python']
[0.503s] Level 1:colcon.colcon_core.package_identification:_identify(NN/Attacker/data) by extension 'cmake'
[0.503s] Level 1:colcon.colcon_core.package_identification:_identify(NN/Attacker/data) by extension 'python'
[0.503s] Level 1:colcon.colcon_core.package_identification:_identify(NN/Attacker/data) by extensions ['python_setup_py']
[0.503s] Level 1:colcon.colcon_core.package_identification:_identify(NN/Attacker/data) by extension 'python_setup_py'
[0.503s] Level 1:colcon.colcon_core.package_identification:_identify(NN/Attacker/data/left) by extensions ['ignore', 'ignore_ament_install']
[0.503s] Level 1:colcon.colcon_core.package_identification:_identify(NN/Attacker/data/left) by extension 'ignore'
[0.504s] Level 1:colcon.colcon_core.package_identification:_identify(NN/Attacker/data/left) by extension 'ignore_ament_install'
[0.504s] Level 1:colcon.colcon_core.package_identification:_identify(NN/Attacker/data/left) by extensions ['colcon_pkg']
[0.504s] Level 1:colcon.colcon_core.package_identification:_identify(NN/Attacker/data/left) by extension 'colcon_pkg'
[0.504s] Level 1:colcon.colcon_core.package_identification:_identify(NN/Attacker/data/left) by extensions ['colcon_meta']
[0.504s] Level 1:colcon.colcon_core.package_identification:_identify(NN/Attacker/data/left) by extension 'colcon_meta'
[0.504s] Level 1:colcon.colcon_core.package_identification:_identify(NN/Attacker/data/left) by extensions ['ros']
[0.504s] Level 1:colcon.colcon_core.package_identification:_identify(NN/Attacker/data/left) by extension 'ros'
[0.504s] Level 1:colcon.colcon_core.package_identification:_identify(NN/Attacker/data/left) by extensions ['cmake', 'python']
[0.504s] Level 1:colcon.colcon_core.package_identification:_identify(NN/Attacker/data/left) by extension 'cmake'
[0.504s] Level 1:colcon.colcon_core.package_identification:_identify(NN/Attacker/data/left) by extension 'python'
[0.504s] Level 1:colcon.colcon_core.package_identification:_identify(NN/Attacker/data/left) by extensions ['python_setup_py']
[0.504s] Level 1:colcon.colcon_core.package_identification:_identify(NN/Attacker/data/left) by extension 'python_setup_py'
[0.504s] Level 1:colcon.colcon_core.package_identification:_identify(NN/Attacker/data/right) by extensions ['ignore', 'ignore_ament_install']
[0.504s] Level 1:colcon.colcon_core.package_identification:_identify(NN/Attacker/data/right) by extension 'ignore'
[0.504s] Level 1:colcon.colcon_core.package_identification:_identify(NN/Attacker/data/right) by extension 'ignore_ament_install'
[0.504s] Level 1:colcon.colcon_core.package_identification:_identify(NN/Attacker/data/right) by extensions ['colcon_pkg']
[0.504s] Level 1:colcon.colcon_core.package_identification:_identify(NN/Attacker/data/right) by extension 'colcon_pkg'
[0.504s] Level 1:colcon.colcon_core.package_identification:_identify(NN/Attacker/data/right) by extensions ['colcon_meta']
[0.504s] Level 1:colcon.colcon_core.package_identification:_identify(NN/Attacker/data/right) by extension 'colcon_meta'
[0.505s] Level 1:colcon.colcon_core.package_identification:_identify(NN/Attacker/data/right) by extensions ['ros']
[0.505s] Level 1:colcon.colcon_core.package_identification:_identify(NN/Attacker/data/right) by extension 'ros'
[0.505s] Level 1:colcon.colcon_core.package_identification:_identify(NN/Attacker/data/right) by extensions ['cmake', 'python']
[0.505s] Level 1:colcon.colcon_core.package_identification:_identify(NN/Attacker/data/right) by extension 'cmake'
[0.505s] Level 1:colcon.colcon_core.package_identification:_identify(NN/Attacker/data/right) by extension 'python'
[0.505s] Level 1:colcon.colcon_core.package_identification:_identify(NN/Attacker/data/right) by extensions ['python_setup_py']
[0.505s] Level 1:colcon.colcon_core.package_identification:_identify(NN/Attacker/data/right) by extension 'python_setup_py'
[0.505s] Level 1:colcon.colcon_core.package_identification:_identify(NN/Defender) by extensions ['ignore', 'ignore_ament_install']
[0.505s] Level 1:colcon.colcon_core.package_identification:_identify(NN/Defender) by extension 'ignore'
[0.505s] Level 1:colcon.colcon_core.package_identification:_identify(NN/Defender) by extension 'ignore_ament_install'
[0.505s] Level 1:colcon.colcon_core.package_identification:_identify(NN/Defender) by extensions ['colcon_pkg']
[0.505s] Level 1:colcon.colcon_core.package_identification:_identify(NN/Defender) by extension 'colcon_pkg'
[0.505s] Level 1:colcon.colcon_core.package_identification:_identify(NN/Defender) by extensions ['colcon_meta']
[0.505s] Level 1:colcon.colcon_core.package_identification:_identify(NN/Defender) by extension 'colcon_meta'
[0.505s] Level 1:colcon.colcon_core.package_identification:_identify(NN/Defender) by extensions ['ros']
[0.505s] Level 1:colcon.colcon_core.package_identification:_identify(NN/Defender) by extension 'ros'
[0.505s] Level 1:colcon.colcon_core.package_identification:_identify(NN/Defender) by extensions ['cmake', 'python']
[0.505s] Level 1:colcon.colcon_core.package_identification:_identify(NN/Defender) by extension 'cmake'
[0.505s] Level 1:colcon.colcon_core.package_identification:_identify(NN/Defender) by extension 'python'
[0.505s] Level 1:colcon.colcon_core.package_identification:_identify(NN/Defender) by extensions ['python_setup_py']
[0.505s] Level 1:colcon.colcon_core.package_identification:_identify(NN/Defender) by extension 'python_setup_py'
[0.506s] Level 1:colcon.colcon_core.package_identification:_identify(NN/Defender/data) by extensions ['ignore', 'ignore_ament_install']
[0.506s] Level 1:colcon.colcon_core.package_identification:_identify(NN/Defender/data) by extension 'ignore'
[0.506s] Level 1:colcon.colcon_core.package_identification:_identify(NN/Defender/data) by extension 'ignore_ament_install'
[0.506s] Level 1:colcon.colcon_core.package_identification:_identify(NN/Defender/data) by extensions ['colcon_pkg']
[0.506s] Level 1:colcon.colcon_core.package_identification:_identify(NN/Defender/data) by extension 'colcon_pkg'
[0.506s] Level 1:colcon.colcon_core.package_identification:_identify(NN/Defender/data) by extensions ['colcon_meta']
[0.506s] Level 1:colcon.colcon_core.package_identification:_identify(NN/Defender/data) by extension 'colcon_meta'
[0.506s] Level 1:colcon.colcon_core.package_identification:_identify(NN/Defender/data) by extensions ['ros']
[0.506s] Level 1:colcon.colcon_core.package_identification:_identify(NN/Defender/data) by extension 'ros'
[0.506s] Level 1:colcon.colcon_core.package_identification:_identify(NN/Defender/data) by extensions ['cmake', 'python']
[0.506s] Level 1:colcon.colcon_core.package_identification:_identify(NN/Defender/data) by extension 'cmake'
[0.506s] Level 1:colcon.colcon_core.package_identification:_identify(NN/Defender/data) by extension 'python'
[0.506s] Level 1:colcon.colcon_core.package_identification:_identify(NN/Defender/data) by extensions ['python_setup_py']
[0.506s] Level 1:colcon.colcon_core.package_identification:_identify(NN/Defender/data) by extension 'python_setup_py'
[0.507s] Level 1:colcon.colcon_core.package_identification:_identify(NN/Defender/data/center) by extensions ['ignore', 'ignore_ament_install']
[0.507s] Level 1:colcon.colcon_core.package_identification:_identify(NN/Defender/data/center) by extension 'ignore'
[0.507s] Level 1:colcon.colcon_core.package_identification:_identify(NN/Defender/data/center) by extension 'ignore_ament_install'
[0.507s] Level 1:colcon.colcon_core.package_identification:_identify(NN/Defender/data/center) by extensions ['colcon_pkg']
[0.507s] Level 1:colcon.colcon_core.package_identification:_identify(NN/Defender/data/center) by extension 'colcon_pkg'
[0.507s] Level 1:colcon.colcon_core.package_identification:_identify(NN/Defender/data/center) by extensions ['colcon_meta']
[0.507s] Level 1:colcon.colcon_core.package_identification:_identify(NN/Defender/data/center) by extension 'colcon_meta'
[0.507s] Level 1:colcon.colcon_core.package_identification:_identify(NN/Defender/data/center) by extensions ['ros']
[0.507s] Level 1:colcon.colcon_core.package_identification:_identify(NN/Defender/data/center) by extension 'ros'
[0.507s] Level 1:colcon.colcon_core.package_identification:_identify(NN/Defender/data/center) by extensions ['cmake', 'python']
[0.507s] Level 1:colcon.colcon_core.package_identification:_identify(NN/Defender/data/center) by extension 'cmake'
[0.507s] Level 1:colcon.colcon_core.package_identification:_identify(NN/Defender/data/center) by extension 'python'
[0.507s] Level 1:colcon.colcon_core.package_identification:_identify(NN/Defender/data/center) by extensions ['python_setup_py']
[0.507s] Level 1:colcon.colcon_core.package_identification:_identify(NN/Defender/data/center) by extension 'python_setup_py'
[0.508s] Level 1:colcon.colcon_core.package_identification:_identify(NN/Defender/data/left) by extensions ['ignore', 'ignore_ament_install']
[0.508s] Level 1:colcon.colcon_core.package_identification:_identify(NN/Defender/data/left) by extension 'ignore'
[0.508s] Level 1:colcon.colcon_core.package_identification:_identify(NN/Defender/data/left) by extension 'ignore_ament_install'
[0.508s] Level 1:colcon.colcon_core.package_identification:_identify(NN/Defender/data/left) by extensions ['colcon_pkg']
[0.508s] Level 1:colcon.colcon_core.package_identification:_identify(NN/Defender/data/left) by extension 'colcon_pkg'
[0.508s] Level 1:colcon.colcon_core.package_identification:_identify(NN/Defender/data/left) by extensions ['colcon_meta']
[0.508s] Level 1:colcon.colcon_core.package_identification:_identify(NN/Defender/data/left) by extension 'colcon_meta'
[0.508s] Level 1:colcon.colcon_core.package_identification:_identify(NN/Defender/data/left) by extensions ['ros']
[0.508s] Level 1:colcon.colcon_core.package_identification:_identify(NN/Defender/data/left) by extension 'ros'
[0.508s] Level 1:colcon.colcon_core.package_identification:_identify(NN/Defender/data/left) by extensions ['cmake', 'python']
[0.508s] Level 1:colcon.colcon_core.package_identification:_identify(NN/Defender/data/left) by extension 'cmake'
[0.508s] Level 1:colcon.colcon_core.package_identification:_identify(NN/Defender/data/left) by extension 'python'
[0.508s] Level 1:colcon.colcon_core.package_identification:_identify(NN/Defender/data/left) by extensions ['python_setup_py']
[0.508s] Level 1:colcon.colcon_core.package_identification:_identify(NN/Defender/data/left) by extension 'python_setup_py'
[0.508s] Level 1:colcon.colcon_core.package_identification:_identify(NN/Defender/data/right) by extensions ['ignore', 'ignore_ament_install']
[0.508s] Level 1:colcon.colcon_core.package_identification:_identify(NN/Defender/data/right) by extension 'ignore'
[0.508s] Level 1:colcon.colcon_core.package_identification:_identify(NN/Defender/data/right) by extension 'ignore_ament_install'
[0.509s] Level 1:colcon.colcon_core.package_identification:_identify(NN/Defender/data/right) by extensions ['colcon_pkg']
[0.509s] Level 1:colcon.colcon_core.package_identification:_identify(NN/Defender/data/right) by extension 'colcon_pkg'
[0.509s] Level 1:colcon.colcon_core.package_identification:_identify(NN/Defender/data/right) by extensions ['colcon_meta']
[0.509s] Level 1:colcon.colcon_core.package_identification:_identify(NN/Defender/data/right) by extension 'colcon_meta'
[0.509s] Level 1:colcon.colcon_core.package_identification:_identify(NN/Defender/data/right) by extensions ['ros']
[0.509s] Level 1:colcon.colcon_core.package_identification:_identify(NN/Defender/data/right) by extension 'ros'
[0.509s] Level 1:colcon.colcon_core.package_identification:_identify(NN/Defender/data/right) by extensions ['cmake', 'python']
[0.509s] Level 1:colcon.colcon_core.package_identification:_identify(NN/Defender/data/right) by extension 'cmake'
[0.509s] Level 1:colcon.colcon_core.package_identification:_identify(NN/Defender/data/right) by extension 'python'
[0.509s] Level 1:colcon.colcon_core.package_identification:_identify(NN/Defender/data/right) by extensions ['python_setup_py']
[0.509s] Level 1:colcon.colcon_core.package_identification:_identify(NN/Defender/data/right) by extension 'python_setup_py'
[0.509s] Level 1:colcon.colcon_core.package_identification:_identify(build) by extensions ['ignore', 'ignore_ament_install']
[0.510s] Level 1:colcon.colcon_core.package_identification:_identify(build) by extension 'ignore'
[0.510s] Level 1:colcon.colcon_core.package_identification:_identify(build) ignored
[0.510s] Level 1:colcon.colcon_core.package_identification:_identify(install) by extensions ['ignore', 'ignore_ament_install']
[0.510s] Level 1:colcon.colcon_core.package_identification:_identify(install) by extension 'ignore'
[0.510s] Level 1:colcon.colcon_core.package_identification:_identify(install) ignored
[0.511s] Level 1:colcon.colcon_core.package_identification:_identify(log) by extensions ['ignore', 'ignore_ament_install']
[0.511s] Level 1:colcon.colcon_core.package_identification:_identify(log) by extension 'ignore'
[0.511s] Level 1:colcon.colcon_core.package_identification:_identify(log) ignored
[0.512s] Level 1:colcon.colcon_core.package_identification:_identify(my_classifier) by extensions ['ignore', 'ignore_ament_install']
[0.512s] Level 1:colcon.colcon_core.package_identification:_identify(my_classifier) by extension 'ignore'
[0.512s] Level 1:colcon.colcon_core.package_identification:_identify(my_classifier) by extension 'ignore_ament_install'
[0.512s] Level 1:colcon.colcon_core.package_identification:_identify(my_classifier) by extensions ['colcon_pkg']
[0.512s] Level 1:colcon.colcon_core.package_identification:_identify(my_classifier) by extension 'colcon_pkg'
[0.512s] Level 1:colcon.colcon_core.package_identification:_identify(my_classifier) by extensions ['colcon_meta']
[0.512s] Level 1:colcon.colcon_core.package_identification:_identify(my_classifier) by extension 'colcon_meta'
[0.512s] Level 1:colcon.colcon_core.package_identification:_identify(my_classifier) by extensions ['ros']
[0.512s] Level 1:colcon.colcon_core.package_identification:_identify(my_classifier) by extension 'ros'
[0.516s] DEBUG:colcon.colcon_core.package_identification:Package 'my_classifier' with type 'ros.ament_python' and name 'my_classifier'
[0.516s] Level 1:colcon.colcon_core.package_identification:_identify(src_defend_agent_attack) by extensions ['ignore', 'ignore_ament_install']
[0.516s] Level 1:colcon.colcon_core.package_identification:_identify(src_defend_agent_attack) by extension 'ignore'
[0.516s] Level 1:colcon.colcon_core.package_identification:_identify(src_defend_agent_attack) by extension 'ignore_ament_install'
[0.516s] Level 1:colcon.colcon_core.package_identification:_identify(src_defend_agent_attack) by extensions ['colcon_pkg']
[0.516s] Level 1:colcon.colcon_core.package_identification:_identify(src_defend_agent_attack) by extension 'colcon_pkg'
[0.516s] Level 1:colcon.colcon_core.package_identification:_identify(src_defend_agent_attack) by extensions ['colcon_meta']
[0.516s] Level 1:colcon.colcon_core.package_identification:_identify(src_defend_agent_attack) by extension 'colcon_meta'
[0.516s] Level 1:colcon.colcon_core.package_identification:_identify(src_defend_agent_attack) by extensions ['ros']
[0.516s] Level 1:colcon.colcon_core.package_identification:_identify(src_defend_agent_attack) by extension 'ros'
[0.516s] Level 1:colcon.colcon_core.package_identification:_identify(src_defend_agent_attack) by extensions ['cmake', 'python']
[0.516s] Level 1:colcon.colcon_core.package_identification:_identify(src_defend_agent_attack) by extension 'cmake'
[0.516s] Level 1:colcon.colcon_core.package_identification:_identify(src_defend_agent_attack) by extension 'python'
[0.516s] Level 1:colcon.colcon_core.package_identification:_identify(src_defend_agent_attack) by extensions ['python_setup_py']
[0.516s] Level 1:colcon.colcon_core.package_identification:_identify(src_defend_agent_attack) by extension 'python_setup_py'
[0.517s] Level 1:colcon.colcon_core.package_identification:_identify(src_defend_agent_attack/attackdefend_interfaces) by extensions ['ignore', 'ignore_ament_install']
[0.517s] Level 1:colcon.colcon_core.package_identification:_identify(src_defend_agent_attack/attackdefend_interfaces) by extension 'ignore'
[0.517s] Level 1:colcon.colcon_core.package_identification:_identify(src_defend_agent_attack/attackdefend_interfaces) by extension 'ignore_ament_install'
[0.517s] Level 1:colcon.colcon_core.package_identification:_identify(src_defend_agent_attack/attackdefend_interfaces) by extensions ['colcon_pkg']
[0.517s] Level 1:colcon.colcon_core.package_identification:_identify(src_defend_agent_attack/attackdefend_interfaces) by extension 'colcon_pkg'
[0.517s] Level 1:colcon.colcon_core.package_identification:_identify(src_defend_agent_attack/attackdefend_interfaces) by extensions ['colcon_meta']
[0.517s] Level 1:colcon.colcon_core.package_identification:_identify(src_defend_agent_attack/attackdefend_interfaces) by extension 'colcon_meta'
[0.517s] Level 1:colcon.colcon_core.package_identification:_identify(src_defend_agent_attack/attackdefend_interfaces) by extensions ['ros']
[0.518s] Level 1:colcon.colcon_core.package_identification:_identify(src_defend_agent_attack/attackdefend_interfaces) by extension 'ros'
[0.519s] DEBUG:colcon.colcon_core.package_identification:Package 'src_defend_agent_attack/attackdefend_interfaces' with type 'ros.ament_cmake' and name 'attackdefend_interfaces'
[0.520s] Level 1:colcon.colcon_core.package_identification:_identify(src_defend_agent_attack/build) by extensions ['ignore', 'ignore_ament_install']
[0.520s] Level 1:colcon.colcon_core.package_identification:_identify(src_defend_agent_attack/build) by extension 'ignore'
[0.520s] Level 1:colcon.colcon_core.package_identification:_identify(src_defend_agent_attack/build) ignored
[0.521s] Level 1:colcon.colcon_core.package_identification:_identify(src_defend_agent_attack/defendagentattack) by extensions ['ignore', 'ignore_ament_install']
[0.521s] Level 1:colcon.colcon_core.package_identification:_identify(src_defend_agent_attack/defendagentattack) by extension 'ignore'
[0.521s] Level 1:colcon.colcon_core.package_identification:_identify(src_defend_agent_attack/defendagentattack) by extension 'ignore_ament_install'
[0.521s] Level 1:colcon.colcon_core.package_identification:_identify(src_defend_agent_attack/defendagentattack) by extensions ['colcon_pkg']
[0.521s] Level 1:colcon.colcon_core.package_identification:_identify(src_defend_agent_attack/defendagentattack) by extension 'colcon_pkg'
[0.521s] Level 1:colcon.colcon_core.package_identification:_identify(src_defend_agent_attack/defendagentattack) by extensions ['colcon_meta']
[0.521s] Level 1:colcon.colcon_core.package_identification:_identify(src_defend_agent_attack/defendagentattack) by extension 'colcon_meta'
[0.521s] Level 1:colcon.colcon_core.package_identification:_identify(src_defend_agent_attack/defendagentattack) by extensions ['ros']
[0.521s] Level 1:colcon.colcon_core.package_identification:_identify(src_defend_agent_attack/defendagentattack) by extension 'ros'
[0.523s] DEBUG:colcon.colcon_core.package_identification:Package 'src_defend_agent_attack/defendagentattack' with type 'ros.ament_python' and name 'defendagentattack'
[0.523s] Level 1:colcon.colcon_core.package_identification:_identify(src_defend_agent_attack/install) by extensions ['ignore', 'ignore_ament_install']
[0.523s] Level 1:colcon.colcon_core.package_identification:_identify(src_defend_agent_attack/install) by extension 'ignore'
[0.523s] Level 1:colcon.colcon_core.package_identification:_identify(src_defend_agent_attack/install) ignored
[0.525s] Level 1:colcon.colcon_core.package_identification:_identify(src_defend_agent_attack/log) by extensions ['ignore', 'ignore_ament_install']
[0.525s] Level 1:colcon.colcon_core.package_identification:_identify(src_defend_agent_attack/log) by extension 'ignore'
[0.525s] Level 1:colcon.colcon_core.package_identification:_identify(src_defend_agent_attack/log) ignored
[0.525s] Level 1:colcon.colcon_core.package_discovery:discover_packages(recursive) using defaults
[0.525s] Level 1:colcon.colcon_core.package_discovery:discover_packages(ignore) discover
[0.525s] Level 1:colcon.colcon_core.package_discovery:discover_packages(ignore) using defaults
[0.525s] Level 1:colcon.colcon_core.package_discovery:discover_packages(path) discover
[0.525s] Level 1:colcon.colcon_core.package_discovery:discover_packages(path) using defaults
[0.546s] Level 1:colcon.colcon_core.package_discovery:discover_packages(prefix_path) check parameters
[0.546s] Level 1:colcon.colcon_core.package_discovery:discover_packages(prefix_path) discover
[0.547s] WARNING:colcon.colcon_core.prefix_path.colcon:The path '/home/hanimn/intro_robo_ws/src/Final/src_defend_agent_attack/attackdefend_interfaces/install' in the environment variable COLCON_PREFIX_PATH doesn't exist
[0.547s] WARNING:colcon.colcon_ros.prefix_path.ament:The path '/home/hanimn/intro_robo_ws/src/Final/install/defendagentattack' in the environment variable AMENT_PREFIX_PATH doesn't exist
[0.547s] WARNING:colcon.colcon_ros.prefix_path.ament:The path '/home/hanimn/intro_robo_ws/src/Final/install/attackdefend_interfaces' in the environment variable AMENT_PREFIX_PATH doesn't exist
[0.547s] WARNING:colcon.colcon_ros.prefix_path.ament:The path '/home/hanimn/intro_robo_ws/src/Final/src_defend_agent_attack/attackdefend_interfaces/install/attackdefend_interfaces' in the environment variable AMENT_PREFIX_PATH doesn't exist
[0.560s] WARNING:colcon.colcon_ros.prefix_path.ament:The path '/home/hanimn/intro_robo_ws/src/Final/install/my_classifier' in the environment variable AMENT_PREFIX_PATH doesn't exist
[0.561s] WARNING:colcon.colcon_ros.prefix_path.catkin:The path '/home/hanimn/intro_robo_ws/src/Final/install/attackdefend_interfaces' in the environment variable CMAKE_PREFIX_PATH doesn't exist
[0.561s] WARNING:colcon.colcon_ros.prefix_path.catkin:The path '/home/hanimn/intro_robo_ws/src/Final/src_defend_agent_attack/attackdefend_interfaces/install/attackdefend_interfaces' in the environment variable CMAKE_PREFIX_PATH doesn't exist
[0.563s] DEBUG:colcon.colcon_installed_package_information.package_discovery:Found 0 installed packages in /home/hanimn/intro_robo_ws/src/Final/install
[0.596s] DEBUG:colcon.colcon_installed_package_information.package_discovery:Found 21 installed packages in /home/hanimn/intro_robo_ws/install
[0.623s] DEBUG:colcon.colcon_installed_package_information.package_discovery:Found 2 installed packages in /home/hanimn/intro_robo_ws/src/Final/src_defend_agent_attack/install
[0.626s] DEBUG:colcon.colcon_installed_package_information.package_discovery:Found 452 installed packages in /opt/ros/humble
[0.628s] Level 1:colcon.colcon_core.package_discovery:discover_packages(prefix_path) using defaults
[0.752s] Level 5:colcon.colcon_core.verb:set package 'attackdefend_interfaces' build argument 'cmake_args' from command line to 'None'
[0.752s] Level 5:colcon.colcon_core.verb:set package 'attackdefend_interfaces' build argument 'cmake_target' from command line to 'None'
[0.752s] Level 5:colcon.colcon_core.verb:set package 'attackdefend_interfaces' build argument 'cmake_target_skip_unavailable' from command line to 'False'
[0.752s] Level 5:colcon.colcon_core.verb:set package 'attackdefend_interfaces' build argument 'cmake_clean_cache' from command line to 'False'
[0.752s] Level 5:colcon.colcon_core.verb:set package 'attackdefend_interfaces' build argument 'cmake_clean_first' from command line to 'False'
[0.752s] Level 5:colcon.colcon_core.verb:set package 'attackdefend_interfaces' build argument 'cmake_force_configure' from command line to 'False'
[0.752s] Level 5:colcon.colcon_core.verb:set package 'attackdefend_interfaces' build argument 'ament_cmake_args' from command line to 'None'
[0.752s] Level 5:colcon.colcon_core.verb:set package 'attackdefend_interfaces' build argument 'catkin_cmake_args' from command line to 'None'
[0.752s] Level 5:colcon.colcon_core.verb:set package 'attackdefend_interfaces' build argument 'catkin_skip_building_tests' from command line to 'False'
[0.752s] DEBUG:colcon.colcon_core.verb:Building package 'attackdefend_interfaces' with the following arguments: {'ament_cmake_args': None, 'build_base': '/home/hanimn/intro_robo_ws/src/Final/build/attackdefend_interfaces', 'catkin_cmake_args': None, 'catkin_skip_building_tests': False, 'cmake_args': None, 'cmake_clean_cache': False, 'cmake_clean_first': False, 'cmake_force_configure': False, 'cmake_target': None, 'cmake_target_skip_unavailable': False, 'install_base': '/home/hanimn/intro_robo_ws/src/Final/install/attackdefend_interfaces', 'merge_install': False, 'path': '/home/hanimn/intro_robo_ws/src/Final/src_defend_agent_attack/attackdefend_interfaces', 'symlink_install': True, 'test_result_base': None}
[0.753s] Level 5:colcon.colcon_core.verb:set package 'defendagentattack' build argument 'cmake_args' from command line to 'None'
[0.753s] Level 5:colcon.colcon_core.verb:set package 'defendagentattack' build argument 'cmake_target' from command line to 'None'
[0.753s] Level 5:colcon.colcon_core.verb:set package 'defendagentattack' build argument 'cmake_target_skip_unavailable' from command line to 'False'
[0.753s] Level 5:colcon.colcon_core.verb:set package 'defendagentattack' build argument 'cmake_clean_cache' from command line to 'False'
[0.753s] Level 5:colcon.colcon_core.verb:set package 'defendagentattack' build argument 'cmake_clean_first' from command line to 'False'
[0.753s] Level 5:colcon.colcon_core.verb:set package 'defendagentattack' build argument 'cmake_force_configure' from command line to 'False'
[0.753s] Level 5:colcon.colcon_core.verb:set package 'defendagentattack' build argument 'ament_cmake_args' from command line to 'None'
[0.753s] Level 5:colcon.colcon_core.verb:set package 'defendagentattack' build argument 'catkin_cmake_args' from command line to 'None'
[0.753s] Level 5:colcon.colcon_core.verb:set package 'defendagentattack' build argument 'catkin_skip_building_tests' from command line to 'False'
[0.753s] DEBUG:colcon.colcon_core.verb:Building package 'defendagentattack' with the following arguments: {'ament_cmake_args': None, 'build_base': '/home/hanimn/intro_robo_ws/src/Final/build/defendagentattack', 'catkin_cmake_args': None, 'catkin_skip_building_tests': False, 'cmake_args': None, 'cmake_clean_cache': False, 'cmake_clean_first': False, 'cmake_force_configure': False, 'cmake_target': None, 'cmake_target_skip_unavailable': False, 'install_base': '/home/hanimn/intro_robo_ws/src/Final/install/defendagentattack', 'merge_install': False, 'path': '/home/hanimn/intro_robo_ws/src/Final/src_defend_agent_attack/defendagentattack', 'symlink_install': True, 'test_result_base': None}
[0.753s] Level 5:colcon.colcon_core.verb:set package 'my_classifier' build argument 'cmake_args' from command line to 'None'
[0.753s] Level 5:colcon.colcon_core.verb:set package 'my_classifier' build argument 'cmake_target' from command line to 'None'
[0.753s] Level 5:colcon.colcon_core.verb:set package 'my_classifier' build argument 'cmake_target_skip_unavailable' from command line to 'False'
[0.753s] Level 5:colcon.colcon_core.verb:set package 'my_classifier' build argument 'cmake_clean_cache' from command line to 'False'
[0.753s] Level 5:colcon.colcon_core.verb:set package 'my_classifier' build argument 'cmake_clean_first' from command line to 'False'
[0.753s] Level 5:colcon.colcon_core.verb:set package 'my_classifier' build argument 'cmake_force_configure' from command line to 'False'
[0.753s] Level 5:colcon.colcon_core.verb:set package 'my_classifier' build argument 'ament_cmake_args' from command line to 'None'
[0.753s] Level 5:colcon.colcon_core.verb:set package 'my_classifier' build argument 'catkin_cmake_args' from command line to 'None'
[0.753s] Level 5:colcon.colcon_core.verb:set package 'my_classifier' build argument 'catkin_skip_building_tests' from command line to 'False'
[0.753s] DEBUG:colcon.colcon_core.verb:Building package 'my_classifier' with the following arguments: {'ament_cmake_args': None, 'build_base': '/home/hanimn/intro_robo_ws/src/Final/build/my_classifier', 'catkin_cmake_args': None, 'catkin_skip_building_tests': False, 'cmake_args': None, 'cmake_clean_cache': False, 'cmake_clean_first': False, 'cmake_force_configure': False, 'cmake_target': None, 'cmake_target_skip_unavailable': False, 'install_base': '/home/hanimn/intro_robo_ws/src/Final/install/my_classifier', 'merge_install': False, 'path': '/home/hanimn/intro_robo_ws/src/Final/my_classifier', 'symlink_install': True, 'test_result_base': None}
[0.753s] INFO:colcon.colcon_core.executor:Executing jobs using 'parallel' executor
[0.754s] DEBUG:colcon.colcon_parallel_executor.executor.parallel:run_until_complete
[0.755s] INFO:colcon.colcon_ros.task.ament_cmake.build:Building ROS package in '/home/hanimn/intro_robo_ws/src/Final/src_defend_agent_attack/attackdefend_interfaces' with build type 'ament_cmake'
[0.755s] INFO:colcon.colcon_cmake.task.cmake.build:Building CMake package in '/home/hanimn/intro_robo_ws/src/Final/src_defend_agent_attack/attackdefend_interfaces'
[0.757s] INFO:colcon.colcon_core.plugin_system:Skipping extension 'colcon_core.shell.bat': Not used on non-Windows systems
[0.758s] INFO:colcon.colcon_core.shell:Skip shell extension 'powershell' for command environment: Not usable outside of PowerShell
[0.758s] DEBUG:colcon.colcon_core.shell:Skip shell extension 'dsv' for command environment
[0.783s] INFO:colcon.colcon_ros.task.ament_python.build:Building ROS package in '/home/hanimn/intro_robo_ws/src/Final/src_defend_agent_attack/defendagentattack' with build type 'ament_python'
[0.783s] Level 1:colcon.colcon_core.shell:create_environment_hook('defendagentattack', 'ament_prefix_path')
[0.783s] INFO:colcon.colcon_core.shell:Creating environment hook '/home/hanimn/intro_robo_ws/src/Final/install/defendagentattack/share/defendagentattack/hook/ament_prefix_path.ps1'
[0.797s] INFO:colcon.colcon_core.shell:Creating environment descriptor '/home/hanimn/intro_robo_ws/src/Final/install/defendagentattack/share/defendagentattack/hook/ament_prefix_path.dsv'
[0.802s] INFO:colcon.colcon_core.shell:Creating environment hook '/home/hanimn/intro_robo_ws/src/Final/install/defendagentattack/share/defendagentattack/hook/ament_prefix_path.sh'
[0.807s] INFO:colcon.colcon_core.shell:Skip shell extension 'powershell' for command environment: Not usable outside of PowerShell
[0.807s] DEBUG:colcon.colcon_core.shell:Skip shell extension 'dsv' for command environment
[0.835s] INFO:colcon.colcon_ros.task.ament_python.build:Building ROS package in '/home/hanimn/intro_robo_ws/src/Final/my_classifier' with build type 'ament_python'
[0.835s] Level 1:colcon.colcon_core.shell:create_environment_hook('my_classifier', 'ament_prefix_path')
[0.835s] INFO:colcon.colcon_core.shell:Creating environment hook '/home/hanimn/intro_robo_ws/src/Final/install/my_classifier/share/my_classifier/hook/ament_prefix_path.ps1'
[0.848s] INFO:colcon.colcon_core.shell:Creating environment descriptor '/home/hanimn/intro_robo_ws/src/Final/install/my_classifier/share/my_classifier/hook/ament_prefix_path.dsv'
[0.852s] INFO:colcon.colcon_core.shell:Creating environment hook '/home/hanimn/intro_robo_ws/src/Final/install/my_classifier/share/my_classifier/hook/ament_prefix_path.sh'
[0.856s] INFO:colcon.colcon_core.shell:Skip shell extension 'powershell' for command environment: Not usable outside of PowerShell
[0.856s] DEBUG:colcon.colcon_core.shell:Skip shell extension 'dsv' for command environment
[0.930s] DEBUG:colcon.colcon_core.event_handler.log_command:Invoking command in '/home/hanimn/intro_robo_ws/src/Final/build/attackdefend_interfaces': CMAKE_PREFIX_PATH=${CMAKE_PREFIX_PATH}:/home/hanimn/intro_robo_ws/src/Final/install/defendagentattack:/home/hanimn/intro_robo_ws/src/Final/src_defend_agent_attack/install/defendagentattack:/home/hanimn/intro_robo_ws/install/warmup_project:/home/hanimn/intro_robo_ws/install/q_learning_project:/home/hanimn/intro_robo_ws/install/particle_filter_project:/home/hanimn/intro_robo_ws/install/my_classifier:/home/hanimn/intro_robo_ws/install/lab_f_image_classifier:/home/hanimn/intro_robo_ws/install/lab_e_traffic_bot:/home/hanimn/intro_robo_ws/install/lab_b_line_follower:/home/hanimn/intro_robo_ws/install/lab_a_stop_at_wall:/home/hanimn/intro_robo_ws/install/lab_a_spin_circles:/home/hanimn/intro_robo_ws/install/first_ros2_nodes:/home/hanimn/intro_robo_ws/install/defendagentattack:/home/hanimn/intro_robo_ws/src/Final/install/my_classifier:/opt/ros/humble /usr/bin/cmake /home/hanimn/intro_robo_ws/src/Final/src_defend_agent_attack/attackdefend_interfaces -DAMENT_CMAKE_SYMLINK_INSTALL=1 -DCMAKE_INSTALL_PREFIX=/home/hanimn/intro_robo_ws/src/Final/install/attackdefend_interfaces
[1.394s] INFO:colcon.colcon_core.task.python.build:Building Python package in '/home/hanimn/intro_robo_ws/src/Final/src_defend_agent_attack/defendagentattack'
[1.394s] INFO:colcon.colcon_core.shell:Skip shell extension 'powershell' for command environment: Not usable outside of PowerShell
[1.394s] DEBUG:colcon.colcon_core.shell:Skip shell extension 'dsv' for command environment
[1.888s] INFO:colcon.colcon_core.task.python.build:Building Python package in '/home/hanimn/intro_robo_ws/src/Final/my_classifier'
[1.888s] INFO:colcon.colcon_core.shell:Skip shell extension 'powershell' for command environment: Not usable outside of PowerShell
[1.888s] DEBUG:colcon.colcon_core.shell:Skip shell extension 'dsv' for command environment
[2.611s] DEBUG:colcon.colcon_core.event_handler.log_command:Invoking command in '/home/hanimn/intro_robo_ws/src/Final/build/defendagentattack': PYTHONPATH=/home/hanimn/intro_robo_ws/src/Final/build/defendagentattack/prefix_override:/usr/lib/python3/dist-packages/colcon_core/task/python/colcon_distutils_commands:/home/hanimn/intro_robo_ws/src/Final/install/defendagentattack/lib/python3.10/site-packages:${PYTHONPATH} /usr/bin/python3 -W ignore:setup.py install is deprecated -W ignore:easy_install command is deprecated setup.py develop --editable --build-directory /home/hanimn/intro_robo_ws/src/Final/build/defendagentattack/build --no-deps symlink_data
[2.625s] DEBUG:colcon.colcon_core.event_handler.log_command:Invoking command in '/home/hanimn/intro_robo_ws/src/Final/build/my_classifier': PYTHONPATH=/home/hanimn/intro_robo_ws/src/Final/build/my_classifier/prefix_override:/usr/lib/python3/dist-packages/colcon_core/task/python/colcon_distutils_commands:/home/hanimn/intro_robo_ws/src/Final/install/my_classifier/lib/python3.10/site-packages:${PYTHONPATH} /usr/bin/python3 -W ignore:setup.py install is deprecated -W ignore:easy_install command is deprecated setup.py develop --editable --build-directory /home/hanimn/intro_robo_ws/src/Final/build/my_classifier/build --no-deps symlink_data
[3.631s] Level 1:colcon.colcon_core.shell:create_environment_hook('defendagentattack', 'pythonpath_develop')
[3.631s] INFO:colcon.colcon_core.shell:Creating environment hook '/home/hanimn/intro_robo_ws/src/Final/build/defendagentattack/share/defendagentattack/hook/pythonpath_develop.ps1'
[3.632s] DEBUG:colcon.colcon_core.event_handler.log_command:Invoked command in '/home/hanimn/intro_robo_ws/src/Final/build/defendagentattack' returned '0': PYTHONPATH=/home/hanimn/intro_robo_ws/src/Final/build/defendagentattack/prefix_override:/usr/lib/python3/dist-packages/colcon_core/task/python/colcon_distutils_commands:/home/hanimn/intro_robo_ws/src/Final/install/defendagentattack/lib/python3.10/site-packages:${PYTHONPATH} /usr/bin/python3 -W ignore:setup.py install is deprecated -W ignore:easy_install command is deprecated setup.py develop --editable --build-directory /home/hanimn/intro_robo_ws/src/Final/build/defendagentattack/build --no-deps symlink_data
[3.641s] INFO:colcon.colcon_core.shell:Creating environment descriptor '/home/hanimn/intro_robo_ws/src/Final/build/defendagentattack/share/defendagentattack/hook/pythonpath_develop.dsv'
[3.646s] INFO:colcon.colcon_core.shell:Creating environment hook '/home/hanimn/intro_robo_ws/src/Final/build/defendagentattack/share/defendagentattack/hook/pythonpath_develop.sh'
[3.653s] Level 1:colcon.colcon_core.environment:checking '/home/hanimn/intro_robo_ws/src/Final/install/defendagentattack' for CMake module files
[3.657s] Level 1:colcon.colcon_core.environment:checking '/home/hanimn/intro_robo_ws/src/Final/install/defendagentattack' for CMake config files
[3.664s] Level 1:colcon.colcon_core.environment:checking '/home/hanimn/intro_robo_ws/src/Final/install/defendagentattack/lib'
[3.665s] Level 1:colcon.colcon_core.environment:checking '/home/hanimn/intro_robo_ws/src/Final/install/defendagentattack/bin'
[3.665s] Level 1:colcon.colcon_core.environment:checking '/home/hanimn/intro_robo_ws/src/Final/install/defendagentattack/lib/pkgconfig/defendagentattack.pc'
[3.665s] Level 1:colcon.colcon_core.environment:checking '/home/hanimn/intro_robo_ws/src/Final/install/defendagentattack/lib/python3.10/site-packages'
[3.665s] Level 1:colcon.colcon_core.shell:create_environment_hook('defendagentattack', 'pythonpath')
[3.666s] INFO:colcon.colcon_core.shell:Creating environment hook '/home/hanimn/intro_robo_ws/src/Final/install/defendagentattack/share/defendagentattack/hook/pythonpath.ps1'
[3.670s] INFO:colcon.colcon_core.shell:Creating environment descriptor '/home/hanimn/intro_robo_ws/src/Final/install/defendagentattack/share/defendagentattack/hook/pythonpath.dsv'
[3.675s] INFO:colcon.colcon_core.shell:Creating environment hook '/home/hanimn/intro_robo_ws/src/Final/install/defendagentattack/share/defendagentattack/hook/pythonpath.sh'
[3.680s] Level 1:colcon.colcon_core.environment:checking '/home/hanimn/intro_robo_ws/src/Final/install/defendagentattack/bin'
[3.680s] Level 1:colcon.colcon_core.environment:create_environment_scripts_only(defendagentattack)
[3.680s] INFO:colcon.colcon_core.shell:Creating package script '/home/hanimn/intro_robo_ws/src/Final/install/defendagentattack/share/defendagentattack/package.ps1'
[3.685s] INFO:colcon.colcon_core.shell:Creating package descriptor '/home/hanimn/intro_robo_ws/src/Final/install/defendagentattack/share/defendagentattack/package.dsv'
[3.692s] INFO:colcon.colcon_core.shell:Creating package script '/home/hanimn/intro_robo_ws/src/Final/install/defendagentattack/share/defendagentattack/package.sh'
[3.697s] INFO:colcon.colcon_core.shell:Creating package script '/home/hanimn/intro_robo_ws/src/Final/install/defendagentattack/share/defendagentattack/package.bash'
[3.701s] INFO:colcon.colcon_core.shell:Creating package script '/home/hanimn/intro_robo_ws/src/Final/install/defendagentattack/share/defendagentattack/package.zsh'
[3.706s] Level 1:colcon.colcon_core.environment:create_file_with_runtime_dependencies(/home/hanimn/intro_robo_ws/src/Final/install/defendagentattack/share/colcon-core/packages/defendagentattack)
[3.712s] Level 1:colcon.colcon_core.shell:create_environment_hook('my_classifier', 'pythonpath_develop')
[3.712s] INFO:colcon.colcon_core.shell:Creating environment hook '/home/hanimn/intro_robo_ws/src/Final/build/my_classifier/share/my_classifier/hook/pythonpath_develop.ps1'
[3.721s] DEBUG:colcon.colcon_core.event_handler.log_command:Invoked command in '/home/hanimn/intro_robo_ws/src/Final/build/my_classifier' returned '0': PYTHONPATH=/home/hanimn/intro_robo_ws/src/Final/build/my_classifier/prefix_override:/usr/lib/python3/dist-packages/colcon_core/task/python/colcon_distutils_commands:/home/hanimn/intro_robo_ws/src/Final/install/my_classifier/lib/python3.10/site-packages:${PYTHONPATH} /usr/bin/python3 -W ignore:setup.py install is deprecated -W ignore:easy_install command is deprecated setup.py develop --editable --build-directory /home/hanimn/intro_robo_ws/src/Final/build/my_classifier/build --no-deps symlink_data
[3.722s] INFO:colcon.colcon_core.shell:Creating environment descriptor '/home/hanimn/intro_robo_ws/src/Final/build/my_classifier/share/my_classifier/hook/pythonpath_develop.dsv'
[3.727s] INFO:colcon.colcon_core.shell:Creating environment hook '/home/hanimn/intro_robo_ws/src/Final/build/my_classifier/share/my_classifier/hook/pythonpath_develop.sh'
[3.732s] Level 1:colcon.colcon_core.environment:checking '/home/hanimn/intro_robo_ws/src/Final/install/my_classifier' for CMake module files
[3.736s] Level 1:colcon.colcon_core.environment:checking '/home/hanimn/intro_robo_ws/src/Final/install/my_classifier' for CMake config files
[3.756s] Level 1:colcon.colcon_core.environment:checking '/home/hanimn/intro_robo_ws/src/Final/install/my_classifier/lib'
[3.757s] Level 1:colcon.colcon_core.environment:checking '/home/hanimn/intro_robo_ws/src/Final/install/my_classifier/bin'
[3.757s] Level 1:colcon.colcon_core.environment:checking '/home/hanimn/intro_robo_ws/src/Final/install/my_classifier/lib/pkgconfig/my_classifier.pc'
[3.758s] Level 1:colcon.colcon_core.environment:checking '/home/hanimn/intro_robo_ws/src/Final/install/my_classifier/lib/python3.10/site-packages'
[3.758s] Level 1:colcon.colcon_core.shell:create_environment_hook('my_classifier', 'pythonpath')
[3.758s] INFO:colcon.colcon_core.shell:Creating environment hook '/home/hanimn/intro_robo_ws/src/Final/install/my_classifier/share/my_classifier/hook/pythonpath.ps1'
[3.763s] INFO:colcon.colcon_core.shell:Creating environment descriptor '/home/hanimn/intro_robo_ws/src/Final/install/my_classifier/share/my_classifier/hook/pythonpath.dsv'
[3.769s] INFO:colcon.colcon_core.shell:Creating environment hook '/home/hanimn/intro_robo_ws/src/Final/install/my_classifier/share/my_classifier/hook/pythonpath.sh'
[3.774s] Level 1:colcon.colcon_core.environment:checking '/home/hanimn/intro_robo_ws/src/Final/install/my_classifier/bin'
[3.774s] Level 1:colcon.colcon_core.environment:create_environment_scripts_only(my_classifier)
[3.774s] INFO:colcon.colcon_core.shell:Creating package script '/home/hanimn/intro_robo_ws/src/Final/install/my_classifier/share/my_classifier/package.ps1'
[3.779s] INFO:colcon.colcon_core.shell:Creating package descriptor '/home/hanimn/intro_robo_ws/src/Final/install/my_classifier/share/my_classifier/package.dsv'
[3.783s] INFO:colcon.colcon_core.shell:Creating package script '/home/hanimn/intro_robo_ws/src/Final/install/my_classifier/share/my_classifier/package.sh'
[3.788s] INFO:colcon.colcon_core.shell:Creating package script '/home/hanimn/intro_robo_ws/src/Final/install/my_classifier/share/my_classifier/package.bash'
[3.792s] INFO:colcon.colcon_core.shell:Creating package script '/home/hanimn/intro_robo_ws/src/Final/install/my_classifier/share/my_classifier/package.zsh'
[3.797s] Level 1:colcon.colcon_core.environment:create_file_with_runtime_dependencies(/home/hanimn/intro_robo_ws/src/Final/install/my_classifier/share/colcon-core/packages/my_classifier)
[5.130s] DEBUG:colcon.colcon_core.event_handler.log_command:Invoked command in '/home/hanimn/intro_robo_ws/src/Final/build/attackdefend_interfaces' returned '0': CMAKE_PREFIX_PATH=${CMAKE_PREFIX_PATH}:/home/hanimn/intro_robo_ws/src/Final/install/defendagentattack:/home/hanimn/intro_robo_ws/src/Final/src_defend_agent_attack/install/defendagentattack:/home/hanimn/intro_robo_ws/install/warmup_project:/home/hanimn/intro_robo_ws/install/q_learning_project:/home/hanimn/intro_robo_ws/install/particle_filter_project:/home/hanimn/intro_robo_ws/install/my_classifier:/home/hanimn/intro_robo_ws/install/lab_f_image_classifier:/home/hanimn/intro_robo_ws/install/lab_e_traffic_bot:/home/hanimn/intro_robo_ws/install/lab_b_line_follower:/home/hanimn/intro_robo_ws/install/lab_a_stop_at_wall:/home/hanimn/intro_robo_ws/install/lab_a_spin_circles:/home/hanimn/intro_robo_ws/install/first_ros2_nodes:/home/hanimn/intro_robo_ws/install/defendagentattack:/home/hanimn/intro_robo_ws/src/Final/install/my_classifier:/opt/ros/humble /usr/bin/cmake /home/hanimn/intro_robo_ws/src/Final/src_defend_agent_attack/attackdefend_interfaces -DAMENT_CMAKE_SYMLINK_INSTALL=1 -DCMAKE_INSTALL_PREFIX=/home/hanimn/intro_robo_ws/src/Final/install/attackdefend_interfaces
[5.139s] DEBUG:colcon.colcon_core.event_handler.log_command:Invoking command in '/home/hanimn/intro_robo_ws/src/Final/build/attackdefend_interfaces': CMAKE_PREFIX_PATH=${CMAKE_PREFIX_PATH}:/home/hanimn/intro_robo_ws/src/Final/install/defendagentattack:/home/hanimn/intro_robo_ws/src/Final/src_defend_agent_attack/install/defendagentattack:/home/hanimn/intro_robo_ws/install/warmup_project:/home/hanimn/intro_robo_ws/install/q_learning_project:/home/hanimn/intro_robo_ws/install/particle_filter_project:/home/hanimn/intro_robo_ws/install/my_classifier:/home/hanimn/intro_robo_ws/install/lab_f_image_classifier:/home/hanimn/intro_robo_ws/install/lab_e_traffic_bot:/home/hanimn/intro_robo_ws/install/lab_b_line_follower:/home/hanimn/intro_robo_ws/install/lab_a_stop_at_wall:/home/hanimn/intro_robo_ws/install/lab_a_spin_circles:/home/hanimn/intro_robo_ws/install/first_ros2_nodes:/home/hanimn/intro_robo_ws/install/defendagentattack:/home/hanimn/intro_robo_ws/src/Final/install/my_classifier:/opt/ros/humble /usr/bin/cmake --build /home/hanimn/intro_robo_ws/src/Final/build/attackdefend_interfaces -- -j4 -l4
[5.195s] DEBUG:colcon.colcon_core.event_handler.log_command:Invoked command in '/home/hanimn/intro_robo_ws/src/Final/build/attackdefend_interfaces' returned '0': CMAKE_PREFIX_PATH=${CMAKE_PREFIX_PATH}:/home/hanimn/intro_robo_ws/src/Final/install/defendagentattack:/home/hanimn/intro_robo_ws/src/Final/src_defend_agent_attack/install/defendagentattack:/home/hanimn/intro_robo_ws/install/warmup_project:/home/hanimn/intro_robo_ws/install/q_learning_project:/home/hanimn/intro_robo_ws/install/particle_filter_project:/home/hanimn/intro_robo_ws/install/my_classifier:/home/hanimn/intro_robo_ws/install/lab_f_image_classifier:/home/hanimn/intro_robo_ws/install/lab_e_traffic_bot:/home/hanimn/intro_robo_ws/install/lab_b_line_follower:/home/hanimn/intro_robo_ws/install/lab_a_stop_at_wall:/home/hanimn/intro_robo_ws/install/lab_a_spin_circles:/home/hanimn/intro_robo_ws/install/first_ros2_nodes:/home/hanimn/intro_robo_ws/install/defendagentattack:/home/hanimn/intro_robo_ws/src/Final/install/my_classifier:/opt/ros/humble /usr/bin/cmake --build /home/hanimn/intro_robo_ws/src/Final/build/attackdefend_interfaces -- -j4 -l4
[5.215s] DEBUG:colcon.colcon_core.event_handler.log_command:Invoking command in '/home/hanimn/intro_robo_ws/src/Final/build/attackdefend_interfaces': CMAKE_PREFIX_PATH=${CMAKE_PREFIX_PATH}:/home/hanimn/intro_robo_ws/src/Final/install/defendagentattack:/home/hanimn/intro_robo_ws/src/Final/src_defend_agent_attack/install/defendagentattack:/home/hanimn/intro_robo_ws/install/warmup_project:/home/hanimn/intro_robo_ws/install/q_learning_project:/home/hanimn/intro_robo_ws/install/particle_filter_project:/home/hanimn/intro_robo_ws/install/my_classifier:/home/hanimn/intro_robo_ws/install/lab_f_image_classifier:/home/hanimn/intro_robo_ws/install/lab_e_traffic_bot:/home/hanimn/intro_robo_ws/install/lab_b_line_follower:/home/hanimn/intro_robo_ws/install/lab_a_stop_at_wall:/home/hanimn/intro_robo_ws/install/lab_a_spin_circles:/home/hanimn/intro_robo_ws/install/first_ros2_nodes:/home/hanimn/intro_robo_ws/install/defendagentattack:/home/hanimn/intro_robo_ws/src/Final/install/my_classifier:/opt/ros/humble /usr/bin/cmake --install /home/hanimn/intro_robo_ws/src/Final/build/attackdefend_interfaces
[5.480s] Level 1:colcon.colcon_core.environment:create_environment_scripts_only(attackdefend_interfaces)
[5.480s] Level 1:colcon.colcon_core.environment:checking '/home/hanimn/intro_robo_ws/src/Final/install/attackdefend_interfaces' for CMake module files
[5.481s] DEBUG:colcon.colcon_core.event_handler.log_command:Invoked command in '/home/hanimn/intro_robo_ws/src/Final/build/attackdefend_interfaces' returned '0': CMAKE_PREFIX_PATH=${CMAKE_PREFIX_PATH}:/home/hanimn/intro_robo_ws/src/Final/install/defendagentattack:/home/hanimn/intro_robo_ws/src/Final/src_defend_agent_attack/install/defendagentattack:/home/hanimn/intro_robo_ws/install/warmup_project:/home/hanimn/intro_robo_ws/install/q_learning_project:/home/hanimn/intro_robo_ws/install/particle_filter_project:/home/hanimn/intro_robo_ws/install/my_classifier:/home/hanimn/intro_robo_ws/install/lab_f_image_classifier:/home/hanimn/intro_robo_ws/install/lab_e_traffic_bot:/home/hanimn/intro_robo_ws/install/lab_b_line_follower:/home/hanimn/intro_robo_ws/install/lab_a_stop_at_wall:/home/hanimn/intro_robo_ws/install/lab_a_spin_circles:/home/hanimn/intro_robo_ws/install/first_ros2_nodes:/home/hanimn/intro_robo_ws/install/defendagentattack:/home/hanimn/intro_robo_ws/src/Final/install/my_classifier:/opt/ros/humble /usr/bin/cmake --install /home/hanimn/intro_robo_ws/src/Final/build/attackdefend_interfaces
[5.485s] Level 1:colcon.colcon_core.environment:checking '/home/hanimn/intro_robo_ws/src/Final/install/attackdefend_interfaces' for CMake config files
[5.489s] Level 1:colcon.colcon_core.shell:create_environment_hook('attackdefend_interfaces', 'cmake_prefix_path')
[5.489s] INFO:colcon.colcon_core.shell:Creating environment hook '/home/hanimn/intro_robo_ws/src/Final/install/attackdefend_interfaces/share/attackdefend_interfaces/hook/cmake_prefix_path.ps1'
[5.495s] INFO:colcon.colcon_core.shell:Creating environment descriptor '/home/hanimn/intro_robo_ws/src/Final/install/attackdefend_interfaces/share/attackdefend_interfaces/hook/cmake_prefix_path.dsv'
[5.500s] INFO:colcon.colcon_core.shell:Creating environment hook '/home/hanimn/intro_robo_ws/src/Final/install/attackdefend_interfaces/share/attackdefend_interfaces/hook/cmake_prefix_path.sh'
[5.505s] Level 1:colcon.colcon_core.environment:checking '/home/hanimn/intro_robo_ws/src/Final/install/attackdefend_interfaces/bin'
[5.506s] Level 1:colcon.colcon_core.environment:checking '/home/hanimn/intro_robo_ws/src/Final/install/attackdefend_interfaces/lib/pkgconfig/attackdefend_interfaces.pc'
[5.506s] Level 1:colcon.colcon_core.environment:checking '/home/hanimn/intro_robo_ws/src/Final/install/attackdefend_interfaces/lib/python3.10/site-packages'
[5.506s] Level 1:colcon.colcon_core.environment:checking '/home/hanimn/intro_robo_ws/src/Final/install/attackdefend_interfaces/bin'
[5.506s] INFO:colcon.colcon_core.shell:Creating package script '/home/hanimn/intro_robo_ws/src/Final/install/attackdefend_interfaces/share/attackdefend_interfaces/package.ps1'
[5.511s] INFO:colcon.colcon_core.shell:Creating package descriptor '/home/hanimn/intro_robo_ws/src/Final/install/attackdefend_interfaces/share/attackdefend_interfaces/package.dsv'
[5.516s] INFO:colcon.colcon_core.shell:Creating package script '/home/hanimn/intro_robo_ws/src/Final/install/attackdefend_interfaces/share/attackdefend_interfaces/package.sh'
[5.520s] INFO:colcon.colcon_core.shell:Creating package script '/home/hanimn/intro_robo_ws/src/Final/install/attackdefend_interfaces/share/attackdefend_interfaces/package.bash'
[5.525s] INFO:colcon.colcon_core.shell:Creating package script '/home/hanimn/intro_robo_ws/src/Final/install/attackdefend_interfaces/share/attackdefend_interfaces/package.zsh'
[5.530s] Level 1:colcon.colcon_core.environment:create_file_with_runtime_dependencies(/home/hanimn/intro_robo_ws/src/Final/install/attackdefend_interfaces/share/colcon-core/packages/attackdefend_interfaces)
[5.539s] Level 1:colcon.colcon_core.environment:create_environment_scripts_only(attackdefend_interfaces)
[5.539s] Level 1:colcon.colcon_core.environment:checking '/home/hanimn/intro_robo_ws/src/Final/install/attackdefend_interfaces' for CMake module files
[5.543s] Level 1:colcon.colcon_core.environment:checking '/home/hanimn/intro_robo_ws/src/Final/install/attackdefend_interfaces' for CMake config files
[5.548s] Level 1:colcon.colcon_core.shell:create_environment_hook('attackdefend_interfaces', 'cmake_prefix_path')
[5.548s] INFO:colcon.colcon_core.shell:Creating environment hook '/home/hanimn/intro_robo_ws/src/Final/install/attackdefend_interfaces/share/attackdefend_interfaces/hook/cmake_prefix_path.ps1'
[5.554s] INFO:colcon.colcon_core.shell:Creating environment descriptor '/home/hanimn/intro_robo_ws/src/Final/install/attackdefend_interfaces/share/attackdefend_interfaces/hook/cmake_prefix_path.dsv'
[5.558s] INFO:colcon.colcon_core.shell:Creating environment hook '/home/hanimn/intro_robo_ws/src/Final/install/attackdefend_interfaces/share/attackdefend_interfaces/hook/cmake_prefix_path.sh'
[5.563s] Level 1:colcon.colcon_core.environment:checking '/home/hanimn/intro_robo_ws/src/Final/install/attackdefend_interfaces/bin'
[5.563s] Level 1:colcon.colcon_core.environment:checking '/home/hanimn/intro_robo_ws/src/Final/install/attackdefend_interfaces/lib/pkgconfig/attackdefend_interfaces.pc'
[5.563s] Level 1:colcon.colcon_core.environment:checking '/home/hanimn/intro_robo_ws/src/Final/install/attackdefend_interfaces/lib/python3.10/site-packages'
[5.563s] Level 1:colcon.colcon_core.environment:checking '/home/hanimn/intro_robo_ws/src/Final/install/attackdefend_interfaces/bin'
[5.564s] INFO:colcon.colcon_core.shell:Creating package script '/home/hanimn/intro_robo_ws/src/Final/install/attackdefend_interfaces/share/attackdefend_interfaces/package.ps1'
[5.568s] INFO:colcon.colcon_core.shell:Creating package descriptor '/home/hanimn/intro_robo_ws/src/Final/install/attackdefend_interfaces/share/attackdefend_interfaces/package.dsv'
[5.572s] INFO:colcon.colcon_core.shell:Creating package script '/home/hanimn/intro_robo_ws/src/Final/install/attackdefend_interfaces/share/attackdefend_interfaces/package.sh'
[5.576s] INFO:colcon.colcon_core.shell:Creating package script '/home/hanimn/intro_robo_ws/src/Final/install/attackdefend_interfaces/share/attackdefend_interfaces/package.bash'
[5.581s] INFO:colcon.colcon_core.shell:Creating package script '/home/hanimn/intro_robo_ws/src/Final/install/attackdefend_interfaces/share/attackdefend_interfaces/package.zsh'
[5.585s] Level 1:colcon.colcon_core.environment:create_file_with_runtime_dependencies(/home/hanimn/intro_robo_ws/src/Final/install/attackdefend_interfaces/share/colcon-core/packages/attackdefend_interfaces)
[5.589s] DEBUG:colcon.colcon_parallel_executor.executor.parallel:closing loop
[5.589s] DEBUG:colcon.colcon_parallel_executor.executor.parallel:loop closed
[5.589s] DEBUG:colcon.colcon_parallel_executor.executor.parallel:run_until_complete finished with '0'
[5.589s] DEBUG:colcon.colcon_core.event_reactor:joining thread
[5.608s] INFO:colcon.colcon_core.plugin_system:Skipping extension 'colcon_notification.desktop_notification.terminal_notifier': Not used on non-Darwin systems
[5.608s] INFO:colcon.colcon_core.plugin_system:Skipping extension 'colcon_notification.desktop_notification.win32': Not used on non-Windows systems
[5.608s] INFO:colcon.colcon_notification.desktop_notification:Sending desktop notification using 'notify2'
[5.617s] DEBUG:colcon.colcon_core.event_reactor:joined thread
[5.617s] INFO:colcon.colcon_core.shell:Creating prefix script '/home/hanimn/intro_robo_ws/src/Final/install/local_setup.ps1'
[5.623s] INFO:colcon.colcon_core.shell:Creating prefix util module '/home/hanimn/intro_robo_ws/src/Final/install/_local_setup_util_ps1.py'
[5.629s] INFO:colcon.colcon_core.shell:Creating prefix chain script '/home/hanimn/intro_robo_ws/src/Final/install/setup.ps1'
[5.645s] INFO:colcon.colcon_core.shell:Creating prefix script '/home/hanimn/intro_robo_ws/src/Final/install/local_setup.sh'
[5.650s] INFO:colcon.colcon_core.shell:Creating prefix util module '/home/hanimn/intro_robo_ws/src/Final/install/_local_setup_util_sh.py'
[5.654s] INFO:colcon.colcon_core.shell:Creating prefix chain script '/home/hanimn/intro_robo_ws/src/Final/install/setup.sh'
[5.671s] INFO:colcon.colcon_core.shell:Creating prefix script '/home/hanimn/intro_robo_ws/src/Final/install/local_setup.bash'
[5.676s] INFO:colcon.colcon_core.shell:Creating prefix chain script '/home/hanimn/intro_robo_ws/src/Final/install/setup.bash'
[5.691s] INFO:colcon.colcon_core.shell:Creating prefix script '/home/hanimn/intro_robo_ws/src/Final/install/local_setup.zsh'
[5.695s] INFO:colcon.colcon_core.shell:Creating prefix chain script '/home/hanimn/intro_robo_ws/src/Final/install/setup.zsh'
