[0.804s] Invoking command in '/home/clarkd26/intro_robo_ws/src/Final/my_classifier': PYTHONPATH=/home/clarkd26/intro_robo_ws/src/Final/build/my_classifier/prefix_override:/usr/lib/python3/dist-packages/colcon_core/task/python/colcon_distutils_commands:/home/clarkd26/intro_robo_ws/src/Final/install/my_classifier/lib/python3.10/site-packages:${PYTHONPATH} /usr/bin/python3 -W ignore:setup.py install is deprecated -W ignore:easy_install command is deprecated setup.py egg_info --egg-base ../build/my_classifier build --build-base /home/clarkd26/intro_robo_ws/src/Final/build/my_classifier/build install --record /home/clarkd26/intro_robo_ws/src/Final/build/my_classifier/install.log --single-version-externally-managed install_data
[1.037s] running egg_info
[1.037s] creating ../build/my_classifier/my_classifier.egg-info
[1.042s] writing ../build/my_classifier/my_classifier.egg-info/PKG-INFO
[1.058s] writing dependency_links to ../build/my_classifier/my_classifier.egg-info/dependency_links.txt
[1.064s] writing entry points to ../build/my_classifier/my_classifier.egg-info/entry_points.txt
[1.071s] writing requirements to ../build/my_classifier/my_classifier.egg-info/requires.txt
[1.077s] writing top-level names to ../build/my_classifier/my_classifier.egg-info/top_level.txt
[1.084s] writing manifest file '../build/my_classifier/my_classifier.egg-info/SOURCES.txt'
[1.093s] reading manifest file '../build/my_classifier/my_classifier.egg-info/SOURCES.txt'
[1.096s] writing manifest file '../build/my_classifier/my_classifier.egg-info/SOURCES.txt'
[1.099s] running build
[1.100s] running build_py
[1.101s] creating /home/clarkd26/intro_robo_ws/src/Final/build/my_classifier/build
[1.104s] creating /home/clarkd26/intro_robo_ws/src/Final/build/my_classifier/build/lib
[1.106s] creating /home/clarkd26/intro_robo_ws/src/Final/build/my_classifier/build/lib/my_classifier
[1.110s] copying my_classifier/__init__.py -> /home/clarkd26/intro_robo_ws/src/Final/build/my_classifier/build/lib/my_classifier
[1.119s] copying my_classifier/live_demo.py -> /home/clarkd26/intro_robo_ws/src/Final/build/my_classifier/build/lib/my_classifier
[1.131s] copying my_classifier/record_images.py -> /home/clarkd26/intro_robo_ws/src/Final/build/my_classifier/build/lib/my_classifier
[1.140s] copying my_classifier/nn.py -> /home/clarkd26/intro_robo_ws/src/Final/build/my_classifier/build/lib/my_classifier
[1.151s] running install
[1.152s] running install_lib
[1.154s] creating /home/clarkd26/intro_robo_ws/src/Final/install/my_classifier/lib/python3.10/site-packages/my_classifier
[1.159s] copying /home/clarkd26/intro_robo_ws/src/Final/build/my_classifier/build/lib/my_classifier/nn.py -> /home/clarkd26/intro_robo_ws/src/Final/install/my_classifier/lib/python3.10/site-packages/my_classifier
[1.172s] copying /home/clarkd26/intro_robo_ws/src/Final/build/my_classifier/build/lib/my_classifier/record_images.py -> /home/clarkd26/intro_robo_ws/src/Final/install/my_classifier/lib/python3.10/site-packages/my_classifier
[1.187s] copying /home/clarkd26/intro_robo_ws/src/Final/build/my_classifier/build/lib/my_classifier/live_demo.py -> /home/clarkd26/intro_robo_ws/src/Final/install/my_classifier/lib/python3.10/site-packages/my_classifier
[1.200s] copying /home/clarkd26/intro_robo_ws/src/Final/build/my_classifier/build/lib/my_classifier/__init__.py -> /home/clarkd26/intro_robo_ws/src/Final/install/my_classifier/lib/python3.10/site-packages/my_classifier
[1.210s] byte-compiling /home/clarkd26/intro_robo_ws/src/Final/install/my_classifier/lib/python3.10/site-packages/my_classifier/nn.py to nn.cpython-310.pyc
[1.226s] byte-compiling /home/clarkd26/intro_robo_ws/src/Final/install/my_classifier/lib/python3.10/site-packages/my_classifier/record_images.py to record_images.cpython-310.pyc
[1.242s] byte-compiling /home/clarkd26/intro_robo_ws/src/Final/install/my_classifier/lib/python3.10/site-packages/my_classifier/live_demo.py to live_demo.cpython-310.pyc
[1.256s] byte-compiling /home/clarkd26/intro_robo_ws/src/Final/install/my_classifier/lib/python3.10/site-packages/my_classifier/__init__.py to __init__.cpython-310.pyc
[1.269s] running install_data
[1.269s] creating /home/clarkd26/intro_robo_ws/src/Final/install/my_classifier/share/ament_index
[1.271s] creating /home/clarkd26/intro_robo_ws/src/Final/install/my_classifier/share/ament_index/resource_index
[1.275s] creating /home/clarkd26/intro_robo_ws/src/Final/install/my_classifier/share/ament_index/resource_index/packages
[1.280s] copying resource/my_classifier -> /home/clarkd26/intro_robo_ws/src/Final/install/my_classifier/share/ament_index/resource_index/packages
[1.292s] copying package.xml -> /home/clarkd26/intro_robo_ws/src/Final/install/my_classifier/share/my_classifier
[1.303s] running install_egg_info
[1.306s] Copying ../build/my_classifier/my_classifier.egg-info to /home/clarkd26/intro_robo_ws/src/Final/install/my_classifier/lib/python3.10/site-packages/my_classifier-0.0.0-py3.10.egg-info
[1.406s] running install_scripts
[1.425s] Installing live_demo script to /home/clarkd26/intro_robo_ws/src/Final/install/my_classifier/lib/my_classifier
[1.437s] writing list of installed files to '/home/clarkd26/intro_robo_ws/src/Final/build/my_classifier/install.log'
[1.459s] Invoked command in '/home/clarkd26/intro_robo_ws/src/Final/my_classifier' returned '0': PYTHONPATH=/home/clarkd26/intro_robo_ws/src/Final/build/my_classifier/prefix_override:/usr/lib/python3/dist-packages/colcon_core/task/python/colcon_distutils_commands:/home/clarkd26/intro_robo_ws/src/Final/install/my_classifier/lib/python3.10/site-packages:${PYTHONPATH} /usr/bin/python3 -W ignore:setup.py install is deprecated -W ignore:easy_install command is deprecated setup.py egg_info --egg-base ../build/my_classifier build --build-base /home/clarkd26/intro_robo_ws/src/Final/build/my_classifier/build install --record /home/clarkd26/intro_robo_ws/src/Final/build/my_classifier/install.log --single-version-externally-managed install_data
