[0.315s] DEBUG:colcon:Command line arguments: ['/usr/bin/colcon', 'build']
[0.315s] DEBUG:colcon:Parsed command line arguments: Namespace(log_base=None, log_level=None, verb_name='build', build_base='build', install_base='install', merge_install=False, symlink_install=False, test_result_base=None, continue_on_error=False, executor='parallel', parallel_workers=4, event_handlers=None, ignore_user_meta=False, metas=['./colcon.meta'], base_paths=['.'], packages_ignore=None, packages_ignore_regex=None, paths=None, packages_up_to=None, packages_up_to_regex=None, packages_above=None, packages_above_and_dependencies=None, packages_above_depth=None, packages_select_by_dep=None, packages_skip_by_dep=None, packages_skip_up_to=None, packages_select_build_failed=False, packages_skip_build_finished=False, packages_select_test_failures=False, packages_skip_test_passed=False, packages_select=None, packages_skip=None, packages_select_regex=None, packages_skip_regex=None, packages_start=None, packages_end=None, allow_overriding=[], cmake_args=None, cmake_target=None, cmake_target_skip_unavailable=False, cmake_clean_cache=False, cmake_clean_first=False, cmake_force_configure=False, ament_cmake_args=None, catkin_cmake_args=None, catkin_skip_building_tests=False, verb_parser=<colcon_defaults.argument_parser.defaults.DefaultArgumentsDecorator object at 0x719b7bc83b50>, verb_extension=<colcon_core.verb.build.BuildVerb object at 0x719b7bdb5660>, main=<bound method BuildVerb.main of <colcon_core.verb.build.BuildVerb object at 0x719b7bdb5660>>)
[0.692s] Level 1:colcon.colcon_core.package_discovery:discover_packages(colcon_meta) check parameters
[0.692s] Level 1:colcon.colcon_core.package_discovery:discover_packages(recursive) check parameters
[0.692s] Level 1:colcon.colcon_core.package_discovery:discover_packages(ignore) check parameters
[0.692s] Level 1:colcon.colcon_core.package_discovery:discover_packages(path) check parameters
[0.692s] Level 1:colcon.colcon_core.package_discovery:discover_packages(colcon_meta) discover
[0.692s] Level 1:colcon.colcon_core.package_discovery:discover_packages(recursive) discover
[0.692s] INFO:colcon.colcon_core.package_discovery:Crawling recursively for packages in '/home/hanimn/intro_robo_ws/src/Final'
[0.693s] Level 1:colcon.colcon_core.package_identification:_identify(.) by extensions ['ignore', 'ignore_ament_install']
[0.693s] Level 1:colcon.colcon_core.package_identification:_identify(.) by extension 'ignore'
[0.693s] Level 1:colcon.colcon_core.package_identification:_identify(.) by extension 'ignore_ament_install'
[0.693s] Level 1:colcon.colcon_core.package_identification:_identify(.) by extensions ['colcon_pkg']
[0.693s] Level 1:colcon.colcon_core.package_identification:_identify(.) by extension 'colcon_pkg'
[0.693s] Level 1:colcon.colcon_core.package_identification:_identify(.) by extensions ['colcon_meta']
[0.693s] Level 1:colcon.colcon_core.package_identification:_identify(.) by extension 'colcon_meta'
[0.693s] Level 1:colcon.colcon_core.package_identification:_identify(.) by extensions ['ros']
[0.693s] Level 1:colcon.colcon_core.package_identification:_identify(.) by extension 'ros'
[0.710s] Level 1:colcon.colcon_core.package_identification:_identify(.) by extensions ['cmake', 'python']
[0.710s] Level 1:colcon.colcon_core.package_identification:_identify(.) by extension 'cmake'
[0.710s] Level 1:colcon.colcon_core.package_identification:_identify(.) by extension 'python'
[0.710s] Level 1:colcon.colcon_core.package_identification:_identify(.) by extensions ['python_setup_py']
[0.710s] Level 1:colcon.colcon_core.package_identification:_identify(.) by extension 'python_setup_py'
[0.711s] Level 1:colcon.colcon_core.package_identification:_identify(NN) by extensions ['ignore', 'ignore_ament_install']
[0.711s] Level 1:colcon.colcon_core.package_identification:_identify(NN) by extension 'ignore'
[0.711s] Level 1:colcon.colcon_core.package_identification:_identify(NN) by extension 'ignore_ament_install'
[0.711s] Level 1:colcon.colcon_core.package_identification:_identify(NN) by extensions ['colcon_pkg']
[0.711s] Level 1:colcon.colcon_core.package_identification:_identify(NN) by extension 'colcon_pkg'
[0.711s] Level 1:colcon.colcon_core.package_identification:_identify(NN) by extensions ['colcon_meta']
[0.711s] Level 1:colcon.colcon_core.package_identification:_identify(NN) by extension 'colcon_meta'
[0.711s] Level 1:colcon.colcon_core.package_identification:_identify(NN) by extensions ['ros']
[0.711s] Level 1:colcon.colcon_core.package_identification:_identify(NN) by extension 'ros'
[0.711s] Level 1:colcon.colcon_core.package_identification:_identify(NN) by extensions ['cmake', 'python']
[0.711s] Level 1:colcon.colcon_core.package_identification:_identify(NN) by extension 'cmake'
[0.711s] Level 1:colcon.colcon_core.package_identification:_identify(NN) by extension 'python'
[0.711s] Level 1:colcon.colcon_core.package_identification:_identify(NN) by extensions ['python_setup_py']
[0.711s] Level 1:colcon.colcon_core.package_identification:_identify(NN) by extension 'python_setup_py'
[0.712s] Level 1:colcon.colcon_core.package_identification:_identify(NN/Attacker) by extensions ['ignore', 'ignore_ament_install']
[0.712s] Level 1:colcon.colcon_core.package_identification:_identify(NN/Attacker) by extension 'ignore'
[0.712s] Level 1:colcon.colcon_core.package_identification:_identify(NN/Attacker) by extension 'ignore_ament_install'
[0.712s] Level 1:colcon.colcon_core.package_identification:_identify(NN/Attacker) by extensions ['colcon_pkg']
[0.712s] Level 1:colcon.colcon_core.package_identification:_identify(NN/Attacker) by extension 'colcon_pkg'
[0.712s] Level 1:colcon.colcon_core.package_identification:_identify(NN/Attacker) by extensions ['colcon_meta']
[0.712s] Level 1:colcon.colcon_core.package_identification:_identify(NN/Attacker) by extension 'colcon_meta'
[0.712s] Level 1:colcon.colcon_core.package_identification:_identify(NN/Attacker) by extensions ['ros']
[0.712s] Level 1:colcon.colcon_core.package_identification:_identify(NN/Attacker) by extension 'ros'
[0.712s] Level 1:colcon.colcon_core.package_identification:_identify(NN/Attacker) by extensions ['cmake', 'python']
[0.712s] Level 1:colcon.colcon_core.package_identification:_identify(NN/Attacker) by extension 'cmake'
[0.712s] Level 1:colcon.colcon_core.package_identification:_identify(NN/Attacker) by extension 'python'
[0.712s] Level 1:colcon.colcon_core.package_identification:_identify(NN/Attacker) by extensions ['python_setup_py']
[0.712s] Level 1:colcon.colcon_core.package_identification:_identify(NN/Attacker) by extension 'python_setup_py'
[0.713s] Level 1:colcon.colcon_core.package_identification:_identify(NN/Attacker/data) by extensions ['ignore', 'ignore_ament_install']
[0.713s] Level 1:colcon.colcon_core.package_identification:_identify(NN/Attacker/data) by extension 'ignore'
[0.713s] Level 1:colcon.colcon_core.package_identification:_identify(NN/Attacker/data) by extension 'ignore_ament_install'
[0.713s] Level 1:colcon.colcon_core.package_identification:_identify(NN/Attacker/data) by extensions ['colcon_pkg']
[0.713s] Level 1:colcon.colcon_core.package_identification:_identify(NN/Attacker/data) by extension 'colcon_pkg'
[0.713s] Level 1:colcon.colcon_core.package_identification:_identify(NN/Attacker/data) by extensions ['colcon_meta']
[0.713s] Level 1:colcon.colcon_core.package_identification:_identify(NN/Attacker/data) by extension 'colcon_meta'
[0.714s] Level 1:colcon.colcon_core.package_identification:_identify(NN/Attacker/data) by extensions ['ros']
[0.714s] Level 1:colcon.colcon_core.package_identification:_identify(NN/Attacker/data) by extension 'ros'
[0.714s] Level 1:colcon.colcon_core.package_identification:_identify(NN/Attacker/data) by extensions ['cmake', 'python']
[0.714s] Level 1:colcon.colcon_core.package_identification:_identify(NN/Attacker/data) by extension 'cmake'
[0.714s] Level 1:colcon.colcon_core.package_identification:_identify(NN/Attacker/data) by extension 'python'
[0.714s] Level 1:colcon.colcon_core.package_identification:_identify(NN/Attacker/data) by extensions ['python_setup_py']
[0.714s] Level 1:colcon.colcon_core.package_identification:_identify(NN/Attacker/data) by extension 'python_setup_py'
[0.714s] Level 1:colcon.colcon_core.package_identification:_identify(NN/Attacker/data/left) by extensions ['ignore', 'ignore_ament_install']
[0.714s] Level 1:colcon.colcon_core.package_identification:_identify(NN/Attacker/data/left) by extension 'ignore'
[0.714s] Level 1:colcon.colcon_core.package_identification:_identify(NN/Attacker/data/left) by extension 'ignore_ament_install'
[0.714s] Level 1:colcon.colcon_core.package_identification:_identify(NN/Attacker/data/left) by extensions ['colcon_pkg']
[0.715s] Level 1:colcon.colcon_core.package_identification:_identify(NN/Attacker/data/left) by extension 'colcon_pkg'
[0.715s] Level 1:colcon.colcon_core.package_identification:_identify(NN/Attacker/data/left) by extensions ['colcon_meta']
[0.715s] Level 1:colcon.colcon_core.package_identification:_identify(NN/Attacker/data/left) by extension 'colcon_meta'
[0.715s] Level 1:colcon.colcon_core.package_identification:_identify(NN/Attacker/data/left) by extensions ['ros']
[0.715s] Level 1:colcon.colcon_core.package_identification:_identify(NN/Attacker/data/left) by extension 'ros'
[0.715s] Level 1:colcon.colcon_core.package_identification:_identify(NN/Attacker/data/left) by extensions ['cmake', 'python']
[0.715s] Level 1:colcon.colcon_core.package_identification:_identify(NN/Attacker/data/left) by extension 'cmake'
[0.715s] Level 1:colcon.colcon_core.package_identification:_identify(NN/Attacker/data/left) by extension 'python'
[0.715s] Level 1:colcon.colcon_core.package_identification:_identify(NN/Attacker/data/left) by extensions ['python_setup_py']
[0.715s] Level 1:colcon.colcon_core.package_identification:_identify(NN/Attacker/data/left) by extension 'python_setup_py'
[0.715s] Level 1:colcon.colcon_core.package_identification:_identify(NN/Attacker/data/right) by extensions ['ignore', 'ignore_ament_install']
[0.715s] Level 1:colcon.colcon_core.package_identification:_identify(NN/Attacker/data/right) by extension 'ignore'
[0.715s] Level 1:colcon.colcon_core.package_identification:_identify(NN/Attacker/data/right) by extension 'ignore_ament_install'
[0.716s] Level 1:colcon.colcon_core.package_identification:_identify(NN/Attacker/data/right) by extensions ['colcon_pkg']
[0.716s] Level 1:colcon.colcon_core.package_identification:_identify(NN/Attacker/data/right) by extension 'colcon_pkg'
[0.716s] Level 1:colcon.colcon_core.package_identification:_identify(NN/Attacker/data/right) by extensions ['colcon_meta']
[0.716s] Level 1:colcon.colcon_core.package_identification:_identify(NN/Attacker/data/right) by extension 'colcon_meta'
[0.716s] Level 1:colcon.colcon_core.package_identification:_identify(NN/Attacker/data/right) by extensions ['ros']
[0.716s] Level 1:colcon.colcon_core.package_identification:_identify(NN/Attacker/data/right) by extension 'ros'
[0.716s] Level 1:colcon.colcon_core.package_identification:_identify(NN/Attacker/data/right) by extensions ['cmake', 'python']
[0.716s] Level 1:colcon.colcon_core.package_identification:_identify(NN/Attacker/data/right) by extension 'cmake'
[0.716s] Level 1:colcon.colcon_core.package_identification:_identify(NN/Attacker/data/right) by extension 'python'
[0.716s] Level 1:colcon.colcon_core.package_identification:_identify(NN/Attacker/data/right) by extensions ['python_setup_py']
[0.716s] Level 1:colcon.colcon_core.package_identification:_identify(NN/Attacker/data/right) by extension 'python_setup_py'
[0.716s] Level 1:colcon.colcon_core.package_identification:_identify(NN/Defender) by extensions ['ignore', 'ignore_ament_install']
[0.716s] Level 1:colcon.colcon_core.package_identification:_identify(NN/Defender) by extension 'ignore'
[0.716s] Level 1:colcon.colcon_core.package_identification:_identify(NN/Defender) by extension 'ignore_ament_install'
[0.716s] Level 1:colcon.colcon_core.package_identification:_identify(NN/Defender) by extensions ['colcon_pkg']
[0.716s] Level 1:colcon.colcon_core.package_identification:_identify(NN/Defender) by extension 'colcon_pkg'
[0.716s] Level 1:colcon.colcon_core.package_identification:_identify(NN/Defender) by extensions ['colcon_meta']
[0.716s] Level 1:colcon.colcon_core.package_identification:_identify(NN/Defender) by extension 'colcon_meta'
[0.716s] Level 1:colcon.colcon_core.package_identification:_identify(NN/Defender) by extensions ['ros']
[0.716s] Level 1:colcon.colcon_core.package_identification:_identify(NN/Defender) by extension 'ros'
[0.717s] Level 1:colcon.colcon_core.package_identification:_identify(NN/Defender) by extensions ['cmake', 'python']
[0.717s] Level 1:colcon.colcon_core.package_identification:_identify(NN/Defender) by extension 'cmake'
[0.717s] Level 1:colcon.colcon_core.package_identification:_identify(NN/Defender) by extension 'python'
[0.717s] Level 1:colcon.colcon_core.package_identification:_identify(NN/Defender) by extensions ['python_setup_py']
[0.717s] Level 1:colcon.colcon_core.package_identification:_identify(NN/Defender) by extension 'python_setup_py'
[0.717s] Level 1:colcon.colcon_core.package_identification:_identify(NN/Defender/data) by extensions ['ignore', 'ignore_ament_install']
[0.717s] Level 1:colcon.colcon_core.package_identification:_identify(NN/Defender/data) by extension 'ignore'
[0.718s] Level 1:colcon.colcon_core.package_identification:_identify(NN/Defender/data) by extension 'ignore_ament_install'
[0.718s] Level 1:colcon.colcon_core.package_identification:_identify(NN/Defender/data) by extensions ['colcon_pkg']
[0.719s] Level 1:colcon.colcon_core.package_identification:_identify(NN/Defender/data) by extension 'colcon_pkg'
[0.719s] Level 1:colcon.colcon_core.package_identification:_identify(NN/Defender/data) by extensions ['colcon_meta']
[0.719s] Level 1:colcon.colcon_core.package_identification:_identify(NN/Defender/data) by extension 'colcon_meta'
[0.719s] Level 1:colcon.colcon_core.package_identification:_identify(NN/Defender/data) by extensions ['ros']
[0.719s] Level 1:colcon.colcon_core.package_identification:_identify(NN/Defender/data) by extension 'ros'
[0.721s] Level 1:colcon.colcon_core.package_identification:_identify(NN/Defender/data) by extensions ['cmake', 'python']
[0.721s] Level 1:colcon.colcon_core.package_identification:_identify(NN/Defender/data) by extension 'cmake'
[0.721s] Level 1:colcon.colcon_core.package_identification:_identify(NN/Defender/data) by extension 'python'
[0.722s] Level 1:colcon.colcon_core.package_identification:_identify(NN/Defender/data) by extensions ['python_setup_py']
[0.722s] Level 1:colcon.colcon_core.package_identification:_identify(NN/Defender/data) by extension 'python_setup_py'
[0.722s] Level 1:colcon.colcon_core.package_identification:_identify(NN/Defender/data/center) by extensions ['ignore', 'ignore_ament_install']
[0.722s] Level 1:colcon.colcon_core.package_identification:_identify(NN/Defender/data/center) by extension 'ignore'
[0.723s] Level 1:colcon.colcon_core.package_identification:_identify(NN/Defender/data/center) by extension 'ignore_ament_install'
[0.723s] Level 1:colcon.colcon_core.package_identification:_identify(NN/Defender/data/center) by extensions ['colcon_pkg']
[0.723s] Level 1:colcon.colcon_core.package_identification:_identify(NN/Defender/data/center) by extension 'colcon_pkg'
[0.724s] Level 1:colcon.colcon_core.package_identification:_identify(NN/Defender/data/center) by extensions ['colcon_meta']
[0.724s] Level 1:colcon.colcon_core.package_identification:_identify(NN/Defender/data/center) by extension 'colcon_meta'
[0.724s] Level 1:colcon.colcon_core.package_identification:_identify(NN/Defender/data/center) by extensions ['ros']
[0.724s] Level 1:colcon.colcon_core.package_identification:_identify(NN/Defender/data/center) by extension 'ros'
[0.726s] Level 1:colcon.colcon_core.package_identification:_identify(NN/Defender/data/center) by extensions ['cmake', 'python']
[0.726s] Level 1:colcon.colcon_core.package_identification:_identify(NN/Defender/data/center) by extension 'cmake'
[0.726s] Level 1:colcon.colcon_core.package_identification:_identify(NN/Defender/data/center) by extension 'python'
[0.727s] Level 1:colcon.colcon_core.package_identification:_identify(NN/Defender/data/center) by extensions ['python_setup_py']
[0.727s] Level 1:colcon.colcon_core.package_identification:_identify(NN/Defender/data/center) by extension 'python_setup_py'
[0.727s] Level 1:colcon.colcon_core.package_identification:_identify(NN/Defender/data/left) by extensions ['ignore', 'ignore_ament_install']
[0.727s] Level 1:colcon.colcon_core.package_identification:_identify(NN/Defender/data/left) by extension 'ignore'
[0.728s] Level 1:colcon.colcon_core.package_identification:_identify(NN/Defender/data/left) by extension 'ignore_ament_install'
[0.728s] Level 1:colcon.colcon_core.package_identification:_identify(NN/Defender/data/left) by extensions ['colcon_pkg']
[0.728s] Level 1:colcon.colcon_core.package_identification:_identify(NN/Defender/data/left) by extension 'colcon_pkg'
[0.729s] Level 1:colcon.colcon_core.package_identification:_identify(NN/Defender/data/left) by extensions ['colcon_meta']
[0.729s] Level 1:colcon.colcon_core.package_identification:_identify(NN/Defender/data/left) by extension 'colcon_meta'
[0.729s] Level 1:colcon.colcon_core.package_identification:_identify(NN/Defender/data/left) by extensions ['ros']
[0.729s] Level 1:colcon.colcon_core.package_identification:_identify(NN/Defender/data/left) by extension 'ros'
[0.730s] Level 1:colcon.colcon_core.package_identification:_identify(NN/Defender/data/left) by extensions ['cmake', 'python']
[0.730s] Level 1:colcon.colcon_core.package_identification:_identify(NN/Defender/data/left) by extension 'cmake'
[0.731s] Level 1:colcon.colcon_core.package_identification:_identify(NN/Defender/data/left) by extension 'python'
[0.731s] Level 1:colcon.colcon_core.package_identification:_identify(NN/Defender/data/left) by extensions ['python_setup_py']
[0.731s] Level 1:colcon.colcon_core.package_identification:_identify(NN/Defender/data/left) by extension 'python_setup_py'
[0.732s] Level 1:colcon.colcon_core.package_identification:_identify(NN/Defender/data/right) by extensions ['ignore', 'ignore_ament_install']
[0.732s] Level 1:colcon.colcon_core.package_identification:_identify(NN/Defender/data/right) by extension 'ignore'
[0.732s] Level 1:colcon.colcon_core.package_identification:_identify(NN/Defender/data/right) by extension 'ignore_ament_install'
[0.733s] Level 1:colcon.colcon_core.package_identification:_identify(NN/Defender/data/right) by extensions ['colcon_pkg']
[0.733s] Level 1:colcon.colcon_core.package_identification:_identify(NN/Defender/data/right) by extension 'colcon_pkg'
[0.734s] Level 1:colcon.colcon_core.package_identification:_identify(NN/Defender/data/right) by extensions ['colcon_meta']
[0.734s] Level 1:colcon.colcon_core.package_identification:_identify(NN/Defender/data/right) by extension 'colcon_meta'
[0.734s] Level 1:colcon.colcon_core.package_identification:_identify(NN/Defender/data/right) by extensions ['ros']
[0.734s] Level 1:colcon.colcon_core.package_identification:_identify(NN/Defender/data/right) by extension 'ros'
[0.735s] Level 1:colcon.colcon_core.package_identification:_identify(NN/Defender/data/right) by extensions ['cmake', 'python']
[0.736s] Level 1:colcon.colcon_core.package_identification:_identify(NN/Defender/data/right) by extension 'cmake'
[0.736s] Level 1:colcon.colcon_core.package_identification:_identify(NN/Defender/data/right) by extension 'python'
[0.736s] Level 1:colcon.colcon_core.package_identification:_identify(NN/Defender/data/right) by extensions ['python_setup_py']
[0.736s] Level 1:colcon.colcon_core.package_identification:_identify(NN/Defender/data/right) by extension 'python_setup_py'
[0.737s] Level 1:colcon.colcon_core.package_identification:_identify(build) by extensions ['ignore', 'ignore_ament_install']
[0.737s] Level 1:colcon.colcon_core.package_identification:_identify(build) by extension 'ignore'
[0.737s] Level 1:colcon.colcon_core.package_identification:_identify(build) ignored
[0.737s] Level 1:colcon.colcon_core.package_identification:_identify(install) by extensions ['ignore', 'ignore_ament_install']
[0.738s] Level 1:colcon.colcon_core.package_identification:_identify(install) by extension 'ignore'
[0.738s] Level 1:colcon.colcon_core.package_identification:_identify(install) ignored
[0.739s] Level 1:colcon.colcon_core.package_identification:_identify(log) by extensions ['ignore', 'ignore_ament_install']
[0.739s] Level 1:colcon.colcon_core.package_identification:_identify(log) by extension 'ignore'
[0.739s] Level 1:colcon.colcon_core.package_identification:_identify(log) ignored
[0.739s] Level 1:colcon.colcon_core.package_identification:_identify(my_classifier) by extensions ['ignore', 'ignore_ament_install']
[0.739s] Level 1:colcon.colcon_core.package_identification:_identify(my_classifier) by extension 'ignore'
[0.739s] Level 1:colcon.colcon_core.package_identification:_identify(my_classifier) by extension 'ignore_ament_install'
[0.740s] Level 1:colcon.colcon_core.package_identification:_identify(my_classifier) by extensions ['colcon_pkg']
[0.740s] Level 1:colcon.colcon_core.package_identification:_identify(my_classifier) by extension 'colcon_pkg'
[0.740s] Level 1:colcon.colcon_core.package_identification:_identify(my_classifier) by extensions ['colcon_meta']
[0.740s] Level 1:colcon.colcon_core.package_identification:_identify(my_classifier) by extension 'colcon_meta'
[0.740s] Level 1:colcon.colcon_core.package_identification:_identify(my_classifier) by extensions ['ros']
[0.740s] Level 1:colcon.colcon_core.package_identification:_identify(my_classifier) by extension 'ros'
[0.743s] DEBUG:colcon.colcon_core.package_identification:Package 'my_classifier' with type 'ros.ament_python' and name 'my_classifier'
[0.743s] Level 1:colcon.colcon_core.package_discovery:discover_packages(recursive) using defaults
[0.744s] Level 1:colcon.colcon_core.package_discovery:discover_packages(ignore) discover
[0.744s] Level 1:colcon.colcon_core.package_discovery:discover_packages(ignore) using defaults
[0.744s] Level 1:colcon.colcon_core.package_discovery:discover_packages(path) discover
[0.744s] Level 1:colcon.colcon_core.package_discovery:discover_packages(path) using defaults
[0.764s] Level 1:colcon.colcon_core.package_discovery:discover_packages(prefix_path) check parameters
[0.765s] Level 1:colcon.colcon_core.package_discovery:discover_packages(prefix_path) discover
[0.816s] WARNING:colcon.colcon_ros.prefix_path.ament:The path '/home/hanimn/intro_robo_ws/install/DefendAgentAttack' in the environment variable AMENT_PREFIX_PATH doesn't exist
[0.862s] DEBUG:colcon.colcon_installed_package_information.package_discovery:Found 21 installed packages in /home/hanimn/intro_robo_ws/src/install
[0.905s] DEBUG:colcon.colcon_installed_package_information.package_discovery:Found 21 installed packages in /home/hanimn/intro_robo_ws/install
[0.908s] DEBUG:colcon.colcon_installed_package_information.package_discovery:Found 452 installed packages in /opt/ros/humble
[0.911s] Level 1:colcon.colcon_core.package_discovery:discover_packages(prefix_path) using defaults
[1.070s] Level 5:colcon.colcon_core.verb:set package 'my_classifier' build argument 'cmake_args' from command line to 'None'
[1.070s] Level 5:colcon.colcon_core.verb:set package 'my_classifier' build argument 'cmake_target' from command line to 'None'
[1.070s] Level 5:colcon.colcon_core.verb:set package 'my_classifier' build argument 'cmake_target_skip_unavailable' from command line to 'False'
[1.070s] Level 5:colcon.colcon_core.verb:set package 'my_classifier' build argument 'cmake_clean_cache' from command line to 'False'
[1.070s] Level 5:colcon.colcon_core.verb:set package 'my_classifier' build argument 'cmake_clean_first' from command line to 'False'
[1.070s] Level 5:colcon.colcon_core.verb:set package 'my_classifier' build argument 'cmake_force_configure' from command line to 'False'
[1.070s] Level 5:colcon.colcon_core.verb:set package 'my_classifier' build argument 'ament_cmake_args' from command line to 'None'
[1.070s] Level 5:colcon.colcon_core.verb:set package 'my_classifier' build argument 'catkin_cmake_args' from command line to 'None'
[1.070s] Level 5:colcon.colcon_core.verb:set package 'my_classifier' build argument 'catkin_skip_building_tests' from command line to 'False'
[1.070s] DEBUG:colcon.colcon_core.verb:Building package 'my_classifier' with the following arguments: {'ament_cmake_args': None, 'build_base': '/home/hanimn/intro_robo_ws/src/Final/build/my_classifier', 'catkin_cmake_args': None, 'catkin_skip_building_tests': False, 'cmake_args': None, 'cmake_clean_cache': False, 'cmake_clean_first': False, 'cmake_force_configure': False, 'cmake_target': None, 'cmake_target_skip_unavailable': False, 'install_base': '/home/hanimn/intro_robo_ws/src/Final/install/my_classifier', 'merge_install': False, 'path': '/home/hanimn/intro_robo_ws/src/Final/my_classifier', 'symlink_install': False, 'test_result_base': None}
[1.070s] INFO:colcon.colcon_core.executor:Executing jobs using 'parallel' executor
[1.072s] DEBUG:colcon.colcon_parallel_executor.executor.parallel:run_until_complete
[1.072s] INFO:colcon.colcon_ros.task.ament_python.build:Building ROS package in '/home/hanimn/intro_robo_ws/src/Final/my_classifier' with build type 'ament_python'
[1.072s] Level 1:colcon.colcon_core.shell:create_environment_hook('my_classifier', 'ament_prefix_path')
[1.075s] INFO:colcon.colcon_core.plugin_system:Skipping extension 'colcon_core.shell.bat': Not used on non-Windows systems
[1.075s] INFO:colcon.colcon_core.shell:Creating environment hook '/home/hanimn/intro_robo_ws/src/Final/install/my_classifier/share/my_classifier/hook/ament_prefix_path.ps1'
[1.082s] INFO:colcon.colcon_core.shell:Creating environment descriptor '/home/hanimn/intro_robo_ws/src/Final/install/my_classifier/share/my_classifier/hook/ament_prefix_path.dsv'
[1.087s] INFO:colcon.colcon_core.shell:Creating environment hook '/home/hanimn/intro_robo_ws/src/Final/install/my_classifier/share/my_classifier/hook/ament_prefix_path.sh'
[1.092s] INFO:colcon.colcon_core.shell:Skip shell extension 'powershell' for command environment: Not usable outside of PowerShell
[1.092s] DEBUG:colcon.colcon_core.shell:Skip shell extension 'dsv' for command environment
[1.607s] INFO:colcon.colcon_core.task.python.build:Building Python package in '/home/hanimn/intro_robo_ws/src/Final/my_classifier'
[1.608s] INFO:colcon.colcon_core.shell:Skip shell extension 'powershell' for command environment: Not usable outside of PowerShell
[1.608s] DEBUG:colcon.colcon_core.shell:Skip shell extension 'dsv' for command environment
[2.265s] DEBUG:colcon.colcon_core.event_handler.log_command:Invoking command in '/home/hanimn/intro_robo_ws/src/Final/my_classifier': PYTHONPATH=/home/hanimn/intro_robo_ws/src/Final/build/my_classifier/prefix_override:/usr/lib/python3/dist-packages/colcon_core/task/python/colcon_distutils_commands:/home/hanimn/intro_robo_ws/src/Final/install/my_classifier/lib/python3.10/site-packages:${PYTHONPATH} /usr/bin/python3 -W ignore:setup.py install is deprecated -W ignore:easy_install command is deprecated setup.py egg_info --egg-base ../build/my_classifier build --build-base /home/hanimn/intro_robo_ws/src/Final/build/my_classifier/build install --record /home/hanimn/intro_robo_ws/src/Final/build/my_classifier/install.log --single-version-externally-managed install_data
[2.916s] DEBUG:colcon.colcon_core.event_handler.log_command:Invoked command in '/home/hanimn/intro_robo_ws/src/Final/my_classifier' returned '0': PYTHONPATH=/home/hanimn/intro_robo_ws/src/Final/build/my_classifier/prefix_override:/usr/lib/python3/dist-packages/colcon_core/task/python/colcon_distutils_commands:/home/hanimn/intro_robo_ws/src/Final/install/my_classifier/lib/python3.10/site-packages:${PYTHONPATH} /usr/bin/python3 -W ignore:setup.py install is deprecated -W ignore:easy_install command is deprecated setup.py egg_info --egg-base ../build/my_classifier build --build-base /home/hanimn/intro_robo_ws/src/Final/build/my_classifier/build install --record /home/hanimn/intro_robo_ws/src/Final/build/my_classifier/install.log --single-version-externally-managed install_data
[2.919s] Level 1:colcon.colcon_core.environment:checking '/home/hanimn/intro_robo_ws/src/Final/install/my_classifier' for CMake module files
[2.921s] Level 1:colcon.colcon_core.environment:checking '/home/hanimn/intro_robo_ws/src/Final/install/my_classifier' for CMake config files
[2.931s] Level 1:colcon.colcon_core.environment:checking '/home/hanimn/intro_robo_ws/src/Final/install/my_classifier/lib'
[2.932s] Level 1:colcon.colcon_core.environment:checking '/home/hanimn/intro_robo_ws/src/Final/install/my_classifier/bin'
[2.932s] Level 1:colcon.colcon_core.environment:checking '/home/hanimn/intro_robo_ws/src/Final/install/my_classifier/lib/pkgconfig/my_classifier.pc'
[2.932s] Level 1:colcon.colcon_core.environment:checking '/home/hanimn/intro_robo_ws/src/Final/install/my_classifier/lib/python3.10/site-packages'
[2.932s] Level 1:colcon.colcon_core.shell:create_environment_hook('my_classifier', 'pythonpath')
[2.932s] INFO:colcon.colcon_core.shell:Creating environment hook '/home/hanimn/intro_robo_ws/src/Final/install/my_classifier/share/my_classifier/hook/pythonpath.ps1'
[2.936s] INFO:colcon.colcon_core.shell:Creating environment descriptor '/home/hanimn/intro_robo_ws/src/Final/install/my_classifier/share/my_classifier/hook/pythonpath.dsv'
[2.940s] INFO:colcon.colcon_core.shell:Creating environment hook '/home/hanimn/intro_robo_ws/src/Final/install/my_classifier/share/my_classifier/hook/pythonpath.sh'
[2.945s] Level 1:colcon.colcon_core.environment:checking '/home/hanimn/intro_robo_ws/src/Final/install/my_classifier/bin'
[2.945s] Level 1:colcon.colcon_core.environment:create_environment_scripts_only(my_classifier)
[2.945s] INFO:colcon.colcon_core.shell:Creating package script '/home/hanimn/intro_robo_ws/src/Final/install/my_classifier/share/my_classifier/package.ps1'
[2.949s] INFO:colcon.colcon_core.shell:Creating package descriptor '/home/hanimn/intro_robo_ws/src/Final/install/my_classifier/share/my_classifier/package.dsv'
[2.954s] INFO:colcon.colcon_core.shell:Creating package script '/home/hanimn/intro_robo_ws/src/Final/install/my_classifier/share/my_classifier/package.sh'
[2.960s] INFO:colcon.colcon_core.shell:Creating package script '/home/hanimn/intro_robo_ws/src/Final/install/my_classifier/share/my_classifier/package.bash'
[2.965s] INFO:colcon.colcon_core.shell:Creating package script '/home/hanimn/intro_robo_ws/src/Final/install/my_classifier/share/my_classifier/package.zsh'
[2.970s] Level 1:colcon.colcon_core.environment:create_file_with_runtime_dependencies(/home/hanimn/intro_robo_ws/src/Final/install/my_classifier/share/colcon-core/packages/my_classifier)
[2.973s] DEBUG:colcon.colcon_parallel_executor.executor.parallel:closing loop
[2.974s] DEBUG:colcon.colcon_parallel_executor.executor.parallel:loop closed
[2.974s] DEBUG:colcon.colcon_parallel_executor.executor.parallel:run_until_complete finished with '0'
[2.974s] DEBUG:colcon.colcon_core.event_reactor:joining thread
[2.994s] INFO:colcon.colcon_core.plugin_system:Skipping extension 'colcon_notification.desktop_notification.terminal_notifier': Not used on non-Darwin systems
[2.994s] INFO:colcon.colcon_core.plugin_system:Skipping extension 'colcon_notification.desktop_notification.win32': Not used on non-Windows systems
[2.994s] INFO:colcon.colcon_notification.desktop_notification:Sending desktop notification using 'notify2'
[3.009s] DEBUG:colcon.colcon_core.event_reactor:joined thread
[3.009s] INFO:colcon.colcon_core.shell:Creating prefix script '/home/hanimn/intro_robo_ws/src/Final/install/local_setup.ps1'
[3.015s] INFO:colcon.colcon_core.shell:Creating prefix util module '/home/hanimn/intro_robo_ws/src/Final/install/_local_setup_util_ps1.py'
[3.021s] INFO:colcon.colcon_core.shell:Creating prefix chain script '/home/hanimn/intro_robo_ws/src/Final/install/setup.ps1'
[3.044s] INFO:colcon.colcon_core.shell:Creating prefix script '/home/hanimn/intro_robo_ws/src/Final/install/local_setup.sh'
[3.049s] INFO:colcon.colcon_core.shell:Creating prefix util module '/home/hanimn/intro_robo_ws/src/Final/install/_local_setup_util_sh.py'
[3.057s] INFO:colcon.colcon_core.shell:Creating prefix chain script '/home/hanimn/intro_robo_ws/src/Final/install/setup.sh'
[3.081s] INFO:colcon.colcon_core.shell:Creating prefix script '/home/hanimn/intro_robo_ws/src/Final/install/local_setup.bash'
[3.088s] INFO:colcon.colcon_core.shell:Creating prefix chain script '/home/hanimn/intro_robo_ws/src/Final/install/setup.bash'
[3.115s] INFO:colcon.colcon_core.shell:Creating prefix script '/home/hanimn/intro_robo_ws/src/Final/install/local_setup.zsh'
[3.120s] INFO:colcon.colcon_core.shell:Creating prefix chain script '/home/hanimn/intro_robo_ws/src/Final/install/setup.zsh'
