[0.228s] DEBUG:colcon:Command line arguments: ['/usr/bin/colcon', 'build', '--symlink-install']
[0.228s] DEBUG:colcon:Parsed command line arguments: Namespace(log_base=None, log_level=None, verb_name='build', build_base='build', install_base='install', merge_install=False, symlink_install=True, test_result_base=None, continue_on_error=False, executor='parallel', parallel_workers=4, event_handlers=None, ignore_user_meta=False, metas=['./colcon.meta'], base_paths=['.'], packages_ignore=None, packages_ignore_regex=None, paths=None, packages_up_to=None, packages_up_to_regex=None, packages_above=None, packages_above_and_dependencies=None, packages_above_depth=None, packages_select_by_dep=None, packages_skip_by_dep=None, packages_skip_up_to=None, packages_select_build_failed=False, packages_skip_build_finished=False, packages_select_test_failures=False, packages_skip_test_passed=False, packages_select=None, packages_skip=None, packages_select_regex=None, packages_skip_regex=None, packages_start=None, packages_end=None, allow_overriding=[], cmake_args=None, cmake_target=None, cmake_target_skip_unavailable=False, cmake_clean_cache=False, cmake_clean_first=False, cmake_force_configure=False, ament_cmake_args=None, catkin_cmake_args=None, catkin_skip_building_tests=False, verb_parser=<colcon_defaults.argument_parser.defaults.DefaultArgumentsDecorator object at 0x75c4049833d0>, verb_extension=<colcon_core.verb.build.BuildVerb object at 0x75c404ac0ee0>, main=<bound method BuildVerb.main of <colcon_core.verb.build.BuildVerb object at 0x75c404ac0ee0>>)
[0.534s] Level 1:colcon.colcon_core.package_discovery:discover_packages(colcon_meta) check parameters
[0.534s] Level 1:colcon.colcon_core.package_discovery:discover_packages(recursive) check parameters
[0.534s] Level 1:colcon.colcon_core.package_discovery:discover_packages(ignore) check parameters
[0.534s] Level 1:colcon.colcon_core.package_discovery:discover_packages(path) check parameters
[0.534s] Level 1:colcon.colcon_core.package_discovery:discover_packages(colcon_meta) discover
[0.534s] Level 1:colcon.colcon_core.package_discovery:discover_packages(recursive) discover
[0.534s] INFO:colcon.colcon_core.package_discovery:Crawling recursively for packages in '/home/hanimn/intro_robo_ws/src/Final'
[0.535s] Level 1:colcon.colcon_core.package_identification:_identify(.) by extensions ['ignore', 'ignore_ament_install']
[0.535s] Level 1:colcon.colcon_core.package_identification:_identify(.) by extension 'ignore'
[0.535s] Level 1:colcon.colcon_core.package_identification:_identify(.) by extension 'ignore_ament_install'
[0.535s] Level 1:colcon.colcon_core.package_identification:_identify(.) by extensions ['colcon_pkg']
[0.535s] Level 1:colcon.colcon_core.package_identification:_identify(.) by extension 'colcon_pkg'
[0.535s] Level 1:colcon.colcon_core.package_identification:_identify(.) by extensions ['colcon_meta']
[0.535s] Level 1:colcon.colcon_core.package_identification:_identify(.) by extension 'colcon_meta'
[0.535s] Level 1:colcon.colcon_core.package_identification:_identify(.) by extensions ['ros']
[0.535s] Level 1:colcon.colcon_core.package_identification:_identify(.) by extension 'ros'
[0.551s] Level 1:colcon.colcon_core.package_identification:_identify(.) by extensions ['cmake', 'python']
[0.551s] Level 1:colcon.colcon_core.package_identification:_identify(.) by extension 'cmake'
[0.551s] Level 1:colcon.colcon_core.package_identification:_identify(.) by extension 'python'
[0.551s] Level 1:colcon.colcon_core.package_identification:_identify(.) by extensions ['python_setup_py']
[0.551s] Level 1:colcon.colcon_core.package_identification:_identify(.) by extension 'python_setup_py'
[0.551s] Level 1:colcon.colcon_core.package_identification:_identify(NN) by extensions ['ignore', 'ignore_ament_install']
[0.551s] Level 1:colcon.colcon_core.package_identification:_identify(NN) by extension 'ignore'
[0.551s] Level 1:colcon.colcon_core.package_identification:_identify(NN) by extension 'ignore_ament_install'
[0.551s] Level 1:colcon.colcon_core.package_identification:_identify(NN) by extensions ['colcon_pkg']
[0.551s] Level 1:colcon.colcon_core.package_identification:_identify(NN) by extension 'colcon_pkg'
[0.551s] Level 1:colcon.colcon_core.package_identification:_identify(NN) by extensions ['colcon_meta']
[0.551s] Level 1:colcon.colcon_core.package_identification:_identify(NN) by extension 'colcon_meta'
[0.551s] Level 1:colcon.colcon_core.package_identification:_identify(NN) by extensions ['ros']
[0.551s] Level 1:colcon.colcon_core.package_identification:_identify(NN) by extension 'ros'
[0.552s] Level 1:colcon.colcon_core.package_identification:_identify(NN) by extensions ['cmake', 'python']
[0.552s] Level 1:colcon.colcon_core.package_identification:_identify(NN) by extension 'cmake'
[0.552s] Level 1:colcon.colcon_core.package_identification:_identify(NN) by extension 'python'
[0.552s] Level 1:colcon.colcon_core.package_identification:_identify(NN) by extensions ['python_setup_py']
[0.552s] Level 1:colcon.colcon_core.package_identification:_identify(NN) by extension 'python_setup_py'
[0.552s] Level 1:colcon.colcon_core.package_identification:_identify(NN/Attacker) by extensions ['ignore', 'ignore_ament_install']
[0.552s] Level 1:colcon.colcon_core.package_identification:_identify(NN/Attacker) by extension 'ignore'
[0.552s] Level 1:colcon.colcon_core.package_identification:_identify(NN/Attacker) by extension 'ignore_ament_install'
[0.552s] Level 1:colcon.colcon_core.package_identification:_identify(NN/Attacker) by extensions ['colcon_pkg']
[0.552s] Level 1:colcon.colcon_core.package_identification:_identify(NN/Attacker) by extension 'colcon_pkg'
[0.552s] Level 1:colcon.colcon_core.package_identification:_identify(NN/Attacker) by extensions ['colcon_meta']
[0.552s] Level 1:colcon.colcon_core.package_identification:_identify(NN/Attacker) by extension 'colcon_meta'
[0.552s] Level 1:colcon.colcon_core.package_identification:_identify(NN/Attacker) by extensions ['ros']
[0.552s] Level 1:colcon.colcon_core.package_identification:_identify(NN/Attacker) by extension 'ros'
[0.552s] Level 1:colcon.colcon_core.package_identification:_identify(NN/Attacker) by extensions ['cmake', 'python']
[0.552s] Level 1:colcon.colcon_core.package_identification:_identify(NN/Attacker) by extension 'cmake'
[0.552s] Level 1:colcon.colcon_core.package_identification:_identify(NN/Attacker) by extension 'python'
[0.552s] Level 1:colcon.colcon_core.package_identification:_identify(NN/Attacker) by extensions ['python_setup_py']
[0.552s] Level 1:colcon.colcon_core.package_identification:_identify(NN/Attacker) by extension 'python_setup_py'
[0.553s] Level 1:colcon.colcon_core.package_identification:_identify(NN/Attacker/data) by extensions ['ignore', 'ignore_ament_install']
[0.553s] Level 1:colcon.colcon_core.package_identification:_identify(NN/Attacker/data) by extension 'ignore'
[0.553s] Level 1:colcon.colcon_core.package_identification:_identify(NN/Attacker/data) by extension 'ignore_ament_install'
[0.553s] Level 1:colcon.colcon_core.package_identification:_identify(NN/Attacker/data) by extensions ['colcon_pkg']
[0.553s] Level 1:colcon.colcon_core.package_identification:_identify(NN/Attacker/data) by extension 'colcon_pkg'
[0.553s] Level 1:colcon.colcon_core.package_identification:_identify(NN/Attacker/data) by extensions ['colcon_meta']
[0.553s] Level 1:colcon.colcon_core.package_identification:_identify(NN/Attacker/data) by extension 'colcon_meta'
[0.553s] Level 1:colcon.colcon_core.package_identification:_identify(NN/Attacker/data) by extensions ['ros']
[0.553s] Level 1:colcon.colcon_core.package_identification:_identify(NN/Attacker/data) by extension 'ros'
[0.553s] Level 1:colcon.colcon_core.package_identification:_identify(NN/Attacker/data) by extensions ['cmake', 'python']
[0.553s] Level 1:colcon.colcon_core.package_identification:_identify(NN/Attacker/data) by extension 'cmake'
[0.553s] Level 1:colcon.colcon_core.package_identification:_identify(NN/Attacker/data) by extension 'python'
[0.553s] Level 1:colcon.colcon_core.package_identification:_identify(NN/Attacker/data) by extensions ['python_setup_py']
[0.553s] Level 1:colcon.colcon_core.package_identification:_identify(NN/Attacker/data) by extension 'python_setup_py'
[0.555s] Level 1:colcon.colcon_core.package_identification:_identify(NN/Attacker/data/left) by extensions ['ignore', 'ignore_ament_install']
[0.555s] Level 1:colcon.colcon_core.package_identification:_identify(NN/Attacker/data/left) by extension 'ignore'
[0.555s] Level 1:colcon.colcon_core.package_identification:_identify(NN/Attacker/data/left) by extension 'ignore_ament_install'
[0.555s] Level 1:colcon.colcon_core.package_identification:_identify(NN/Attacker/data/left) by extensions ['colcon_pkg']
[0.555s] Level 1:colcon.colcon_core.package_identification:_identify(NN/Attacker/data/left) by extension 'colcon_pkg'
[0.555s] Level 1:colcon.colcon_core.package_identification:_identify(NN/Attacker/data/left) by extensions ['colcon_meta']
[0.555s] Level 1:colcon.colcon_core.package_identification:_identify(NN/Attacker/data/left) by extension 'colcon_meta'
[0.555s] Level 1:colcon.colcon_core.package_identification:_identify(NN/Attacker/data/left) by extensions ['ros']
[0.555s] Level 1:colcon.colcon_core.package_identification:_identify(NN/Attacker/data/left) by extension 'ros'
[0.555s] Level 1:colcon.colcon_core.package_identification:_identify(NN/Attacker/data/left) by extensions ['cmake', 'python']
[0.555s] Level 1:colcon.colcon_core.package_identification:_identify(NN/Attacker/data/left) by extension 'cmake'
[0.555s] Level 1:colcon.colcon_core.package_identification:_identify(NN/Attacker/data/left) by extension 'python'
[0.555s] Level 1:colcon.colcon_core.package_identification:_identify(NN/Attacker/data/left) by extensions ['python_setup_py']
[0.555s] Level 1:colcon.colcon_core.package_identification:_identify(NN/Attacker/data/left) by extension 'python_setup_py'
[0.557s] Level 1:colcon.colcon_core.package_identification:_identify(NN/Attacker/data/right) by extensions ['ignore', 'ignore_ament_install']
[0.557s] Level 1:colcon.colcon_core.package_identification:_identify(NN/Attacker/data/right) by extension 'ignore'
[0.557s] Level 1:colcon.colcon_core.package_identification:_identify(NN/Attacker/data/right) by extension 'ignore_ament_install'
[0.557s] Level 1:colcon.colcon_core.package_identification:_identify(NN/Attacker/data/right) by extensions ['colcon_pkg']
[0.557s] Level 1:colcon.colcon_core.package_identification:_identify(NN/Attacker/data/right) by extension 'colcon_pkg'
[0.557s] Level 1:colcon.colcon_core.package_identification:_identify(NN/Attacker/data/right) by extensions ['colcon_meta']
[0.557s] Level 1:colcon.colcon_core.package_identification:_identify(NN/Attacker/data/right) by extension 'colcon_meta'
[0.557s] Level 1:colcon.colcon_core.package_identification:_identify(NN/Attacker/data/right) by extensions ['ros']
[0.557s] Level 1:colcon.colcon_core.package_identification:_identify(NN/Attacker/data/right) by extension 'ros'
[0.558s] Level 1:colcon.colcon_core.package_identification:_identify(NN/Attacker/data/right) by extensions ['cmake', 'python']
[0.558s] Level 1:colcon.colcon_core.package_identification:_identify(NN/Attacker/data/right) by extension 'cmake'
[0.558s] Level 1:colcon.colcon_core.package_identification:_identify(NN/Attacker/data/right) by extension 'python'
[0.558s] Level 1:colcon.colcon_core.package_identification:_identify(NN/Attacker/data/right) by extensions ['python_setup_py']
[0.558s] Level 1:colcon.colcon_core.package_identification:_identify(NN/Attacker/data/right) by extension 'python_setup_py'
[0.559s] Level 1:colcon.colcon_core.package_identification:_identify(NN/Defender) by extensions ['ignore', 'ignore_ament_install']
[0.559s] Level 1:colcon.colcon_core.package_identification:_identify(NN/Defender) by extension 'ignore'
[0.559s] Level 1:colcon.colcon_core.package_identification:_identify(NN/Defender) by extension 'ignore_ament_install'
[0.559s] Level 1:colcon.colcon_core.package_identification:_identify(NN/Defender) by extensions ['colcon_pkg']
[0.559s] Level 1:colcon.colcon_core.package_identification:_identify(NN/Defender) by extension 'colcon_pkg'
[0.559s] Level 1:colcon.colcon_core.package_identification:_identify(NN/Defender) by extensions ['colcon_meta']
[0.559s] Level 1:colcon.colcon_core.package_identification:_identify(NN/Defender) by extension 'colcon_meta'
[0.559s] Level 1:colcon.colcon_core.package_identification:_identify(NN/Defender) by extensions ['ros']
[0.559s] Level 1:colcon.colcon_core.package_identification:_identify(NN/Defender) by extension 'ros'
[0.559s] Level 1:colcon.colcon_core.package_identification:_identify(NN/Defender) by extensions ['cmake', 'python']
[0.559s] Level 1:colcon.colcon_core.package_identification:_identify(NN/Defender) by extension 'cmake'
[0.559s] Level 1:colcon.colcon_core.package_identification:_identify(NN/Defender) by extension 'python'
[0.559s] Level 1:colcon.colcon_core.package_identification:_identify(NN/Defender) by extensions ['python_setup_py']
[0.559s] Level 1:colcon.colcon_core.package_identification:_identify(NN/Defender) by extension 'python_setup_py'
[0.560s] Level 1:colcon.colcon_core.package_identification:_identify(NN/Defender/data) by extensions ['ignore', 'ignore_ament_install']
[0.560s] Level 1:colcon.colcon_core.package_identification:_identify(NN/Defender/data) by extension 'ignore'
[0.560s] Level 1:colcon.colcon_core.package_identification:_identify(NN/Defender/data) by extension 'ignore_ament_install'
[0.560s] Level 1:colcon.colcon_core.package_identification:_identify(NN/Defender/data) by extensions ['colcon_pkg']
[0.560s] Level 1:colcon.colcon_core.package_identification:_identify(NN/Defender/data) by extension 'colcon_pkg'
[0.560s] Level 1:colcon.colcon_core.package_identification:_identify(NN/Defender/data) by extensions ['colcon_meta']
[0.560s] Level 1:colcon.colcon_core.package_identification:_identify(NN/Defender/data) by extension 'colcon_meta'
[0.560s] Level 1:colcon.colcon_core.package_identification:_identify(NN/Defender/data) by extensions ['ros']
[0.560s] Level 1:colcon.colcon_core.package_identification:_identify(NN/Defender/data) by extension 'ros'
[0.560s] Level 1:colcon.colcon_core.package_identification:_identify(NN/Defender/data) by extensions ['cmake', 'python']
[0.560s] Level 1:colcon.colcon_core.package_identification:_identify(NN/Defender/data) by extension 'cmake'
[0.560s] Level 1:colcon.colcon_core.package_identification:_identify(NN/Defender/data) by extension 'python'
[0.560s] Level 1:colcon.colcon_core.package_identification:_identify(NN/Defender/data) by extensions ['python_setup_py']
[0.560s] Level 1:colcon.colcon_core.package_identification:_identify(NN/Defender/data) by extension 'python_setup_py'
[0.561s] Level 1:colcon.colcon_core.package_identification:_identify(NN/Defender/data/center) by extensions ['ignore', 'ignore_ament_install']
[0.561s] Level 1:colcon.colcon_core.package_identification:_identify(NN/Defender/data/center) by extension 'ignore'
[0.561s] Level 1:colcon.colcon_core.package_identification:_identify(NN/Defender/data/center) by extension 'ignore_ament_install'
[0.561s] Level 1:colcon.colcon_core.package_identification:_identify(NN/Defender/data/center) by extensions ['colcon_pkg']
[0.561s] Level 1:colcon.colcon_core.package_identification:_identify(NN/Defender/data/center) by extension 'colcon_pkg'
[0.561s] Level 1:colcon.colcon_core.package_identification:_identify(NN/Defender/data/center) by extensions ['colcon_meta']
[0.561s] Level 1:colcon.colcon_core.package_identification:_identify(NN/Defender/data/center) by extension 'colcon_meta'
[0.561s] Level 1:colcon.colcon_core.package_identification:_identify(NN/Defender/data/center) by extensions ['ros']
[0.561s] Level 1:colcon.colcon_core.package_identification:_identify(NN/Defender/data/center) by extension 'ros'
[0.561s] Level 1:colcon.colcon_core.package_identification:_identify(NN/Defender/data/center) by extensions ['cmake', 'python']
[0.561s] Level 1:colcon.colcon_core.package_identification:_identify(NN/Defender/data/center) by extension 'cmake'
[0.561s] Level 1:colcon.colcon_core.package_identification:_identify(NN/Defender/data/center) by extension 'python'
[0.561s] Level 1:colcon.colcon_core.package_identification:_identify(NN/Defender/data/center) by extensions ['python_setup_py']
[0.561s] Level 1:colcon.colcon_core.package_identification:_identify(NN/Defender/data/center) by extension 'python_setup_py'
[0.562s] Level 1:colcon.colcon_core.package_identification:_identify(NN/Defender/data/left) by extensions ['ignore', 'ignore_ament_install']
[0.562s] Level 1:colcon.colcon_core.package_identification:_identify(NN/Defender/data/left) by extension 'ignore'
[0.562s] Level 1:colcon.colcon_core.package_identification:_identify(NN/Defender/data/left) by extension 'ignore_ament_install'
[0.562s] Level 1:colcon.colcon_core.package_identification:_identify(NN/Defender/data/left) by extensions ['colcon_pkg']
[0.562s] Level 1:colcon.colcon_core.package_identification:_identify(NN/Defender/data/left) by extension 'colcon_pkg'
[0.562s] Level 1:colcon.colcon_core.package_identification:_identify(NN/Defender/data/left) by extensions ['colcon_meta']
[0.562s] Level 1:colcon.colcon_core.package_identification:_identify(NN/Defender/data/left) by extension 'colcon_meta'
[0.562s] Level 1:colcon.colcon_core.package_identification:_identify(NN/Defender/data/left) by extensions ['ros']
[0.562s] Level 1:colcon.colcon_core.package_identification:_identify(NN/Defender/data/left) by extension 'ros'
[0.562s] Level 1:colcon.colcon_core.package_identification:_identify(NN/Defender/data/left) by extensions ['cmake', 'python']
[0.562s] Level 1:colcon.colcon_core.package_identification:_identify(NN/Defender/data/left) by extension 'cmake'
[0.562s] Level 1:colcon.colcon_core.package_identification:_identify(NN/Defender/data/left) by extension 'python'
[0.562s] Level 1:colcon.colcon_core.package_identification:_identify(NN/Defender/data/left) by extensions ['python_setup_py']
[0.562s] Level 1:colcon.colcon_core.package_identification:_identify(NN/Defender/data/left) by extension 'python_setup_py'
[0.562s] Level 1:colcon.colcon_core.package_identification:_identify(NN/Defender/data/right) by extensions ['ignore', 'ignore_ament_install']
[0.563s] Level 1:colcon.colcon_core.package_identification:_identify(NN/Defender/data/right) by extension 'ignore'
[0.563s] Level 1:colcon.colcon_core.package_identification:_identify(NN/Defender/data/right) by extension 'ignore_ament_install'
[0.563s] Level 1:colcon.colcon_core.package_identification:_identify(NN/Defender/data/right) by extensions ['colcon_pkg']
[0.563s] Level 1:colcon.colcon_core.package_identification:_identify(NN/Defender/data/right) by extension 'colcon_pkg'
[0.563s] Level 1:colcon.colcon_core.package_identification:_identify(NN/Defender/data/right) by extensions ['colcon_meta']
[0.563s] Level 1:colcon.colcon_core.package_identification:_identify(NN/Defender/data/right) by extension 'colcon_meta'
[0.563s] Level 1:colcon.colcon_core.package_identification:_identify(NN/Defender/data/right) by extensions ['ros']
[0.563s] Level 1:colcon.colcon_core.package_identification:_identify(NN/Defender/data/right) by extension 'ros'
[0.563s] Level 1:colcon.colcon_core.package_identification:_identify(NN/Defender/data/right) by extensions ['cmake', 'python']
[0.563s] Level 1:colcon.colcon_core.package_identification:_identify(NN/Defender/data/right) by extension 'cmake'
[0.563s] Level 1:colcon.colcon_core.package_identification:_identify(NN/Defender/data/right) by extension 'python'
[0.563s] Level 1:colcon.colcon_core.package_identification:_identify(NN/Defender/data/right) by extensions ['python_setup_py']
[0.563s] Level 1:colcon.colcon_core.package_identification:_identify(NN/Defender/data/right) by extension 'python_setup_py'
[0.564s] Level 1:colcon.colcon_core.package_identification:_identify(build) by extensions ['ignore', 'ignore_ament_install']
[0.564s] Level 1:colcon.colcon_core.package_identification:_identify(build) by extension 'ignore'
[0.564s] Level 1:colcon.colcon_core.package_identification:_identify(build) ignored
[0.564s] Level 1:colcon.colcon_core.package_identification:_identify(install) by extensions ['ignore', 'ignore_ament_install']
[0.564s] Level 1:colcon.colcon_core.package_identification:_identify(install) by extension 'ignore'
[0.564s] Level 1:colcon.colcon_core.package_identification:_identify(install) ignored
[0.565s] Level 1:colcon.colcon_core.package_identification:_identify(log) by extensions ['ignore', 'ignore_ament_install']
[0.565s] Level 1:colcon.colcon_core.package_identification:_identify(log) by extension 'ignore'
[0.565s] Level 1:colcon.colcon_core.package_identification:_identify(log) ignored
[0.565s] Level 1:colcon.colcon_core.package_identification:_identify(my_classifier) by extensions ['ignore', 'ignore_ament_install']
[0.566s] Level 1:colcon.colcon_core.package_identification:_identify(my_classifier) by extension 'ignore'
[0.566s] Level 1:colcon.colcon_core.package_identification:_identify(my_classifier) by extension 'ignore_ament_install'
[0.566s] Level 1:colcon.colcon_core.package_identification:_identify(my_classifier) by extensions ['colcon_pkg']
[0.566s] Level 1:colcon.colcon_core.package_identification:_identify(my_classifier) by extension 'colcon_pkg'
[0.566s] Level 1:colcon.colcon_core.package_identification:_identify(my_classifier) by extensions ['colcon_meta']
[0.566s] Level 1:colcon.colcon_core.package_identification:_identify(my_classifier) by extension 'colcon_meta'
[0.566s] Level 1:colcon.colcon_core.package_identification:_identify(my_classifier) by extensions ['ros']
[0.566s] Level 1:colcon.colcon_core.package_identification:_identify(my_classifier) by extension 'ros'
[0.570s] DEBUG:colcon.colcon_core.package_identification:Package 'my_classifier' with type 'ros.ament_python' and name 'my_classifier'
[0.570s] Level 1:colcon.colcon_core.package_identification:_identify(src_defend_agent_attack) by extensions ['ignore', 'ignore_ament_install']
[0.570s] Level 1:colcon.colcon_core.package_identification:_identify(src_defend_agent_attack) by extension 'ignore'
[0.570s] Level 1:colcon.colcon_core.package_identification:_identify(src_defend_agent_attack) by extension 'ignore_ament_install'
[0.571s] Level 1:colcon.colcon_core.package_identification:_identify(src_defend_agent_attack) by extensions ['colcon_pkg']
[0.571s] Level 1:colcon.colcon_core.package_identification:_identify(src_defend_agent_attack) by extension 'colcon_pkg'
[0.571s] Level 1:colcon.colcon_core.package_identification:_identify(src_defend_agent_attack) by extensions ['colcon_meta']
[0.571s] Level 1:colcon.colcon_core.package_identification:_identify(src_defend_agent_attack) by extension 'colcon_meta'
[0.571s] Level 1:colcon.colcon_core.package_identification:_identify(src_defend_agent_attack) by extensions ['ros']
[0.571s] Level 1:colcon.colcon_core.package_identification:_identify(src_defend_agent_attack) by extension 'ros'
[0.571s] Level 1:colcon.colcon_core.package_identification:_identify(src_defend_agent_attack) by extensions ['cmake', 'python']
[0.571s] Level 1:colcon.colcon_core.package_identification:_identify(src_defend_agent_attack) by extension 'cmake'
[0.571s] Level 1:colcon.colcon_core.package_identification:_identify(src_defend_agent_attack) by extension 'python'
[0.571s] Level 1:colcon.colcon_core.package_identification:_identify(src_defend_agent_attack) by extensions ['python_setup_py']
[0.571s] Level 1:colcon.colcon_core.package_identification:_identify(src_defend_agent_attack) by extension 'python_setup_py'
[0.571s] Level 1:colcon.colcon_core.package_identification:_identify(src_defend_agent_attack/attackdefend_interfaces) by extensions ['ignore', 'ignore_ament_install']
[0.571s] Level 1:colcon.colcon_core.package_identification:_identify(src_defend_agent_attack/attackdefend_interfaces) by extension 'ignore'
[0.572s] Level 1:colcon.colcon_core.package_identification:_identify(src_defend_agent_attack/attackdefend_interfaces) by extension 'ignore_ament_install'
[0.572s] Level 1:colcon.colcon_core.package_identification:_identify(src_defend_agent_attack/attackdefend_interfaces) by extensions ['colcon_pkg']
[0.572s] Level 1:colcon.colcon_core.package_identification:_identify(src_defend_agent_attack/attackdefend_interfaces) by extension 'colcon_pkg'
[0.572s] Level 1:colcon.colcon_core.package_identification:_identify(src_defend_agent_attack/attackdefend_interfaces) by extensions ['colcon_meta']
[0.572s] Level 1:colcon.colcon_core.package_identification:_identify(src_defend_agent_attack/attackdefend_interfaces) by extension 'colcon_meta'
[0.572s] Level 1:colcon.colcon_core.package_identification:_identify(src_defend_agent_attack/attackdefend_interfaces) by extensions ['ros']
[0.572s] Level 1:colcon.colcon_core.package_identification:_identify(src_defend_agent_attack/attackdefend_interfaces) by extension 'ros'
[0.573s] DEBUG:colcon.colcon_core.package_identification:Package 'src_defend_agent_attack/attackdefend_interfaces' with type 'ros.ament_cmake' and name 'attackdefend_interfaces'
[0.574s] Level 1:colcon.colcon_core.package_identification:_identify(src_defend_agent_attack/build) by extensions ['ignore', 'ignore_ament_install']
[0.574s] Level 1:colcon.colcon_core.package_identification:_identify(src_defend_agent_attack/build) by extension 'ignore'
[0.574s] Level 1:colcon.colcon_core.package_identification:_identify(src_defend_agent_attack/build) ignored
[0.575s] Level 1:colcon.colcon_core.package_identification:_identify(src_defend_agent_attack/defendagentattack) by extensions ['ignore', 'ignore_ament_install']
[0.575s] Level 1:colcon.colcon_core.package_identification:_identify(src_defend_agent_attack/defendagentattack) by extension 'ignore'
[0.575s] Level 1:colcon.colcon_core.package_identification:_identify(src_defend_agent_attack/defendagentattack) by extension 'ignore_ament_install'
[0.575s] Level 1:colcon.colcon_core.package_identification:_identify(src_defend_agent_attack/defendagentattack) by extensions ['colcon_pkg']
[0.575s] Level 1:colcon.colcon_core.package_identification:_identify(src_defend_agent_attack/defendagentattack) by extension 'colcon_pkg'
[0.575s] Level 1:colcon.colcon_core.package_identification:_identify(src_defend_agent_attack/defendagentattack) by extensions ['colcon_meta']
[0.575s] Level 1:colcon.colcon_core.package_identification:_identify(src_defend_agent_attack/defendagentattack) by extension 'colcon_meta'
[0.575s] Level 1:colcon.colcon_core.package_identification:_identify(src_defend_agent_attack/defendagentattack) by extensions ['ros']
[0.575s] Level 1:colcon.colcon_core.package_identification:_identify(src_defend_agent_attack/defendagentattack) by extension 'ros'
[0.577s] DEBUG:colcon.colcon_core.package_identification:Package 'src_defend_agent_attack/defendagentattack' with type 'ros.ament_python' and name 'defendagentattack'
[0.577s] Level 1:colcon.colcon_core.package_identification:_identify(src_defend_agent_attack/install) by extensions ['ignore', 'ignore_ament_install']
[0.577s] Level 1:colcon.colcon_core.package_identification:_identify(src_defend_agent_attack/install) by extension 'ignore'
[0.577s] Level 1:colcon.colcon_core.package_identification:_identify(src_defend_agent_attack/install) ignored
[0.579s] Level 1:colcon.colcon_core.package_identification:_identify(src_defend_agent_attack/log) by extensions ['ignore', 'ignore_ament_install']
[0.579s] Level 1:colcon.colcon_core.package_identification:_identify(src_defend_agent_attack/log) by extension 'ignore'
[0.579s] Level 1:colcon.colcon_core.package_identification:_identify(src_defend_agent_attack/log) ignored
[0.579s] Level 1:colcon.colcon_core.package_discovery:discover_packages(recursive) using defaults
[0.579s] Level 1:colcon.colcon_core.package_discovery:discover_packages(ignore) discover
[0.579s] Level 1:colcon.colcon_core.package_discovery:discover_packages(ignore) using defaults
[0.579s] Level 1:colcon.colcon_core.package_discovery:discover_packages(path) discover
[0.579s] Level 1:colcon.colcon_core.package_discovery:discover_packages(path) using defaults
[0.601s] Level 1:colcon.colcon_core.package_discovery:discover_packages(prefix_path) check parameters
[0.601s] Level 1:colcon.colcon_core.package_discovery:discover_packages(prefix_path) discover
[0.602s] WARNING:colcon.colcon_core.prefix_path.colcon:The path '/home/hanimn/intro_robo_ws/src/Final/src_defend_agent_attack/attackdefend_interfaces/install' in the environment variable COLCON_PREFIX_PATH doesn't exist
[0.603s] WARNING:colcon.colcon_ros.prefix_path.ament:The path '/home/hanimn/intro_robo_ws/src/Final/src_defend_agent_attack/attackdefend_interfaces/install/attackdefend_interfaces' in the environment variable AMENT_PREFIX_PATH doesn't exist
[0.620s] WARNING:colcon.colcon_ros.prefix_path.catkin:The path '/home/hanimn/intro_robo_ws/src/Final/src_defend_agent_attack/attackdefend_interfaces/install/attackdefend_interfaces' in the environment variable CMAKE_PREFIX_PATH doesn't exist
[0.630s] DEBUG:colcon.colcon_installed_package_information.package_discovery:Found 3 installed packages in /home/hanimn/intro_robo_ws/src/Final/install
[0.660s] DEBUG:colcon.colcon_installed_package_information.package_discovery:Found 21 installed packages in /home/hanimn/intro_robo_ws/install
[0.666s] DEBUG:colcon.colcon_installed_package_information.package_discovery:Found 2 installed packages in /home/hanimn/intro_robo_ws/src/Final/src_defend_agent_attack/install
[0.669s] DEBUG:colcon.colcon_installed_package_information.package_discovery:Found 452 installed packages in /opt/ros/humble
[0.675s] Level 1:colcon.colcon_core.package_discovery:discover_packages(prefix_path) using defaults
[0.800s] Level 5:colcon.colcon_core.verb:set package 'attackdefend_interfaces' build argument 'cmake_args' from command line to 'None'
[0.800s] Level 5:colcon.colcon_core.verb:set package 'attackdefend_interfaces' build argument 'cmake_target' from command line to 'None'
[0.800s] Level 5:colcon.colcon_core.verb:set package 'attackdefend_interfaces' build argument 'cmake_target_skip_unavailable' from command line to 'False'
[0.800s] Level 5:colcon.colcon_core.verb:set package 'attackdefend_interfaces' build argument 'cmake_clean_cache' from command line to 'False'
[0.800s] Level 5:colcon.colcon_core.verb:set package 'attackdefend_interfaces' build argument 'cmake_clean_first' from command line to 'False'
[0.800s] Level 5:colcon.colcon_core.verb:set package 'attackdefend_interfaces' build argument 'cmake_force_configure' from command line to 'False'
[0.800s] Level 5:colcon.colcon_core.verb:set package 'attackdefend_interfaces' build argument 'ament_cmake_args' from command line to 'None'
[0.800s] Level 5:colcon.colcon_core.verb:set package 'attackdefend_interfaces' build argument 'catkin_cmake_args' from command line to 'None'
[0.800s] Level 5:colcon.colcon_core.verb:set package 'attackdefend_interfaces' build argument 'catkin_skip_building_tests' from command line to 'False'
[0.800s] DEBUG:colcon.colcon_core.verb:Building package 'attackdefend_interfaces' with the following arguments: {'ament_cmake_args': None, 'build_base': '/home/hanimn/intro_robo_ws/src/Final/build/attackdefend_interfaces', 'catkin_cmake_args': None, 'catkin_skip_building_tests': False, 'cmake_args': None, 'cmake_clean_cache': False, 'cmake_clean_first': False, 'cmake_force_configure': False, 'cmake_target': None, 'cmake_target_skip_unavailable': False, 'install_base': '/home/hanimn/intro_robo_ws/src/Final/install/attackdefend_interfaces', 'merge_install': False, 'path': '/home/hanimn/intro_robo_ws/src/Final/src_defend_agent_attack/attackdefend_interfaces', 'symlink_install': True, 'test_result_base': None}
[0.801s] Level 5:colcon.colcon_core.verb:set package 'defendagentattack' build argument 'cmake_args' from command line to 'None'
[0.801s] Level 5:colcon.colcon_core.verb:set package 'defendagentattack' build argument 'cmake_target' from command line to 'None'
[0.801s] Level 5:colcon.colcon_core.verb:set package 'defendagentattack' build argument 'cmake_target_skip_unavailable' from command line to 'False'
[0.801s] Level 5:colcon.colcon_core.verb:set package 'defendagentattack' build argument 'cmake_clean_cache' from command line to 'False'
[0.801s] Level 5:colcon.colcon_core.verb:set package 'defendagentattack' build argument 'cmake_clean_first' from command line to 'False'
[0.801s] Level 5:colcon.colcon_core.verb:set package 'defendagentattack' build argument 'cmake_force_configure' from command line to 'False'
[0.801s] Level 5:colcon.colcon_core.verb:set package 'defendagentattack' build argument 'ament_cmake_args' from command line to 'None'
[0.801s] Level 5:colcon.colcon_core.verb:set package 'defendagentattack' build argument 'catkin_cmake_args' from command line to 'None'
[0.801s] Level 5:colcon.colcon_core.verb:set package 'defendagentattack' build argument 'catkin_skip_building_tests' from command line to 'False'
[0.801s] DEBUG:colcon.colcon_core.verb:Building package 'defendagentattack' with the following arguments: {'ament_cmake_args': None, 'build_base': '/home/hanimn/intro_robo_ws/src/Final/build/defendagentattack', 'catkin_cmake_args': None, 'catkin_skip_building_tests': False, 'cmake_args': None, 'cmake_clean_cache': False, 'cmake_clean_first': False, 'cmake_force_configure': False, 'cmake_target': None, 'cmake_target_skip_unavailable': False, 'install_base': '/home/hanimn/intro_robo_ws/src/Final/install/defendagentattack', 'merge_install': False, 'path': '/home/hanimn/intro_robo_ws/src/Final/src_defend_agent_attack/defendagentattack', 'symlink_install': True, 'test_result_base': None}
[0.801s] Level 5:colcon.colcon_core.verb:set package 'my_classifier' build argument 'cmake_args' from command line to 'None'
[0.801s] Level 5:colcon.colcon_core.verb:set package 'my_classifier' build argument 'cmake_target' from command line to 'None'
[0.801s] Level 5:colcon.colcon_core.verb:set package 'my_classifier' build argument 'cmake_target_skip_unavailable' from command line to 'False'
[0.801s] Level 5:colcon.colcon_core.verb:set package 'my_classifier' build argument 'cmake_clean_cache' from command line to 'False'
[0.801s] Level 5:colcon.colcon_core.verb:set package 'my_classifier' build argument 'cmake_clean_first' from command line to 'False'
[0.801s] Level 5:colcon.colcon_core.verb:set package 'my_classifier' build argument 'cmake_force_configure' from command line to 'False'
[0.801s] Level 5:colcon.colcon_core.verb:set package 'my_classifier' build argument 'ament_cmake_args' from command line to 'None'
[0.801s] Level 5:colcon.colcon_core.verb:set package 'my_classifier' build argument 'catkin_cmake_args' from command line to 'None'
[0.801s] Level 5:colcon.colcon_core.verb:set package 'my_classifier' build argument 'catkin_skip_building_tests' from command line to 'False'
[0.801s] DEBUG:colcon.colcon_core.verb:Building package 'my_classifier' with the following arguments: {'ament_cmake_args': None, 'build_base': '/home/hanimn/intro_robo_ws/src/Final/build/my_classifier', 'catkin_cmake_args': None, 'catkin_skip_building_tests': False, 'cmake_args': None, 'cmake_clean_cache': False, 'cmake_clean_first': False, 'cmake_force_configure': False, 'cmake_target': None, 'cmake_target_skip_unavailable': False, 'install_base': '/home/hanimn/intro_robo_ws/src/Final/install/my_classifier', 'merge_install': False, 'path': '/home/hanimn/intro_robo_ws/src/Final/my_classifier', 'symlink_install': True, 'test_result_base': None}
[0.801s] INFO:colcon.colcon_core.executor:Executing jobs using 'parallel' executor
[0.802s] DEBUG:colcon.colcon_parallel_executor.executor.parallel:run_until_complete
[0.802s] INFO:colcon.colcon_ros.task.ament_cmake.build:Building ROS package in '/home/hanimn/intro_robo_ws/src/Final/src_defend_agent_attack/attackdefend_interfaces' with build type 'ament_cmake'
[0.802s] INFO:colcon.colcon_cmake.task.cmake.build:Building CMake package in '/home/hanimn/intro_robo_ws/src/Final/src_defend_agent_attack/attackdefend_interfaces'
[0.804s] INFO:colcon.colcon_core.plugin_system:Skipping extension 'colcon_core.shell.bat': Not used on non-Windows systems
[0.804s] INFO:colcon.colcon_core.shell:Skip shell extension 'powershell' for command environment: Not usable outside of PowerShell
[0.804s] DEBUG:colcon.colcon_core.shell:Skip shell extension 'dsv' for command environment
[0.831s] INFO:colcon.colcon_ros.task.ament_python.build:Building ROS package in '/home/hanimn/intro_robo_ws/src/Final/src_defend_agent_attack/defendagentattack' with build type 'ament_python'
[0.831s] Level 1:colcon.colcon_core.shell:create_environment_hook('defendagentattack', 'ament_prefix_path')
[0.832s] INFO:colcon.colcon_core.shell:Creating environment hook '/home/hanimn/intro_robo_ws/src/Final/install/defendagentattack/share/defendagentattack/hook/ament_prefix_path.ps1'
[0.836s] INFO:colcon.colcon_core.shell:Creating environment descriptor '/home/hanimn/intro_robo_ws/src/Final/install/defendagentattack/share/defendagentattack/hook/ament_prefix_path.dsv'
[0.841s] INFO:colcon.colcon_core.shell:Creating environment hook '/home/hanimn/intro_robo_ws/src/Final/install/defendagentattack/share/defendagentattack/hook/ament_prefix_path.sh'
[0.845s] INFO:colcon.colcon_core.shell:Skip shell extension 'powershell' for command environment: Not usable outside of PowerShell
[0.845s] DEBUG:colcon.colcon_core.shell:Skip shell extension 'dsv' for command environment
[0.872s] INFO:colcon.colcon_ros.task.ament_python.build:Building ROS package in '/home/hanimn/intro_robo_ws/src/Final/my_classifier' with build type 'ament_python'
[0.872s] Level 1:colcon.colcon_core.shell:create_environment_hook('my_classifier', 'ament_prefix_path')
[0.872s] INFO:colcon.colcon_core.shell:Creating environment hook '/home/hanimn/intro_robo_ws/src/Final/install/my_classifier/share/my_classifier/hook/ament_prefix_path.ps1'
[0.877s] INFO:colcon.colcon_core.shell:Creating environment descriptor '/home/hanimn/intro_robo_ws/src/Final/install/my_classifier/share/my_classifier/hook/ament_prefix_path.dsv'
[0.881s] INFO:colcon.colcon_core.shell:Creating environment hook '/home/hanimn/intro_robo_ws/src/Final/install/my_classifier/share/my_classifier/hook/ament_prefix_path.sh'
[0.886s] INFO:colcon.colcon_core.shell:Skip shell extension 'powershell' for command environment: Not usable outside of PowerShell
[0.886s] DEBUG:colcon.colcon_core.shell:Skip shell extension 'dsv' for command environment
[0.944s] DEBUG:colcon.colcon_core.event_handler.log_command:Invoking command in '/home/hanimn/intro_robo_ws/src/Final/build/attackdefend_interfaces': CMAKE_PREFIX_PATH=${CMAKE_PREFIX_PATH}:/home/hanimn/intro_robo_ws/src/Final/install/defendagentattack:/home/hanimn/intro_robo_ws/src/Final/src_defend_agent_attack/install/defendagentattack:/home/hanimn/intro_robo_ws/install/warmup_project:/home/hanimn/intro_robo_ws/install/q_learning_project:/home/hanimn/intro_robo_ws/install/particle_filter_project:/home/hanimn/intro_robo_ws/install/my_classifier:/home/hanimn/intro_robo_ws/install/lab_f_image_classifier:/home/hanimn/intro_robo_ws/install/lab_e_traffic_bot:/home/hanimn/intro_robo_ws/install/lab_b_line_follower:/home/hanimn/intro_robo_ws/install/lab_a_stop_at_wall:/home/hanimn/intro_robo_ws/install/lab_a_spin_circles:/home/hanimn/intro_robo_ws/install/first_ros2_nodes:/home/hanimn/intro_robo_ws/install/defendagentattack:/home/hanimn/intro_robo_ws/src/Final/install/my_classifier:/opt/ros/humble /usr/bin/cmake --build /home/hanimn/intro_robo_ws/src/Final/build/attackdefend_interfaces -- -j4 -l4
[1.402s] INFO:colcon.colcon_core.task.python.build:Building Python package in '/home/hanimn/intro_robo_ws/src/Final/src_defend_agent_attack/defendagentattack'
[1.402s] INFO:colcon.colcon_core.shell:Skip shell extension 'powershell' for command environment: Not usable outside of PowerShell
[1.402s] DEBUG:colcon.colcon_core.shell:Skip shell extension 'dsv' for command environment
[1.890s] INFO:colcon.colcon_core.task.python.build:Building Python package in '/home/hanimn/intro_robo_ws/src/Final/my_classifier'
[1.890s] INFO:colcon.colcon_core.shell:Skip shell extension 'powershell' for command environment: Not usable outside of PowerShell
[1.890s] DEBUG:colcon.colcon_core.shell:Skip shell extension 'dsv' for command environment
[1.939s] DEBUG:colcon.colcon_core.event_handler.log_command:Invoked command in '/home/hanimn/intro_robo_ws/src/Final/build/attackdefend_interfaces' returned '0': CMAKE_PREFIX_PATH=${CMAKE_PREFIX_PATH}:/home/hanimn/intro_robo_ws/src/Final/install/defendagentattack:/home/hanimn/intro_robo_ws/src/Final/src_defend_agent_attack/install/defendagentattack:/home/hanimn/intro_robo_ws/install/warmup_project:/home/hanimn/intro_robo_ws/install/q_learning_project:/home/hanimn/intro_robo_ws/install/particle_filter_project:/home/hanimn/intro_robo_ws/install/my_classifier:/home/hanimn/intro_robo_ws/install/lab_f_image_classifier:/home/hanimn/intro_robo_ws/install/lab_e_traffic_bot:/home/hanimn/intro_robo_ws/install/lab_b_line_follower:/home/hanimn/intro_robo_ws/install/lab_a_stop_at_wall:/home/hanimn/intro_robo_ws/install/lab_a_spin_circles:/home/hanimn/intro_robo_ws/install/first_ros2_nodes:/home/hanimn/intro_robo_ws/install/defendagentattack:/home/hanimn/intro_robo_ws/src/Final/install/my_classifier:/opt/ros/humble /usr/bin/cmake --build /home/hanimn/intro_robo_ws/src/Final/build/attackdefend_interfaces -- -j4 -l4
[1.964s] DEBUG:colcon.colcon_core.event_handler.log_command:Invoking command in '/home/hanimn/intro_robo_ws/src/Final/build/attackdefend_interfaces': CMAKE_PREFIX_PATH=${CMAKE_PREFIX_PATH}:/home/hanimn/intro_robo_ws/src/Final/install/defendagentattack:/home/hanimn/intro_robo_ws/src/Final/src_defend_agent_attack/install/defendagentattack:/home/hanimn/intro_robo_ws/install/warmup_project:/home/hanimn/intro_robo_ws/install/q_learning_project:/home/hanimn/intro_robo_ws/install/particle_filter_project:/home/hanimn/intro_robo_ws/install/my_classifier:/home/hanimn/intro_robo_ws/install/lab_f_image_classifier:/home/hanimn/intro_robo_ws/install/lab_e_traffic_bot:/home/hanimn/intro_robo_ws/install/lab_b_line_follower:/home/hanimn/intro_robo_ws/install/lab_a_stop_at_wall:/home/hanimn/intro_robo_ws/install/lab_a_spin_circles:/home/hanimn/intro_robo_ws/install/first_ros2_nodes:/home/hanimn/intro_robo_ws/install/defendagentattack:/home/hanimn/intro_robo_ws/src/Final/install/my_classifier:/opt/ros/humble /usr/bin/cmake --install /home/hanimn/intro_robo_ws/src/Final/build/attackdefend_interfaces
[2.059s] Level 1:colcon.colcon_core.environment:create_environment_scripts_only(attackdefend_interfaces)
[2.059s] DEBUG:colcon.colcon_core.event_handler.log_command:Invoked command in '/home/hanimn/intro_robo_ws/src/Final/build/attackdefend_interfaces' returned '0': CMAKE_PREFIX_PATH=${CMAKE_PREFIX_PATH}:/home/hanimn/intro_robo_ws/src/Final/install/defendagentattack:/home/hanimn/intro_robo_ws/src/Final/src_defend_agent_attack/install/defendagentattack:/home/hanimn/intro_robo_ws/install/warmup_project:/home/hanimn/intro_robo_ws/install/q_learning_project:/home/hanimn/intro_robo_ws/install/particle_filter_project:/home/hanimn/intro_robo_ws/install/my_classifier:/home/hanimn/intro_robo_ws/install/lab_f_image_classifier:/home/hanimn/intro_robo_ws/install/lab_e_traffic_bot:/home/hanimn/intro_robo_ws/install/lab_b_line_follower:/home/hanimn/intro_robo_ws/install/lab_a_stop_at_wall:/home/hanimn/intro_robo_ws/install/lab_a_spin_circles:/home/hanimn/intro_robo_ws/install/first_ros2_nodes:/home/hanimn/intro_robo_ws/install/defendagentattack:/home/hanimn/intro_robo_ws/src/Final/install/my_classifier:/opt/ros/humble /usr/bin/cmake --install /home/hanimn/intro_robo_ws/src/Final/build/attackdefend_interfaces
[2.061s] Level 1:colcon.colcon_core.environment:checking '/home/hanimn/intro_robo_ws/src/Final/install/attackdefend_interfaces' for CMake module files
[2.064s] Level 1:colcon.colcon_core.environment:checking '/home/hanimn/intro_robo_ws/src/Final/install/attackdefend_interfaces' for CMake config files
[2.067s] Level 1:colcon.colcon_core.shell:create_environment_hook('attackdefend_interfaces', 'cmake_prefix_path')
[2.067s] INFO:colcon.colcon_core.shell:Creating environment hook '/home/hanimn/intro_robo_ws/src/Final/install/attackdefend_interfaces/share/attackdefend_interfaces/hook/cmake_prefix_path.ps1'
[2.073s] INFO:colcon.colcon_core.shell:Creating environment descriptor '/home/hanimn/intro_robo_ws/src/Final/install/attackdefend_interfaces/share/attackdefend_interfaces/hook/cmake_prefix_path.dsv'
[2.078s] INFO:colcon.colcon_core.shell:Creating environment hook '/home/hanimn/intro_robo_ws/src/Final/install/attackdefend_interfaces/share/attackdefend_interfaces/hook/cmake_prefix_path.sh'
[2.088s] Level 1:colcon.colcon_core.environment:checking '/home/hanimn/intro_robo_ws/src/Final/install/attackdefend_interfaces/bin'
[2.088s] Level 1:colcon.colcon_core.environment:checking '/home/hanimn/intro_robo_ws/src/Final/install/attackdefend_interfaces/lib/pkgconfig/attackdefend_interfaces.pc'
[2.088s] Level 1:colcon.colcon_core.environment:checking '/home/hanimn/intro_robo_ws/src/Final/install/attackdefend_interfaces/lib/python3.10/site-packages'
[2.088s] Level 1:colcon.colcon_core.environment:checking '/home/hanimn/intro_robo_ws/src/Final/install/attackdefend_interfaces/bin'
[2.089s] INFO:colcon.colcon_core.shell:Creating package script '/home/hanimn/intro_robo_ws/src/Final/install/attackdefend_interfaces/share/attackdefend_interfaces/package.ps1'
[2.093s] INFO:colcon.colcon_core.shell:Creating package descriptor '/home/hanimn/intro_robo_ws/src/Final/install/attackdefend_interfaces/share/attackdefend_interfaces/package.dsv'
[2.098s] INFO:colcon.colcon_core.shell:Creating package script '/home/hanimn/intro_robo_ws/src/Final/install/attackdefend_interfaces/share/attackdefend_interfaces/package.sh'
[2.102s] INFO:colcon.colcon_core.shell:Creating package script '/home/hanimn/intro_robo_ws/src/Final/install/attackdefend_interfaces/share/attackdefend_interfaces/package.bash'
[2.107s] INFO:colcon.colcon_core.shell:Creating package script '/home/hanimn/intro_robo_ws/src/Final/install/attackdefend_interfaces/share/attackdefend_interfaces/package.zsh'
[2.115s] Level 1:colcon.colcon_core.environment:create_file_with_runtime_dependencies(/home/hanimn/intro_robo_ws/src/Final/install/attackdefend_interfaces/share/colcon-core/packages/attackdefend_interfaces)
[2.121s] Level 1:colcon.colcon_core.environment:create_environment_scripts_only(attackdefend_interfaces)
[2.121s] Level 1:colcon.colcon_core.environment:checking '/home/hanimn/intro_robo_ws/src/Final/install/attackdefend_interfaces' for CMake module files
[2.124s] Level 1:colcon.colcon_core.environment:checking '/home/hanimn/intro_robo_ws/src/Final/install/attackdefend_interfaces' for CMake config files
[2.128s] Level 1:colcon.colcon_core.shell:create_environment_hook('attackdefend_interfaces', 'cmake_prefix_path')
[2.128s] INFO:colcon.colcon_core.shell:Creating environment hook '/home/hanimn/intro_robo_ws/src/Final/install/attackdefend_interfaces/share/attackdefend_interfaces/hook/cmake_prefix_path.ps1'
[2.135s] INFO:colcon.colcon_core.shell:Creating environment descriptor '/home/hanimn/intro_robo_ws/src/Final/install/attackdefend_interfaces/share/attackdefend_interfaces/hook/cmake_prefix_path.dsv'
[2.139s] INFO:colcon.colcon_core.shell:Creating environment hook '/home/hanimn/intro_robo_ws/src/Final/install/attackdefend_interfaces/share/attackdefend_interfaces/hook/cmake_prefix_path.sh'
[2.144s] Level 1:colcon.colcon_core.environment:checking '/home/hanimn/intro_robo_ws/src/Final/install/attackdefend_interfaces/bin'
[2.144s] Level 1:colcon.colcon_core.environment:checking '/home/hanimn/intro_robo_ws/src/Final/install/attackdefend_interfaces/lib/pkgconfig/attackdefend_interfaces.pc'
[2.144s] Level 1:colcon.colcon_core.environment:checking '/home/hanimn/intro_robo_ws/src/Final/install/attackdefend_interfaces/lib/python3.10/site-packages'
[2.144s] Level 1:colcon.colcon_core.environment:checking '/home/hanimn/intro_robo_ws/src/Final/install/attackdefend_interfaces/bin'
[2.145s] INFO:colcon.colcon_core.shell:Creating package script '/home/hanimn/intro_robo_ws/src/Final/install/attackdefend_interfaces/share/attackdefend_interfaces/package.ps1'
[2.149s] INFO:colcon.colcon_core.shell:Creating package descriptor '/home/hanimn/intro_robo_ws/src/Final/install/attackdefend_interfaces/share/attackdefend_interfaces/package.dsv'
[2.153s] INFO:colcon.colcon_core.shell:Creating package script '/home/hanimn/intro_robo_ws/src/Final/install/attackdefend_interfaces/share/attackdefend_interfaces/package.sh'
[2.158s] INFO:colcon.colcon_core.shell:Creating package script '/home/hanimn/intro_robo_ws/src/Final/install/attackdefend_interfaces/share/attackdefend_interfaces/package.bash'
[2.162s] INFO:colcon.colcon_core.shell:Creating package script '/home/hanimn/intro_robo_ws/src/Final/install/attackdefend_interfaces/share/attackdefend_interfaces/package.zsh'
[2.166s] Level 1:colcon.colcon_core.environment:create_file_with_runtime_dependencies(/home/hanimn/intro_robo_ws/src/Final/install/attackdefend_interfaces/share/colcon-core/packages/attackdefend_interfaces)
[2.762s] DEBUG:colcon.colcon_core.event_handler.log_command:Invoking command in '/home/hanimn/intro_robo_ws/src/Final/build/my_classifier': PYTHONPATH=/home/hanimn/intro_robo_ws/src/Final/build/my_classifier/prefix_override:/usr/lib/python3/dist-packages/colcon_core/task/python/colcon_distutils_commands:/home/hanimn/intro_robo_ws/src/Final/install/my_classifier/lib/python3.10/site-packages:${PYTHONPATH} /usr/bin/python3 -W ignore:setup.py install is deprecated -W ignore:easy_install command is deprecated setup.py develop --editable --build-directory /home/hanimn/intro_robo_ws/src/Final/build/my_classifier/build --no-deps symlink_data
[2.786s] DEBUG:colcon.colcon_core.event_handler.log_command:Invoking command in '/home/hanimn/intro_robo_ws/src/Final/build/defendagentattack': PYTHONPATH=/home/hanimn/intro_robo_ws/src/Final/build/defendagentattack/prefix_override:/usr/lib/python3/dist-packages/colcon_core/task/python/colcon_distutils_commands:/home/hanimn/intro_robo_ws/src/Final/install/defendagentattack/lib/python3.10/site-packages:${PYTHONPATH} /usr/bin/python3 -W ignore:setup.py install is deprecated -W ignore:easy_install command is deprecated setup.py develop --editable --build-directory /home/hanimn/intro_robo_ws/src/Final/build/defendagentattack/build --no-deps symlink_data
[3.821s] Level 1:colcon.colcon_core.shell:create_environment_hook('my_classifier', 'pythonpath_develop')
[3.822s] INFO:colcon.colcon_core.shell:Creating environment hook '/home/hanimn/intro_robo_ws/src/Final/build/my_classifier/share/my_classifier/hook/pythonpath_develop.ps1'
[3.822s] DEBUG:colcon.colcon_core.event_handler.log_command:Invoked command in '/home/hanimn/intro_robo_ws/src/Final/build/my_classifier' returned '0': PYTHONPATH=/home/hanimn/intro_robo_ws/src/Final/build/my_classifier/prefix_override:/usr/lib/python3/dist-packages/colcon_core/task/python/colcon_distutils_commands:/home/hanimn/intro_robo_ws/src/Final/install/my_classifier/lib/python3.10/site-packages:${PYTHONPATH} /usr/bin/python3 -W ignore:setup.py install is deprecated -W ignore:easy_install command is deprecated setup.py develop --editable --build-directory /home/hanimn/intro_robo_ws/src/Final/build/my_classifier/build --no-deps symlink_data
[3.827s] INFO:colcon.colcon_core.shell:Creating environment descriptor '/home/hanimn/intro_robo_ws/src/Final/build/my_classifier/share/my_classifier/hook/pythonpath_develop.dsv'
[3.832s] INFO:colcon.colcon_core.shell:Creating environment hook '/home/hanimn/intro_robo_ws/src/Final/build/my_classifier/share/my_classifier/hook/pythonpath_develop.sh'
[3.837s] Level 1:colcon.colcon_core.environment:checking '/home/hanimn/intro_robo_ws/src/Final/install/my_classifier' for CMake module files
[3.840s] Level 1:colcon.colcon_core.environment:checking '/home/hanimn/intro_robo_ws/src/Final/install/my_classifier' for CMake config files
[3.845s] Level 1:colcon.colcon_core.environment:checking '/home/hanimn/intro_robo_ws/src/Final/install/my_classifier/lib'
[3.846s] Level 1:colcon.colcon_core.environment:checking '/home/hanimn/intro_robo_ws/src/Final/install/my_classifier/bin'
[3.846s] Level 1:colcon.colcon_core.environment:checking '/home/hanimn/intro_robo_ws/src/Final/install/my_classifier/lib/pkgconfig/my_classifier.pc'
[3.846s] Level 1:colcon.colcon_core.environment:checking '/home/hanimn/intro_robo_ws/src/Final/install/my_classifier/lib/python3.10/site-packages'
[3.846s] Level 1:colcon.colcon_core.shell:create_environment_hook('my_classifier', 'pythonpath')
[3.846s] INFO:colcon.colcon_core.shell:Creating environment hook '/home/hanimn/intro_robo_ws/src/Final/install/my_classifier/share/my_classifier/hook/pythonpath.ps1'
[3.850s] INFO:colcon.colcon_core.shell:Creating environment descriptor '/home/hanimn/intro_robo_ws/src/Final/install/my_classifier/share/my_classifier/hook/pythonpath.dsv'
[3.854s] INFO:colcon.colcon_core.shell:Creating environment hook '/home/hanimn/intro_robo_ws/src/Final/install/my_classifier/share/my_classifier/hook/pythonpath.sh'
[3.859s] Level 1:colcon.colcon_core.environment:checking '/home/hanimn/intro_robo_ws/src/Final/install/my_classifier/bin'
[3.859s] Level 1:colcon.colcon_core.environment:create_environment_scripts_only(my_classifier)
[3.859s] INFO:colcon.colcon_core.shell:Creating package script '/home/hanimn/intro_robo_ws/src/Final/install/my_classifier/share/my_classifier/package.ps1'
[3.863s] INFO:colcon.colcon_core.shell:Creating package descriptor '/home/hanimn/intro_robo_ws/src/Final/install/my_classifier/share/my_classifier/package.dsv'
[3.867s] INFO:colcon.colcon_core.shell:Creating package script '/home/hanimn/intro_robo_ws/src/Final/install/my_classifier/share/my_classifier/package.sh'
[3.872s] INFO:colcon.colcon_core.shell:Creating package script '/home/hanimn/intro_robo_ws/src/Final/install/my_classifier/share/my_classifier/package.bash'
[3.876s] INFO:colcon.colcon_core.shell:Creating package script '/home/hanimn/intro_robo_ws/src/Final/install/my_classifier/share/my_classifier/package.zsh'
[3.880s] Level 1:colcon.colcon_core.environment:create_file_with_runtime_dependencies(/home/hanimn/intro_robo_ws/src/Final/install/my_classifier/share/colcon-core/packages/my_classifier)
[3.885s] Level 1:colcon.colcon_core.shell:create_environment_hook('defendagentattack', 'pythonpath_develop')
[3.886s] INFO:colcon.colcon_core.shell:Creating environment hook '/home/hanimn/intro_robo_ws/src/Final/build/defendagentattack/share/defendagentattack/hook/pythonpath_develop.ps1'
[3.892s] INFO:colcon.colcon_core.shell:Creating environment descriptor '/home/hanimn/intro_robo_ws/src/Final/build/defendagentattack/share/defendagentattack/hook/pythonpath_develop.dsv'
[3.897s] INFO:colcon.colcon_core.shell:Creating environment hook '/home/hanimn/intro_robo_ws/src/Final/build/defendagentattack/share/defendagentattack/hook/pythonpath_develop.sh'
[3.899s] DEBUG:colcon.colcon_core.event_handler.log_command:Invoked command in '/home/hanimn/intro_robo_ws/src/Final/build/defendagentattack' returned '0': PYTHONPATH=/home/hanimn/intro_robo_ws/src/Final/build/defendagentattack/prefix_override:/usr/lib/python3/dist-packages/colcon_core/task/python/colcon_distutils_commands:/home/hanimn/intro_robo_ws/src/Final/install/defendagentattack/lib/python3.10/site-packages:${PYTHONPATH} /usr/bin/python3 -W ignore:setup.py install is deprecated -W ignore:easy_install command is deprecated setup.py develop --editable --build-directory /home/hanimn/intro_robo_ws/src/Final/build/defendagentattack/build --no-deps symlink_data
[3.904s] Level 1:colcon.colcon_core.environment:checking '/home/hanimn/intro_robo_ws/src/Final/install/defendagentattack' for CMake module files
[3.907s] Level 1:colcon.colcon_core.environment:checking '/home/hanimn/intro_robo_ws/src/Final/install/defendagentattack' for CMake config files
[3.913s] Level 1:colcon.colcon_core.environment:checking '/home/hanimn/intro_robo_ws/src/Final/install/defendagentattack/lib'
[3.913s] Level 1:colcon.colcon_core.environment:checking '/home/hanimn/intro_robo_ws/src/Final/install/defendagentattack/bin'
[3.913s] Level 1:colcon.colcon_core.environment:checking '/home/hanimn/intro_robo_ws/src/Final/install/defendagentattack/lib/pkgconfig/defendagentattack.pc'
[3.913s] Level 1:colcon.colcon_core.environment:checking '/home/hanimn/intro_robo_ws/src/Final/install/defendagentattack/lib/python3.10/site-packages'
[3.913s] Level 1:colcon.colcon_core.shell:create_environment_hook('defendagentattack', 'pythonpath')
[3.913s] INFO:colcon.colcon_core.shell:Creating environment hook '/home/hanimn/intro_robo_ws/src/Final/install/defendagentattack/share/defendagentattack/hook/pythonpath.ps1'
[3.918s] INFO:colcon.colcon_core.shell:Creating environment descriptor '/home/hanimn/intro_robo_ws/src/Final/install/defendagentattack/share/defendagentattack/hook/pythonpath.dsv'
[3.922s] INFO:colcon.colcon_core.shell:Creating environment hook '/home/hanimn/intro_robo_ws/src/Final/install/defendagentattack/share/defendagentattack/hook/pythonpath.sh'
[3.927s] Level 1:colcon.colcon_core.environment:checking '/home/hanimn/intro_robo_ws/src/Final/install/defendagentattack/bin'
[3.927s] Level 1:colcon.colcon_core.environment:create_environment_scripts_only(defendagentattack)
[3.927s] INFO:colcon.colcon_core.shell:Creating package script '/home/hanimn/intro_robo_ws/src/Final/install/defendagentattack/share/defendagentattack/package.ps1'
[3.931s] INFO:colcon.colcon_core.shell:Creating package descriptor '/home/hanimn/intro_robo_ws/src/Final/install/defendagentattack/share/defendagentattack/package.dsv'
[3.935s] INFO:colcon.colcon_core.shell:Creating package script '/home/hanimn/intro_robo_ws/src/Final/install/defendagentattack/share/defendagentattack/package.sh'
[3.940s] INFO:colcon.colcon_core.shell:Creating package script '/home/hanimn/intro_robo_ws/src/Final/install/defendagentattack/share/defendagentattack/package.bash'
[3.944s] INFO:colcon.colcon_core.shell:Creating package script '/home/hanimn/intro_robo_ws/src/Final/install/defendagentattack/share/defendagentattack/package.zsh'
[3.948s] Level 1:colcon.colcon_core.environment:create_file_with_runtime_dependencies(/home/hanimn/intro_robo_ws/src/Final/install/defendagentattack/share/colcon-core/packages/defendagentattack)
[3.951s] DEBUG:colcon.colcon_parallel_executor.executor.parallel:closing loop
[3.951s] DEBUG:colcon.colcon_parallel_executor.executor.parallel:loop closed
[3.951s] DEBUG:colcon.colcon_parallel_executor.executor.parallel:run_until_complete finished with '0'
[3.951s] DEBUG:colcon.colcon_core.event_reactor:joining thread
[3.969s] INFO:colcon.colcon_core.plugin_system:Skipping extension 'colcon_notification.desktop_notification.terminal_notifier': Not used on non-Darwin systems
[3.969s] INFO:colcon.colcon_core.plugin_system:Skipping extension 'colcon_notification.desktop_notification.win32': Not used on non-Windows systems
[3.969s] INFO:colcon.colcon_notification.desktop_notification:Sending desktop notification using 'notify2'
[3.980s] DEBUG:colcon.colcon_core.event_reactor:joined thread
[3.981s] INFO:colcon.colcon_core.shell:Creating prefix script '/home/hanimn/intro_robo_ws/src/Final/install/local_setup.ps1'
[3.986s] INFO:colcon.colcon_core.shell:Creating prefix util module '/home/hanimn/intro_robo_ws/src/Final/install/_local_setup_util_ps1.py'
[3.991s] INFO:colcon.colcon_core.shell:Creating prefix chain script '/home/hanimn/intro_robo_ws/src/Final/install/setup.ps1'
[4.008s] INFO:colcon.colcon_core.shell:Creating prefix script '/home/hanimn/intro_robo_ws/src/Final/install/local_setup.sh'
[4.013s] INFO:colcon.colcon_core.shell:Creating prefix util module '/home/hanimn/intro_robo_ws/src/Final/install/_local_setup_util_sh.py'
[4.018s] INFO:colcon.colcon_core.shell:Creating prefix chain script '/home/hanimn/intro_robo_ws/src/Final/install/setup.sh'
[4.039s] INFO:colcon.colcon_core.shell:Creating prefix script '/home/hanimn/intro_robo_ws/src/Final/install/local_setup.bash'
[4.043s] INFO:colcon.colcon_core.shell:Creating prefix chain script '/home/hanimn/intro_robo_ws/src/Final/install/setup.bash'
[4.057s] INFO:colcon.colcon_core.shell:Creating prefix script '/home/hanimn/intro_robo_ws/src/Final/install/local_setup.zsh'
[4.061s] INFO:colcon.colcon_core.shell:Creating prefix chain script '/home/hanimn/intro_robo_ws/src/Final/install/setup.zsh'
