-- Found ament_cmake: 1.3.12 (/opt/ros/humble/share/ament_cmake/cmake)
-- Override CMake install command with custom implementation using symlinks instead of copying resources
-- Found ament_lint_auto: 0.12.14 (/opt/ros/humble/share/ament_lint_auto/cmake)
-- Added test 'lint_cmake' to check CMake code style
-- Added test 'xmllint' to check XML markup files
-- Configuring done
-- Generating done
-- Build files have been written to: /home/hanimn/intro_robo_ws/src/Final/build/attackdefend_interfaces
-- Install configuration: ""
-- Execute custom install script
-- Up-to-date symlink: /home/hanimn/intro_robo_ws/src/Final/install/attackdefend_interfaces/share/ament_index/resource_index/package_run_dependencies/attackdefend_interfaces
-- Up-to-date symlink: /home/hanimn/intro_robo_ws/src/Final/install/attackdefend_interfaces/share/ament_index/resource_index/parent_prefix_path/attackdefend_interfaces
-- Up-to-date symlink: /home/hanimn/intro_robo_ws/src/Final/install/attackdefend_interfaces/share/attackdefend_interfaces/environment/ament_prefix_path.sh
-- Up-to-date symlink: /home/hanimn/intro_robo_ws/src/Final/install/attackdefend_interfaces/share/attackdefend_interfaces/environment/ament_prefix_path.dsv
-- Up-to-date symlink: /home/hanimn/intro_robo_ws/src/Final/install/attackdefend_interfaces/share/attackdefend_interfaces/environment/path.sh
-- Up-to-date symlink: /home/hanimn/intro_robo_ws/src/Final/install/attackdefend_interfaces/share/attackdefend_interfaces/environment/path.dsv
-- Up-to-date symlink: /home/hanimn/intro_robo_ws/src/Final/install/attackdefend_interfaces/share/attackdefend_interfaces/local_setup.bash
-- Up-to-date symlink: /home/hanimn/intro_robo_ws/src/Final/install/attackdefend_interfaces/share/attackdefend_interfaces/local_setup.sh
-- Up-to-date symlink: /home/hanimn/intro_robo_ws/src/Final/install/attackdefend_interfaces/share/attackdefend_interfaces/local_setup.zsh
-- Up-to-date symlink: /home/hanimn/intro_robo_ws/src/Final/install/attackdefend_interfaces/share/attackdefend_interfaces/local_setup.dsv
-- Symlinking: /home/hanimn/intro_robo_ws/src/Final/install/attackdefend_interfaces/share/attackdefend_interfaces/package.dsv
-- Up-to-date symlink: /home/hanimn/intro_robo_ws/src/Final/install/attackdefend_interfaces/share/ament_index/resource_index/packages/attackdefend_interfaces
-- Up-to-date symlink: /home/hanimn/intro_robo_ws/src/Final/install/attackdefend_interfaces/share/attackdefend_interfaces/cmake/attackdefend_interfacesConfig.cmake
-- Up-to-date symlink: /home/hanimn/intro_robo_ws/src/Final/install/attackdefend_interfaces/share/attackdefend_interfaces/cmake/attackdefend_interfacesConfig-version.cmake
-- Up-to-date symlink: /home/hanimn/intro_robo_ws/src/Final/install/attackdefend_interfaces/share/attackdefend_interfaces/package.xml
