[0.139s] Invoking command in '/home/hanimn/intro_robo_ws/src/Final/build/attackdefend_interfaces': CMAKE_PREFIX_PATH=${CMAKE_PREFIX_PATH}:/home/hanimn/intro_robo_ws/src/Final/install/defendagentattack:/home/hanimn/intro_robo_ws/src/Final/src_defend_agent_attack/install/defendagentattack:/home/hanimn/intro_robo_ws/install/warmup_project:/home/hanimn/intro_robo_ws/install/q_learning_project:/home/hanimn/intro_robo_ws/install/particle_filter_project:/home/hanimn/intro_robo_ws/install/my_classifier:/home/hanimn/intro_robo_ws/install/lab_f_image_classifier:/home/hanimn/intro_robo_ws/install/lab_e_traffic_bot:/home/hanimn/intro_robo_ws/install/lab_b_line_follower:/home/hanimn/intro_robo_ws/install/lab_a_stop_at_wall:/home/hanimn/intro_robo_ws/install/lab_a_spin_circles:/home/hanimn/intro_robo_ws/install/first_ros2_nodes:/home/hanimn/intro_robo_ws/install/defendagentattack:/home/hanimn/intro_robo_ws/src/Final/install/my_classifier:/opt/ros/humble /usr/bin/cmake --build /home/hanimn/intro_robo_ws/src/Final/build/attackdefend_interfaces -- -j4 -l4
[0.632s] -- Found ament_cmake: 1.3.12 (/opt/ros/humble/share/ament_cmake/cmake)
[0.632s] -- Override CMake install command with custom implementation using symlinks instead of copying resources
[0.632s] -- Found ament_lint_auto: 0.12.14 (/opt/ros/humble/share/ament_lint_auto/cmake)
[0.660s] -- Added test 'lint_cmake' to check CMake code style
[0.668s] -- Added test 'xmllint' to check XML markup files
[0.702s] -- Configuring done
[0.824s] -- Generating done
[0.899s] -- Build files have been written to: /home/hanimn/intro_robo_ws/src/Final/build/attackdefend_interfaces
[1.134s] Invoked command in '/home/hanimn/intro_robo_ws/src/Final/build/attackdefend_interfaces' returned '0': CMAKE_PREFIX_PATH=${CMAKE_PREFIX_PATH}:/home/hanimn/intro_robo_ws/src/Final/install/defendagentattack:/home/hanimn/intro_robo_ws/src/Final/src_defend_agent_attack/install/defendagentattack:/home/hanimn/intro_robo_ws/install/warmup_project:/home/hanimn/intro_robo_ws/install/q_learning_project:/home/hanimn/intro_robo_ws/install/particle_filter_project:/home/hanimn/intro_robo_ws/install/my_classifier:/home/hanimn/intro_robo_ws/install/lab_f_image_classifier:/home/hanimn/intro_robo_ws/install/lab_e_traffic_bot:/home/hanimn/intro_robo_ws/install/lab_b_line_follower:/home/hanimn/intro_robo_ws/install/lab_a_stop_at_wall:/home/hanimn/intro_robo_ws/install/lab_a_spin_circles:/home/hanimn/intro_robo_ws/install/first_ros2_nodes:/home/hanimn/intro_robo_ws/install/defendagentattack:/home/hanimn/intro_robo_ws/src/Final/install/my_classifier:/opt/ros/humble /usr/bin/cmake --build /home/hanimn/intro_robo_ws/src/Final/build/attackdefend_interfaces -- -j4 -l4
[1.159s] Invoking command in '/home/hanimn/intro_robo_ws/src/Final/build/attackdefend_interfaces': CMAKE_PREFIX_PATH=${CMAKE_PREFIX_PATH}:/home/hanimn/intro_robo_ws/src/Final/install/defendagentattack:/home/hanimn/intro_robo_ws/src/Final/src_defend_agent_attack/install/defendagentattack:/home/hanimn/intro_robo_ws/install/warmup_project:/home/hanimn/intro_robo_ws/install/q_learning_project:/home/hanimn/intro_robo_ws/install/particle_filter_project:/home/hanimn/intro_robo_ws/install/my_classifier:/home/hanimn/intro_robo_ws/install/lab_f_image_classifier:/home/hanimn/intro_robo_ws/install/lab_e_traffic_bot:/home/hanimn/intro_robo_ws/install/lab_b_line_follower:/home/hanimn/intro_robo_ws/install/lab_a_stop_at_wall:/home/hanimn/intro_robo_ws/install/lab_a_spin_circles:/home/hanimn/intro_robo_ws/install/first_ros2_nodes:/home/hanimn/intro_robo_ws/install/defendagentattack:/home/hanimn/intro_robo_ws/src/Final/install/my_classifier:/opt/ros/humble /usr/bin/cmake --install /home/hanimn/intro_robo_ws/src/Final/build/attackdefend_interfaces
[1.174s] -- Install configuration: ""
[1.186s] -- Execute custom install script
[1.186s] -- Up-to-date symlink: /home/hanimn/intro_robo_ws/src/Final/install/attackdefend_interfaces/share/ament_index/resource_index/package_run_dependencies/attackdefend_interfaces
[1.188s] -- Up-to-date symlink: /home/hanimn/intro_robo_ws/src/Final/install/attackdefend_interfaces/share/ament_index/resource_index/parent_prefix_path/attackdefend_interfaces
[1.191s] -- Up-to-date symlink: /home/hanimn/intro_robo_ws/src/Final/install/attackdefend_interfaces/share/attackdefend_interfaces/environment/ament_prefix_path.sh
[1.194s] -- Up-to-date symlink: /home/hanimn/intro_robo_ws/src/Final/install/attackdefend_interfaces/share/attackdefend_interfaces/environment/ament_prefix_path.dsv
[1.198s] -- Up-to-date symlink: /home/hanimn/intro_robo_ws/src/Final/install/attackdefend_interfaces/share/attackdefend_interfaces/environment/path.sh
[1.200s] -- Up-to-date symlink: /home/hanimn/intro_robo_ws/src/Final/install/attackdefend_interfaces/share/attackdefend_interfaces/environment/path.dsv
[1.202s] -- Up-to-date symlink: /home/hanimn/intro_robo_ws/src/Final/install/attackdefend_interfaces/share/attackdefend_interfaces/local_setup.bash
[1.205s] -- Up-to-date symlink: /home/hanimn/intro_robo_ws/src/Final/install/attackdefend_interfaces/share/attackdefend_interfaces/local_setup.sh
[1.207s] -- Up-to-date symlink: /home/hanimn/intro_robo_ws/src/Final/install/attackdefend_interfaces/share/attackdefend_interfaces/local_setup.zsh
[1.209s] -- Up-to-date symlink: /home/hanimn/intro_robo_ws/src/Final/install/attackdefend_interfaces/share/attackdefend_interfaces/local_setup.dsv
[1.212s] -- Symlinking: /home/hanimn/intro_robo_ws/src/Final/install/attackdefend_interfaces/share/attackdefend_interfaces/package.dsv
[1.242s] -- Up-to-date symlink: /home/hanimn/intro_robo_ws/src/Final/install/attackdefend_interfaces/share/ament_index/resource_index/packages/attackdefend_interfaces
[1.245s] -- Up-to-date symlink: /home/hanimn/intro_robo_ws/src/Final/install/attackdefend_interfaces/share/attackdefend_interfaces/cmake/attackdefend_interfacesConfig.cmake
[1.247s] -- Up-to-date symlink: /home/hanimn/intro_robo_ws/src/Final/install/attackdefend_interfaces/share/attackdefend_interfaces/cmake/attackdefend_interfacesConfig-version.cmake
[1.249s] -- Up-to-date symlink: /home/hanimn/intro_robo_ws/src/Final/install/attackdefend_interfaces/share/attackdefend_interfaces/package.xml
[1.254s] Invoked command in '/home/hanimn/intro_robo_ws/src/Final/build/attackdefend_interfaces' returned '0': CMAKE_PREFIX_PATH=${CMAKE_PREFIX_PATH}:/home/hanimn/intro_robo_ws/src/Final/install/defendagentattack:/home/hanimn/intro_robo_ws/src/Final/src_defend_agent_attack/install/defendagentattack:/home/hanimn/intro_robo_ws/install/warmup_project:/home/hanimn/intro_robo_ws/install/q_learning_project:/home/hanimn/intro_robo_ws/install/particle_filter_project:/home/hanimn/intro_robo_ws/install/my_classifier:/home/hanimn/intro_robo_ws/install/lab_f_image_classifier:/home/hanimn/intro_robo_ws/install/lab_e_traffic_bot:/home/hanimn/intro_robo_ws/install/lab_b_line_follower:/home/hanimn/intro_robo_ws/install/lab_a_stop_at_wall:/home/hanimn/intro_robo_ws/install/lab_a_spin_circles:/home/hanimn/intro_robo_ws/install/first_ros2_nodes:/home/hanimn/intro_robo_ws/install/defendagentattack:/home/hanimn/intro_robo_ws/src/Final/install/my_classifier:/opt/ros/humble /usr/bin/cmake --install /home/hanimn/intro_robo_ws/src/Final/build/attackdefend_interfaces
