[0.214s] Invoking command in '/home/hanimn/intro_robo_ws/src/Final/build/attackdefend_interfaces': CMAKE_PREFIX_PATH=${CMAKE_PREFIX_PATH}:/home/hanimn/intro_robo_ws/src/install/warmup_project:/home/hanimn/intro_robo_ws/src/install/q_learning_project:/home/hanimn/intro_robo_ws/src/install/particle_filter_project:/home/hanimn/intro_robo_ws/src/install/my_classifier:/home/hanimn/intro_robo_ws/src/install/lab_f_image_classifier:/home/hanimn/intro_robo_ws/src/install/lab_e_traffic_bot:/home/hanimn/intro_robo_ws/src/install/lab_b_line_follower:/home/hanimn/intro_robo_ws/src/install/lab_a_stop_at_wall:/home/hanimn/intro_robo_ws/src/install/lab_a_spin_circles:/home/hanimn/intro_robo_ws/src/install/first_ros2_nodes:/home/hanimn/intro_robo_ws/src/install/defendagentattack:/home/hanimn/intro_robo_ws/install/my_classifier:/home/hanimn/intro_robo_ws/install/defendagentattack:/home/hanimn/intro_robo_ws/install/warmup_project:/home/hanimn/intro_robo_ws/install/q_learning_project:/home/hanimn/intro_robo_ws/install/particle_filter_project:/home/hanimn/intro_robo_ws/install/lab_f_image_classifier:/home/hanimn/intro_robo_ws/install/lab_e_traffic_bot:/home/hanimn/intro_robo_ws/install/lab_b_line_follower:/home/hanimn/intro_robo_ws/install/lab_a_stop_at_wall:/home/hanimn/intro_robo_ws/install/lab_a_spin_circles:/home/hanimn/intro_robo_ws/install/first_ros2_nodes:/home/hanimn/intro_robo_ws/install/DefendAgentAttack:/opt/ros/humble /usr/bin/cmake /home/hanimn/intro_robo_ws/src/Final/attackdefend_interfaces -DAMENT_CMAKE_SYMLINK_INSTALL=1 -DCMAKE_INSTALL_PREFIX=/home/hanimn/intro_robo_ws/src/Final/install/attackdefend_interfaces
[0.827s] -- The C compiler identification is GNU 11.4.0
[0.827s] -- The CXX compiler identification is GNU 11.4.0
[0.827s] -- Detecting C compiler ABI info
[0.905s] -- Detecting C compiler ABI info - done
[0.919s] -- Check for working C compiler: /usr/bin/cc - skipped
[0.919s] -- Detecting C compile features
[0.919s] -- Detecting C compile features - done
[0.945s] -- Detecting CXX compiler ABI info
[1.237s] -- Detecting CXX compiler ABI info - done
[1.253s] -- Check for working CXX compiler: /usr/bin/c++ - skipped
[1.253s] -- Detecting CXX compile features
[1.254s] -- Detecting CXX compile features - done
[1.473s] -- Found ament_cmake: 1.3.12 (/opt/ros/humble/share/ament_cmake/cmake)
[2.258s] -- Found Python3: /usr/bin/python3 (found version "3.10.12") found components: Interpreter 
[2.448s] -- Override CMake install command with custom implementation using symlinks instead of copying resources
[5.117s] -- Found ament_lint_auto: 0.12.14 (/opt/ros/humble/share/ament_lint_auto/cmake)
[6.743s] -- Added test 'lint_cmake' to check CMake code style
[6.766s] -- Added test 'xmllint' to check XML markup files
[6.857s] -- Configuring done
[7.031s] -- Generating done
[7.139s] -- Build files have been written to: /home/hanimn/intro_robo_ws/src/Final/build/attackdefend_interfaces
[7.144s] Invoked command in '/home/hanimn/intro_robo_ws/src/Final/build/attackdefend_interfaces' returned '0': CMAKE_PREFIX_PATH=${CMAKE_PREFIX_PATH}:/home/hanimn/intro_robo_ws/src/install/warmup_project:/home/hanimn/intro_robo_ws/src/install/q_learning_project:/home/hanimn/intro_robo_ws/src/install/particle_filter_project:/home/hanimn/intro_robo_ws/src/install/my_classifier:/home/hanimn/intro_robo_ws/src/install/lab_f_image_classifier:/home/hanimn/intro_robo_ws/src/install/lab_e_traffic_bot:/home/hanimn/intro_robo_ws/src/install/lab_b_line_follower:/home/hanimn/intro_robo_ws/src/install/lab_a_stop_at_wall:/home/hanimn/intro_robo_ws/src/install/lab_a_spin_circles:/home/hanimn/intro_robo_ws/src/install/first_ros2_nodes:/home/hanimn/intro_robo_ws/src/install/defendagentattack:/home/hanimn/intro_robo_ws/install/my_classifier:/home/hanimn/intro_robo_ws/install/defendagentattack:/home/hanimn/intro_robo_ws/install/warmup_project:/home/hanimn/intro_robo_ws/install/q_learning_project:/home/hanimn/intro_robo_ws/install/particle_filter_project:/home/hanimn/intro_robo_ws/install/lab_f_image_classifier:/home/hanimn/intro_robo_ws/install/lab_e_traffic_bot:/home/hanimn/intro_robo_ws/install/lab_b_line_follower:/home/hanimn/intro_robo_ws/install/lab_a_stop_at_wall:/home/hanimn/intro_robo_ws/install/lab_a_spin_circles:/home/hanimn/intro_robo_ws/install/first_ros2_nodes:/home/hanimn/intro_robo_ws/install/DefendAgentAttack:/opt/ros/humble /usr/bin/cmake /home/hanimn/intro_robo_ws/src/Final/attackdefend_interfaces -DAMENT_CMAKE_SYMLINK_INSTALL=1 -DCMAKE_INSTALL_PREFIX=/home/hanimn/intro_robo_ws/src/Final/install/attackdefend_interfaces
[7.183s] Invoking command in '/home/hanimn/intro_robo_ws/src/Final/build/attackdefend_interfaces': CMAKE_PREFIX_PATH=${CMAKE_PREFIX_PATH}:/home/hanimn/intro_robo_ws/src/install/warmup_project:/home/hanimn/intro_robo_ws/src/install/q_learning_project:/home/hanimn/intro_robo_ws/src/install/particle_filter_project:/home/hanimn/intro_robo_ws/src/install/my_classifier:/home/hanimn/intro_robo_ws/src/install/lab_f_image_classifier:/home/hanimn/intro_robo_ws/src/install/lab_e_traffic_bot:/home/hanimn/intro_robo_ws/src/install/lab_b_line_follower:/home/hanimn/intro_robo_ws/src/install/lab_a_stop_at_wall:/home/hanimn/intro_robo_ws/src/install/lab_a_spin_circles:/home/hanimn/intro_robo_ws/src/install/first_ros2_nodes:/home/hanimn/intro_robo_ws/src/install/defendagentattack:/home/hanimn/intro_robo_ws/install/my_classifier:/home/hanimn/intro_robo_ws/install/defendagentattack:/home/hanimn/intro_robo_ws/install/warmup_project:/home/hanimn/intro_robo_ws/install/q_learning_project:/home/hanimn/intro_robo_ws/install/particle_filter_project:/home/hanimn/intro_robo_ws/install/lab_f_image_classifier:/home/hanimn/intro_robo_ws/install/lab_e_traffic_bot:/home/hanimn/intro_robo_ws/install/lab_b_line_follower:/home/hanimn/intro_robo_ws/install/lab_a_stop_at_wall:/home/hanimn/intro_robo_ws/install/lab_a_spin_circles:/home/hanimn/intro_robo_ws/install/first_ros2_nodes:/home/hanimn/intro_robo_ws/install/DefendAgentAttack:/opt/ros/humble /usr/bin/cmake --build /home/hanimn/intro_robo_ws/src/Final/build/attackdefend_interfaces -- -j4 -l4
[7.246s] Invoked command in '/home/hanimn/intro_robo_ws/src/Final/build/attackdefend_interfaces' returned '0': CMAKE_PREFIX_PATH=${CMAKE_PREFIX_PATH}:/home/hanimn/intro_robo_ws/src/install/warmup_project:/home/hanimn/intro_robo_ws/src/install/q_learning_project:/home/hanimn/intro_robo_ws/src/install/particle_filter_project:/home/hanimn/intro_robo_ws/src/install/my_classifier:/home/hanimn/intro_robo_ws/src/install/lab_f_image_classifier:/home/hanimn/intro_robo_ws/src/install/lab_e_traffic_bot:/home/hanimn/intro_robo_ws/src/install/lab_b_line_follower:/home/hanimn/intro_robo_ws/src/install/lab_a_stop_at_wall:/home/hanimn/intro_robo_ws/src/install/lab_a_spin_circles:/home/hanimn/intro_robo_ws/src/install/first_ros2_nodes:/home/hanimn/intro_robo_ws/src/install/defendagentattack:/home/hanimn/intro_robo_ws/install/my_classifier:/home/hanimn/intro_robo_ws/install/defendagentattack:/home/hanimn/intro_robo_ws/install/warmup_project:/home/hanimn/intro_robo_ws/install/q_learning_project:/home/hanimn/intro_robo_ws/install/particle_filter_project:/home/hanimn/intro_robo_ws/install/lab_f_image_classifier:/home/hanimn/intro_robo_ws/install/lab_e_traffic_bot:/home/hanimn/intro_robo_ws/install/lab_b_line_follower:/home/hanimn/intro_robo_ws/install/lab_a_stop_at_wall:/home/hanimn/intro_robo_ws/install/lab_a_spin_circles:/home/hanimn/intro_robo_ws/install/first_ros2_nodes:/home/hanimn/intro_robo_ws/install/DefendAgentAttack:/opt/ros/humble /usr/bin/cmake --build /home/hanimn/intro_robo_ws/src/Final/build/attackdefend_interfaces -- -j4 -l4
[7.280s] Invoking command in '/home/hanimn/intro_robo_ws/src/Final/build/attackdefend_interfaces': CMAKE_PREFIX_PATH=${CMAKE_PREFIX_PATH}:/home/hanimn/intro_robo_ws/src/install/warmup_project:/home/hanimn/intro_robo_ws/src/install/q_learning_project:/home/hanimn/intro_robo_ws/src/install/particle_filter_project:/home/hanimn/intro_robo_ws/src/install/my_classifier:/home/hanimn/intro_robo_ws/src/install/lab_f_image_classifier:/home/hanimn/intro_robo_ws/src/install/lab_e_traffic_bot:/home/hanimn/intro_robo_ws/src/install/lab_b_line_follower:/home/hanimn/intro_robo_ws/src/install/lab_a_stop_at_wall:/home/hanimn/intro_robo_ws/src/install/lab_a_spin_circles:/home/hanimn/intro_robo_ws/src/install/first_ros2_nodes:/home/hanimn/intro_robo_ws/src/install/defendagentattack:/home/hanimn/intro_robo_ws/install/my_classifier:/home/hanimn/intro_robo_ws/install/defendagentattack:/home/hanimn/intro_robo_ws/install/warmup_project:/home/hanimn/intro_robo_ws/install/q_learning_project:/home/hanimn/intro_robo_ws/install/particle_filter_project:/home/hanimn/intro_robo_ws/install/lab_f_image_classifier:/home/hanimn/intro_robo_ws/install/lab_e_traffic_bot:/home/hanimn/intro_robo_ws/install/lab_b_line_follower:/home/hanimn/intro_robo_ws/install/lab_a_stop_at_wall:/home/hanimn/intro_robo_ws/install/lab_a_spin_circles:/home/hanimn/intro_robo_ws/install/first_ros2_nodes:/home/hanimn/intro_robo_ws/install/DefendAgentAttack:/opt/ros/humble /usr/bin/cmake --install /home/hanimn/intro_robo_ws/src/Final/build/attackdefend_interfaces
[7.290s] -- Install configuration: ""
[7.296s] -- Execute custom install script
[7.310s] -- Symlinking: /home/hanimn/intro_robo_ws/src/Final/install/attackdefend_interfaces/share/ament_index/resource_index/package_run_dependencies/attackdefend_interfaces
[7.332s] -- Symlinking: /home/hanimn/intro_robo_ws/src/Final/install/attackdefend_interfaces/share/ament_index/resource_index/parent_prefix_path/attackdefend_interfaces
[7.354s] -- Symlinking: /home/hanimn/intro_robo_ws/src/Final/install/attackdefend_interfaces/share/attackdefend_interfaces/environment/ament_prefix_path.sh
[7.368s] -- Symlinking: /home/hanimn/intro_robo_ws/src/Final/install/attackdefend_interfaces/share/attackdefend_interfaces/environment/ament_prefix_path.dsv
[7.384s] -- Symlinking: /home/hanimn/intro_robo_ws/src/Final/install/attackdefend_interfaces/share/attackdefend_interfaces/environment/path.sh
[7.397s] -- Symlinking: /home/hanimn/intro_robo_ws/src/Final/install/attackdefend_interfaces/share/attackdefend_interfaces/environment/path.dsv
[7.411s] -- Symlinking: /home/hanimn/intro_robo_ws/src/Final/install/attackdefend_interfaces/share/attackdefend_interfaces/local_setup.bash
[7.427s] -- Symlinking: /home/hanimn/intro_robo_ws/src/Final/install/attackdefend_interfaces/share/attackdefend_interfaces/local_setup.sh
[7.443s] -- Symlinking: /home/hanimn/intro_robo_ws/src/Final/install/attackdefend_interfaces/share/attackdefend_interfaces/local_setup.zsh
[7.457s] -- Symlinking: /home/hanimn/intro_robo_ws/src/Final/install/attackdefend_interfaces/share/attackdefend_interfaces/local_setup.dsv
[7.470s] -- Symlinking: /home/hanimn/intro_robo_ws/src/Final/install/attackdefend_interfaces/share/attackdefend_interfaces/package.dsv
[7.491s] -- Symlinking: /home/hanimn/intro_robo_ws/src/Final/install/attackdefend_interfaces/share/ament_index/resource_index/packages/attackdefend_interfaces
[7.512s] -- Symlinking: /home/hanimn/intro_robo_ws/src/Final/install/attackdefend_interfaces/share/attackdefend_interfaces/cmake/attackdefend_interfacesConfig.cmake
[7.527s] -- Symlinking: /home/hanimn/intro_robo_ws/src/Final/install/attackdefend_interfaces/share/attackdefend_interfaces/cmake/attackdefend_interfacesConfig-version.cmake
[7.543s] -- Symlinking: /home/hanimn/intro_robo_ws/src/Final/install/attackdefend_interfaces/share/attackdefend_interfaces/package.xml
[7.560s] Invoked command in '/home/hanimn/intro_robo_ws/src/Final/build/attackdefend_interfaces' returned '0': CMAKE_PREFIX_PATH=${CMAKE_PREFIX_PATH}:/home/hanimn/intro_robo_ws/src/install/warmup_project:/home/hanimn/intro_robo_ws/src/install/q_learning_project:/home/hanimn/intro_robo_ws/src/install/particle_filter_project:/home/hanimn/intro_robo_ws/src/install/my_classifier:/home/hanimn/intro_robo_ws/src/install/lab_f_image_classifier:/home/hanimn/intro_robo_ws/src/install/lab_e_traffic_bot:/home/hanimn/intro_robo_ws/src/install/lab_b_line_follower:/home/hanimn/intro_robo_ws/src/install/lab_a_stop_at_wall:/home/hanimn/intro_robo_ws/src/install/lab_a_spin_circles:/home/hanimn/intro_robo_ws/src/install/first_ros2_nodes:/home/hanimn/intro_robo_ws/src/install/defendagentattack:/home/hanimn/intro_robo_ws/install/my_classifier:/home/hanimn/intro_robo_ws/install/defendagentattack:/home/hanimn/intro_robo_ws/install/warmup_project:/home/hanimn/intro_robo_ws/install/q_learning_project:/home/hanimn/intro_robo_ws/install/particle_filter_project:/home/hanimn/intro_robo_ws/install/lab_f_image_classifier:/home/hanimn/intro_robo_ws/install/lab_e_traffic_bot:/home/hanimn/intro_robo_ws/install/lab_b_line_follower:/home/hanimn/intro_robo_ws/install/lab_a_stop_at_wall:/home/hanimn/intro_robo_ws/install/lab_a_spin_circles:/home/hanimn/intro_robo_ws/install/first_ros2_nodes:/home/hanimn/intro_robo_ws/install/DefendAgentAttack:/opt/ros/humble /usr/bin/cmake --install /home/hanimn/intro_robo_ws/src/Final/build/attackdefend_interfaces
