[0.159s] DEBUG:colcon:Command line arguments: ['/usr/bin/colcon', 'build']
[0.159s] DEBUG:colcon:Parsed command line arguments: Namespace(log_base=None, log_level=None, verb_name='build', build_base='build', install_base='install', merge_install=False, symlink_install=False, test_result_base=None, continue_on_error=False, executor='parallel', parallel_workers=4, event_handlers=None, ignore_user_meta=False, metas=['./colcon.meta'], base_paths=['.'], packages_ignore=None, packages_ignore_regex=None, paths=None, packages_up_to=None, packages_up_to_regex=None, packages_above=None, packages_above_and_dependencies=None, packages_above_depth=None, packages_select_by_dep=None, packages_skip_by_dep=None, packages_skip_up_to=None, packages_select_build_failed=False, packages_skip_build_finished=False, packages_select_test_failures=False, packages_skip_test_passed=False, packages_select=None, packages_skip=None, packages_select_regex=None, packages_skip_regex=None, packages_start=None, packages_end=None, allow_overriding=[], cmake_args=None, cmake_target=None, cmake_target_skip_unavailable=False, cmake_clean_cache=False, cmake_clean_first=False, cmake_force_configure=False, ament_cmake_args=None, catkin_cmake_args=None, catkin_skip_building_tests=False, verb_parser=<colcon_defaults.argument_parser.defaults.DefaultArgumentsDecorator object at 0x756ec6989060>, verb_extension=<colcon_core.verb.build.BuildVerb object at 0x756ec6a7e4a0>, main=<bound method BuildVerb.main of <colcon_core.verb.build.BuildVerb object at 0x756ec6a7e4a0>>)
[0.421s] Level 1:colcon.colcon_core.package_discovery:discover_packages(colcon_meta) check parameters
[0.421s] Level 1:colcon.colcon_core.package_discovery:discover_packages(recursive) check parameters
[0.421s] Level 1:colcon.colcon_core.package_discovery:discover_packages(ignore) check parameters
[0.421s] Level 1:colcon.colcon_core.package_discovery:discover_packages(path) check parameters
[0.421s] Level 1:colcon.colcon_core.package_discovery:discover_packages(colcon_meta) discover
[0.421s] Level 1:colcon.colcon_core.package_discovery:discover_packages(recursive) discover
[0.421s] INFO:colcon.colcon_core.package_discovery:Crawling recursively for packages in '/home/clarkd26/intro_robo_ws/src/Final'
[0.422s] Level 1:colcon.colcon_core.package_identification:_identify(.) by extensions ['ignore', 'ignore_ament_install']
[0.422s] Level 1:colcon.colcon_core.package_identification:_identify(.) by extension 'ignore'
[0.422s] Level 1:colcon.colcon_core.package_identification:_identify(.) by extension 'ignore_ament_install'
[0.422s] Level 1:colcon.colcon_core.package_identification:_identify(.) by extensions ['colcon_pkg']
[0.422s] Level 1:colcon.colcon_core.package_identification:_identify(.) by extension 'colcon_pkg'
[0.422s] Level 1:colcon.colcon_core.package_identification:_identify(.) by extensions ['colcon_meta']
[0.422s] Level 1:colcon.colcon_core.package_identification:_identify(.) by extension 'colcon_meta'
[0.422s] Level 1:colcon.colcon_core.package_identification:_identify(.) by extensions ['ros']
[0.422s] Level 1:colcon.colcon_core.package_identification:_identify(.) by extension 'ros'
[0.430s] Level 1:colcon.colcon_core.package_identification:_identify(.) by extensions ['cmake', 'python']
[0.430s] Level 1:colcon.colcon_core.package_identification:_identify(.) by extension 'cmake'
[0.430s] Level 1:colcon.colcon_core.package_identification:_identify(.) by extension 'python'
[0.430s] Level 1:colcon.colcon_core.package_identification:_identify(.) by extensions ['python_setup_py']
[0.430s] Level 1:colcon.colcon_core.package_identification:_identify(.) by extension 'python_setup_py'
[0.431s] Level 1:colcon.colcon_core.package_identification:_identify(build) by extensions ['ignore', 'ignore_ament_install']
[0.431s] Level 1:colcon.colcon_core.package_identification:_identify(build) by extension 'ignore'
[0.431s] Level 1:colcon.colcon_core.package_identification:_identify(build) ignored
[0.431s] Level 1:colcon.colcon_core.package_identification:_identify(install) by extensions ['ignore', 'ignore_ament_install']
[0.431s] Level 1:colcon.colcon_core.package_identification:_identify(install) by extension 'ignore'
[0.431s] Level 1:colcon.colcon_core.package_identification:_identify(install) ignored
[0.432s] Level 1:colcon.colcon_core.package_identification:_identify(log) by extensions ['ignore', 'ignore_ament_install']
[0.432s] Level 1:colcon.colcon_core.package_identification:_identify(log) by extension 'ignore'
[0.432s] Level 1:colcon.colcon_core.package_identification:_identify(log) ignored
[0.432s] Level 1:colcon.colcon_core.package_identification:_identify(my_classifier) by extensions ['ignore', 'ignore_ament_install']
[0.432s] Level 1:colcon.colcon_core.package_identification:_identify(my_classifier) by extension 'ignore'
[0.433s] Level 1:colcon.colcon_core.package_identification:_identify(my_classifier) by extension 'ignore_ament_install'
[0.433s] Level 1:colcon.colcon_core.package_identification:_identify(my_classifier) by extensions ['colcon_pkg']
[0.433s] Level 1:colcon.colcon_core.package_identification:_identify(my_classifier) by extension 'colcon_pkg'
[0.433s] Level 1:colcon.colcon_core.package_identification:_identify(my_classifier) by extensions ['colcon_meta']
[0.433s] Level 1:colcon.colcon_core.package_identification:_identify(my_classifier) by extension 'colcon_meta'
[0.433s] Level 1:colcon.colcon_core.package_identification:_identify(my_classifier) by extensions ['ros']
[0.433s] Level 1:colcon.colcon_core.package_identification:_identify(my_classifier) by extension 'ros'
[0.440s] DEBUG:colcon.colcon_core.package_identification:Package 'my_classifier' with type 'ros.ament_python' and name 'my_classifier'
[0.440s] Level 1:colcon.colcon_core.package_discovery:discover_packages(recursive) using defaults
[0.440s] Level 1:colcon.colcon_core.package_discovery:discover_packages(ignore) discover
[0.440s] Level 1:colcon.colcon_core.package_discovery:discover_packages(ignore) using defaults
[0.440s] Level 1:colcon.colcon_core.package_discovery:discover_packages(path) discover
[0.440s] Level 1:colcon.colcon_core.package_discovery:discover_packages(path) using defaults
[0.469s] Level 1:colcon.colcon_core.package_discovery:discover_packages(prefix_path) check parameters
[0.469s] Level 1:colcon.colcon_core.package_discovery:discover_packages(prefix_path) discover
[0.498s] DEBUG:colcon.colcon_installed_package_information.package_discovery:Found 1 installed packages in /home/clarkd26/intro_robo_ws/src/Final/install
[0.527s] DEBUG:colcon.colcon_installed_package_information.package_discovery:Found 16 installed packages in /home/clarkd26/intro_robo_ws/install
[0.554s] DEBUG:colcon.colcon_installed_package_information.package_discovery:Found 18 installed packages in /home/clarkd26/intro_robo_ws/src/install
[0.557s] DEBUG:colcon.colcon_installed_package_information.package_discovery:Found 452 installed packages in /opt/ros/humble
[0.559s] Level 1:colcon.colcon_core.package_discovery:discover_packages(prefix_path) using defaults
[0.770s] Level 5:colcon.colcon_core.verb:set package 'my_classifier' build argument 'cmake_args' from command line to 'None'
[0.770s] Level 5:colcon.colcon_core.verb:set package 'my_classifier' build argument 'cmake_target' from command line to 'None'
[0.770s] Level 5:colcon.colcon_core.verb:set package 'my_classifier' build argument 'cmake_target_skip_unavailable' from command line to 'False'
[0.770s] Level 5:colcon.colcon_core.verb:set package 'my_classifier' build argument 'cmake_clean_cache' from command line to 'False'
[0.770s] Level 5:colcon.colcon_core.verb:set package 'my_classifier' build argument 'cmake_clean_first' from command line to 'False'
[0.770s] Level 5:colcon.colcon_core.verb:set package 'my_classifier' build argument 'cmake_force_configure' from command line to 'False'
[0.770s] Level 5:colcon.colcon_core.verb:set package 'my_classifier' build argument 'ament_cmake_args' from command line to 'None'
[0.770s] Level 5:colcon.colcon_core.verb:set package 'my_classifier' build argument 'catkin_cmake_args' from command line to 'None'
[0.770s] Level 5:colcon.colcon_core.verb:set package 'my_classifier' build argument 'catkin_skip_building_tests' from command line to 'False'
[0.770s] DEBUG:colcon.colcon_core.verb:Building package 'my_classifier' with the following arguments: {'ament_cmake_args': None, 'build_base': '/home/clarkd26/intro_robo_ws/src/Final/build/my_classifier', 'catkin_cmake_args': None, 'catkin_skip_building_tests': False, 'cmake_args': None, 'cmake_clean_cache': False, 'cmake_clean_first': False, 'cmake_force_configure': False, 'cmake_target': None, 'cmake_target_skip_unavailable': False, 'install_base': '/home/clarkd26/intro_robo_ws/src/Final/install/my_classifier', 'merge_install': False, 'path': '/home/clarkd26/intro_robo_ws/src/Final/my_classifier', 'symlink_install': False, 'test_result_base': None}
[0.770s] INFO:colcon.colcon_core.executor:Executing jobs using 'parallel' executor
[0.771s] DEBUG:colcon.colcon_parallel_executor.executor.parallel:run_until_complete
[0.771s] INFO:colcon.colcon_ros.task.ament_python.build:Building ROS package in '/home/clarkd26/intro_robo_ws/src/Final/my_classifier' with build type 'ament_python'
[0.771s] Level 1:colcon.colcon_core.shell:create_environment_hook('my_classifier', 'ament_prefix_path')
[0.774s] INFO:colcon.colcon_core.plugin_system:Skipping extension 'colcon_core.shell.bat': Not used on non-Windows systems
[0.774s] INFO:colcon.colcon_core.shell:Creating environment hook '/home/clarkd26/intro_robo_ws/src/Final/install/my_classifier/share/my_classifier/hook/ament_prefix_path.ps1'
[0.782s] INFO:colcon.colcon_core.shell:Creating environment descriptor '/home/clarkd26/intro_robo_ws/src/Final/install/my_classifier/share/my_classifier/hook/ament_prefix_path.dsv'
[0.788s] INFO:colcon.colcon_core.shell:Creating environment hook '/home/clarkd26/intro_robo_ws/src/Final/install/my_classifier/share/my_classifier/hook/ament_prefix_path.sh'
[0.797s] INFO:colcon.colcon_core.shell:Skip shell extension 'powershell' for command environment: Not usable outside of PowerShell
[0.797s] DEBUG:colcon.colcon_core.shell:Skip shell extension 'dsv' for command environment
[1.141s] INFO:colcon.colcon_core.task.python.build:Building Python package in '/home/clarkd26/intro_robo_ws/src/Final/my_classifier'
[1.141s] INFO:colcon.colcon_core.shell:Skip shell extension 'powershell' for command environment: Not usable outside of PowerShell
[1.141s] DEBUG:colcon.colcon_core.shell:Skip shell extension 'dsv' for command environment
[1.749s] DEBUG:colcon.colcon_core.event_handler.log_command:Invoking command in '/home/clarkd26/intro_robo_ws/src/Final/my_classifier': PYTHONPATH=/home/clarkd26/intro_robo_ws/src/Final/build/my_classifier/prefix_override:/usr/lib/python3/dist-packages/colcon_core/task/python/colcon_distutils_commands:/home/clarkd26/intro_robo_ws/src/Final/install/my_classifier/lib/python3.10/site-packages:${PYTHONPATH} /usr/bin/python3 -W ignore:setup.py install is deprecated -W ignore:easy_install command is deprecated setup.py egg_info --egg-base ../build/my_classifier build --build-base /home/clarkd26/intro_robo_ws/src/Final/build/my_classifier/build install --record /home/clarkd26/intro_robo_ws/src/Final/build/my_classifier/install.log --single-version-externally-managed install_data
[2.286s] DEBUG:colcon.colcon_core.event_handler.log_command:Invoked command in '/home/clarkd26/intro_robo_ws/src/Final/my_classifier' returned '0': PYTHONPATH=/home/clarkd26/intro_robo_ws/src/Final/build/my_classifier/prefix_override:/usr/lib/python3/dist-packages/colcon_core/task/python/colcon_distutils_commands:/home/clarkd26/intro_robo_ws/src/Final/install/my_classifier/lib/python3.10/site-packages:${PYTHONPATH} /usr/bin/python3 -W ignore:setup.py install is deprecated -W ignore:easy_install command is deprecated setup.py egg_info --egg-base ../build/my_classifier build --build-base /home/clarkd26/intro_robo_ws/src/Final/build/my_classifier/build install --record /home/clarkd26/intro_robo_ws/src/Final/build/my_classifier/install.log --single-version-externally-managed install_data
[2.289s] Level 1:colcon.colcon_core.environment:checking '/home/clarkd26/intro_robo_ws/src/Final/install/my_classifier' for CMake module files
[2.293s] Level 1:colcon.colcon_core.environment:checking '/home/clarkd26/intro_robo_ws/src/Final/install/my_classifier' for CMake config files
[2.302s] Level 1:colcon.colcon_core.environment:checking '/home/clarkd26/intro_robo_ws/src/Final/install/my_classifier/lib'
[2.303s] Level 1:colcon.colcon_core.environment:checking '/home/clarkd26/intro_robo_ws/src/Final/install/my_classifier/bin'
[2.303s] Level 1:colcon.colcon_core.environment:checking '/home/clarkd26/intro_robo_ws/src/Final/install/my_classifier/lib/pkgconfig/my_classifier.pc'
[2.303s] Level 1:colcon.colcon_core.environment:checking '/home/clarkd26/intro_robo_ws/src/Final/install/my_classifier/lib/python3.10/site-packages'
[2.303s] Level 1:colcon.colcon_core.shell:create_environment_hook('my_classifier', 'pythonpath')
[2.303s] INFO:colcon.colcon_core.shell:Creating environment hook '/home/clarkd26/intro_robo_ws/src/Final/install/my_classifier/share/my_classifier/hook/pythonpath.ps1'
[2.311s] INFO:colcon.colcon_core.shell:Creating environment descriptor '/home/clarkd26/intro_robo_ws/src/Final/install/my_classifier/share/my_classifier/hook/pythonpath.dsv'
[2.327s] INFO:colcon.colcon_core.shell:Creating environment hook '/home/clarkd26/intro_robo_ws/src/Final/install/my_classifier/share/my_classifier/hook/pythonpath.sh'
[2.336s] Level 1:colcon.colcon_core.environment:checking '/home/clarkd26/intro_robo_ws/src/Final/install/my_classifier/bin'
[2.336s] Level 1:colcon.colcon_core.environment:create_environment_scripts_only(my_classifier)
[2.336s] INFO:colcon.colcon_core.shell:Creating package script '/home/clarkd26/intro_robo_ws/src/Final/install/my_classifier/share/my_classifier/package.ps1'
[2.344s] INFO:colcon.colcon_core.shell:Creating package descriptor '/home/clarkd26/intro_robo_ws/src/Final/install/my_classifier/share/my_classifier/package.dsv'
[2.351s] INFO:colcon.colcon_core.shell:Creating package script '/home/clarkd26/intro_robo_ws/src/Final/install/my_classifier/share/my_classifier/package.sh'
[2.357s] INFO:colcon.colcon_core.shell:Creating package script '/home/clarkd26/intro_robo_ws/src/Final/install/my_classifier/share/my_classifier/package.bash'
[2.364s] INFO:colcon.colcon_core.shell:Creating package script '/home/clarkd26/intro_robo_ws/src/Final/install/my_classifier/share/my_classifier/package.zsh'
[2.370s] Level 1:colcon.colcon_core.environment:create_file_with_runtime_dependencies(/home/clarkd26/intro_robo_ws/src/Final/install/my_classifier/share/colcon-core/packages/my_classifier)
[2.376s] DEBUG:colcon.colcon_parallel_executor.executor.parallel:closing loop
[2.376s] DEBUG:colcon.colcon_parallel_executor.executor.parallel:loop closed
[2.377s] DEBUG:colcon.colcon_parallel_executor.executor.parallel:run_until_complete finished with '0'
[2.377s] DEBUG:colcon.colcon_core.event_reactor:joining thread
[2.422s] INFO:colcon.colcon_core.plugin_system:Skipping extension 'colcon_notification.desktop_notification.terminal_notifier': Not used on non-Darwin systems
[2.422s] INFO:colcon.colcon_core.plugin_system:Skipping extension 'colcon_notification.desktop_notification.win32': Not used on non-Windows systems
[2.422s] INFO:colcon.colcon_notification.desktop_notification:Sending desktop notification using 'notify2'
[2.488s] DEBUG:colcon.colcon_core.event_reactor:joined thread
[2.488s] INFO:colcon.colcon_core.shell:Creating prefix script '/home/clarkd26/intro_robo_ws/src/Final/install/local_setup.ps1'
[2.498s] INFO:colcon.colcon_core.shell:Creating prefix util module '/home/clarkd26/intro_robo_ws/src/Final/install/_local_setup_util_ps1.py'
[2.519s] INFO:colcon.colcon_core.shell:Creating prefix chain script '/home/clarkd26/intro_robo_ws/src/Final/install/setup.ps1'
[2.542s] INFO:colcon.colcon_core.shell:Creating prefix script '/home/clarkd26/intro_robo_ws/src/Final/install/local_setup.sh'
[2.549s] INFO:colcon.colcon_core.shell:Creating prefix util module '/home/clarkd26/intro_robo_ws/src/Final/install/_local_setup_util_sh.py'
[2.565s] INFO:colcon.colcon_core.shell:Creating prefix chain script '/home/clarkd26/intro_robo_ws/src/Final/install/setup.sh'
[2.587s] INFO:colcon.colcon_core.shell:Creating prefix script '/home/clarkd26/intro_robo_ws/src/Final/install/local_setup.bash'
[2.593s] INFO:colcon.colcon_core.shell:Creating prefix chain script '/home/clarkd26/intro_robo_ws/src/Final/install/setup.bash'
[2.613s] INFO:colcon.colcon_core.shell:Creating prefix script '/home/clarkd26/intro_robo_ws/src/Final/install/local_setup.zsh'
[2.621s] INFO:colcon.colcon_core.shell:Creating prefix chain script '/home/clarkd26/intro_robo_ws/src/Final/install/setup.zsh'
